#
# There is insufficient memory for the Java Runtime Environment to continue.
# Native memory allocation (malloc) failed to allocate 348976 bytes for Chunk::new
# Possible reasons:
#   The system is out of physical RAM or swap space
#   The process is running with CompressedOops enabled, and the Java Heap may be blocking the growth of the native heap
# Possible solutions:
#   Reduce memory load on the system
#   Increase physical memory or swap space
#   Check if swap backing store is full
#   Decrease Java heap size (-Xmx/-Xms)
#   Decrease number of Java threads
#   Decrease Java thread stack sizes (-Xss)
#   Set larger code cache with -XX:ReservedCodeCacheSize=
#   JVM is running with Unscaled Compressed Oops mode in which the Java heap is
#     placed in the first 4GB address space. The Java Heap base address is the
#     maximum limit for the native heap growth. Please use -XX:HeapBaseMinAddress
#     to set the Java Heap base and to place the Java Heap above 4GB virtual address.
# This output file may be truncated or incomplete.
#
#  Out of Memory Error (./src/hotspot/share/memory/arena.cpp:197), pid=13024, tid=12456
#
# JRE version: OpenJDK Runtime Environment (11.0.10) (build 11.0.10+0-b96-7249189)
# Java VM: OpenJDK 64-Bit Server VM (11.0.10+0-b96-7249189, mixed mode, tiered, compressed oops, g1 gc, windows-amd64)
# No core dump will be written. Minidumps are not enabled by default on client versions of Windows
#

---------------  S U M M A R Y ------------

Command Line: --add-opens=java.base/java.util=ALL-UNNAMED --add-opens=java.base/java.lang=ALL-UNNAMED --add-opens=java.base/java.lang.invoke=ALL-UNNAMED --add-opens=java.base/java.util=ALL-UNNAMED --add-opens=java.prefs/java.util.prefs=ALL-UNNAMED --add-opens=java.prefs/java.util.prefs=ALL-UNNAMED --add-opens=java.base/java.nio.charset=ALL-UNNAMED --add-opens=java.base/java.net=ALL-UNNAMED --add-opens=java.base/java.util.concurrent.atomic=ALL-UNNAMED -Xmx2048m -Dfile.encoding=UTF-8 -Duser.country=CN -Duser.language=zh -Duser.variant org.gradle.launcher.daemon.bootstrap.GradleDaemon 7.0.2

Host: Intel(R) Core(TM) i5-7200U CPU @ 2.50GHz, 4 cores, 11G,  Windows 10 , 64 bit Build 19041 (10.0.19041.1202)
Time: Fri Nov  5 11:05:57 2021 Ì«Æ½ÑóÏÄÁîÊ± elapsed time: 192.372179 seconds (0d 0h 3m 12s)

---------------  T H R E A D  ---------------

Current thread (0x000001acf3a08800):  JavaThread "C2 CompilerThread0" daemon [_thread_in_native, id=12456, stack(0x0000006cd2b00000,0x0000006cd2c00000)]


Current CompileTask:
C2: 192372 20716       4       java.util.Properties$LineReader::readLine (635 bytes)

Stack: [0x0000006cd2b00000,0x0000006cd2c00000]
Native frames: (J=compiled Java code, j=interpreted, Vv=VM code, C=native code)
V  [jvm.dll+0x5ecfaa]
V  [jvm.dll+0x722bd5]
V  [jvm.dll+0x72412d]
V  [jvm.dll+0x7247e3]
V  [jvm.dll+0x242928]
V  [jvm.dll+0xbc4fc]
V  [jvm.dll+0xbca0c]
V  [jvm.dll+0x352d3b]
V  [jvm.dll+0x197e0c]
V  [jvm.dll+0x1fb70e]
V  [jvm.dll+0x1fa7f4]
V  [jvm.dll+0x18354c]
V  [jvm.dll+0x208ee7]
V  [jvm.dll+0x207731]
V  [jvm.dll+0x6eb1cf]
V  [jvm.dll+0x6e3d45]
V  [jvm.dll+0x5ebe96]
C  [ucrtbase.dll+0x21bb2]
C  [KERNEL32.DLL+0x17034]
C  [ntdll.dll+0x52651]


---------------  P R O C E S S  ---------------

Threads class SMR info:
_java_thread_list=0x000001acfd11f390, length=40, elements={
0x000001acd761b800, 0x000001acf39a1800, 0x000001acf39ad800, 0x000001acf39be000,
0x000001acf3a02800, 0x000001acf3a05000, 0x000001acf3a08800, 0x000001acf3a0d000,
0x000001acf3a1b800, 0x000001acf3b5c000, 0x000001acf6316000, 0x000001acf5c18800,
0x000001acf6126000, 0x000001acf4974800, 0x000001acf4975800, 0x000001acf6303800,
0x000001acf6306000, 0x000001acf6304800, 0x000001acf6309800, 0x000001acf630c800,
0x000001acf6307000, 0x000001acf630d800, 0x000001acf630f000, 0x000001acf63e6800,
0x000001acf63e4000, 0x000001acf9342800, 0x000001acf933e800, 0x000001acf9340000,
0x000001acf933d000, 0x000001acf9345000, 0x000001acf9344000, 0x000001acf933f800,
0x000001acf9346000, 0x000001acf9346800, 0x000001acf9343800, 0x000001acf9341000,
0x000001acf9347800, 0x000001acf9341800, 0x000001acf9349000, 0x000001acf934a000
}

Java Threads: ( => current thread )
  0x000001acd761b800 JavaThread "main" [_thread_blocked, id=10252, stack(0x0000006cd1f00000,0x0000006cd2000000)]
  0x000001acf39a1800 JavaThread "Reference Handler" daemon [_thread_blocked, id=13196, stack(0x0000006cd2600000,0x0000006cd2700000)]
  0x000001acf39ad800 JavaThread "Finalizer" daemon [_thread_blocked, id=8976, stack(0x0000006cd2700000,0x0000006cd2800000)]
  0x000001acf39be000 JavaThread "Signal Dispatcher" daemon [_thread_blocked, id=3428, stack(0x0000006cd2800000,0x0000006cd2900000)]
  0x000001acf3a02800 JavaThread "Attach Listener" daemon [_thread_blocked, id=13172, stack(0x0000006cd2900000,0x0000006cd2a00000)]
  0x000001acf3a05000 JavaThread "Service Thread" daemon [_thread_blocked, id=9716, stack(0x0000006cd2a00000,0x0000006cd2b00000)]
=>0x000001acf3a08800 JavaThread "C2 CompilerThread0" daemon [_thread_in_native, id=12456, stack(0x0000006cd2b00000,0x0000006cd2c00000)]
  0x000001acf3a0d000 JavaThread "C1 CompilerThread0" daemon [_thread_blocked, id=448, stack(0x0000006cd2c00000,0x0000006cd2d00000)]
  0x000001acf3a1b800 JavaThread "Sweeper thread" daemon [_thread_blocked, id=12236, stack(0x0000006cd2d00000,0x0000006cd2e00000)]
  0x000001acf3b5c000 JavaThread "Common-Cleaner" daemon [_thread_blocked, id=1396, stack(0x0000006cd2e00000,0x0000006cd2f00000)]
  0x000001acf6316000 JavaThread "Daemon health stats" [_thread_blocked, id=9812, stack(0x0000006cd3400000,0x0000006cd3500000)]
  0x000001acf5c18800 JavaThread "Incoming local TCP Connector on port 58471" [_thread_in_native, id=11408, stack(0x0000006cd3000000,0x0000006cd3100000)]
  0x000001acf6126000 JavaThread "Daemon periodic checks" [_thread_blocked, id=12788, stack(0x0000006cd3500000,0x0000006cd3600000)]
  0x000001acf4974800 JavaThread "Cache worker for file hash cache (C:\Users\qinsh\.gradle\caches\7.0.2\fileHashes)" [_thread_blocked, id=12828, stack(0x0000006cd3d00000,0x0000006cd3e00000)]
  0x000001acf4975800 JavaThread "File lock request listener" [_thread_in_native, id=4880, stack(0x0000006cd3e00000,0x0000006cd3f00000)]
  0x000001acf6303800 JavaThread "Cache worker for journal cache (C:\Users\qinsh\.gradle\caches\journal-1)" [_thread_blocked, id=3236, stack(0x0000006cd3f00000,0x0000006cd4000000)]
  0x000001acf6306000 JavaThread "File watcher server" daemon [_thread_in_native, id=5600, stack(0x0000006cd4100000,0x0000006cd4200000)]
  0x000001acf6304800 JavaThread "File watcher consumer" daemon [_thread_blocked, id=7992, stack(0x0000006cd4200000,0x0000006cd4300000)]
  0x000001acf6309800 JavaThread "Cache worker for execution history cache (C:\Users\qinsh\.gradle\caches\7.0.2\executionHistory)" [_thread_blocked, id=10984, stack(0x0000006cd4700000,0x0000006cd4800000)]
  0x000001acf630c800 JavaThread "jar transforms" [_thread_blocked, id=9496, stack(0x0000006cd4800000,0x0000006cd4900000)]
  0x000001acf6307000 JavaThread "jar transforms Thread 2" [_thread_blocked, id=1880, stack(0x0000006cd4900000,0x0000006cd4a00000)]
  0x000001acf630d800 JavaThread "Cache worker for file content cache (C:\Users\qinsh\.gradle\caches\7.0.2\fileContent)" [_thread_blocked, id=2448, stack(0x0000006cd4a00000,0x0000006cd4b00000)]
  0x000001acf630f000 JavaThread "jar transforms Thread 3" [_thread_blocked, id=1196, stack(0x0000006cd4c00000,0x0000006cd4d00000)]
  0x000001acf63e6800 JavaThread "jar transforms Thread 4" [_thread_blocked, id=11744, stack(0x0000006cd5200000,0x0000006cd5300000)]
  0x000001acf63e4000 JavaThread "Memory manager" [_thread_blocked, id=9316, stack(0x0000006cd5300000,0x0000006cd5400000)]
  0x000001acf9342800 JavaThread "Cache worker for Java compile cache (C:\Users\qinsh\.gradle\caches\7.0.2\javaCompile)" [_thread_blocked, id=12988, stack(0x0000006cd1c00000,0x0000006cd1d00000)]
  0x000001acf933e800 JavaThread "ForkJoinPool.commonPool-worker-7" daemon [_thread_blocked, id=12784, stack(0x0000006cd6500000,0x0000006cd6600000)]
  0x000001acf9340000 JavaThread "Daemon Thread 2" [_thread_blocked, id=4452, stack(0x0000006cd1d00000,0x0000006cd1e00000)]
  0x000001acf933d000 JavaThread "Daemon worker Thread 2" [_thread_in_native, id=2604, stack(0x0000006cd3700000,0x0000006cd3800000)]
  0x000001acf9345000 JavaThread "Handler for socket connection from /127.0.0.1:58471 to /127.0.0.1:58640" [_thread_in_native, id=1080, stack(0x0000006cd1e00000,0x0000006cd1f00000)]
  0x000001acf9344000 JavaThread "Cancel handler" [_thread_blocked, id=13264, stack(0x0000006cd3600000,0x0000006cd3700000)]
  0x000001acf933f800 JavaThread "Asynchronous log dispatcher for DefaultDaemonConnection: socket connection from /127.0.0.1:58471 to /127.0.0.1:58640" [_thread_blocked, id=11080, stack(0x0000006cd3800000,0x0000006cd3900000)]
  0x000001acf9346000 JavaThread "Stdin handler" [_thread_blocked, id=4556, stack(0x0000006cd3900000,0x0000006cd3a00000)]
  0x000001acf9346800 JavaThread "Daemon client event forwarder" [_thread_blocked, id=2180, stack(0x0000006cd3a00000,0x0000006cd3b00000)]
  0x000001acf9343800 JavaThread "Cache worker for file hash cache (C:\Users\qinsh\Documents\GitHub\comp3717_A2\.gradle\7.0.2\fileHashes)" [_thread_blocked, id=12292, stack(0x0000006cd3b00000,0x0000006cd3c00000)]
  0x000001acf9341000 JavaThread "Cache worker for checksums cache (C:\Users\qinsh\Documents\GitHub\comp3717_A2\.gradle\checksums)" [_thread_blocked, id=2368, stack(0x0000006cd3c00000,0x0000006cd3d00000)]
  0x000001acf9347800 JavaThread "Cache worker for cache directory md-supplier (C:\Users\qinsh\.gradle\caches\7.0.2\md-supplier)" [_thread_blocked, id=13116, stack(0x0000006cd4000000,0x0000006cd4100000)]
  0x000001acf9341800 JavaThread "Cache worker for cache directory md-rule (C:\Users\qinsh\.gradle\caches\7.0.2\md-rule)" [_thread_blocked, id=10744, stack(0x0000006cd4300000,0x0000006cd4400000)]
  0x000001acf9349000 JavaThread "Cache worker for dependencies-accessors (C:\Users\qinsh\Documents\GitHub\comp3717_A2\.gradle\7.0.2\dependencies-accessors)" [_thread_blocked, id=10456, stack(0x0000006cd4400000,0x0000006cd4500000)]
  0x000001acf934a000 JavaThread "Cache worker for Build Output Cleanup Cache (C:\Users\qinsh\Documents\GitHub\comp3717_A2\.gradle\buildOutputCleanup)" [_thread_blocked, id=11632, stack(0x0000006cd4500000,0x0000006cd4600000)]

Other Threads:
  0x000001acf317a000 VMThread "VM Thread" [stack: 0x0000006cd2500000,0x0000006cd2600000] [id=7104]
  0x000001acf3bd1000 WatcherThread [stack: 0x0000006cd2f00000,0x0000006cd3000000] [id=5676]
  0x000001acd7633800 GCTaskThread "GC Thread#0" [stack: 0x0000006cd2000000,0x0000006cd2100000] [id=9288]
  0x000001acf47dc800 GCTaskThread "GC Thread#1" [stack: 0x0000006cd3100000,0x0000006cd3200000] [id=5960]
  0x000001acf3ec4800 GCTaskThread "GC Thread#2" [stack: 0x0000006cd3200000,0x0000006cd3300000] [id=9124]
  0x000001acf3ef4000 GCTaskThread "GC Thread#3" [stack: 0x0000006cd3300000,0x0000006cd3400000] [id=4952]
  0x000001acd7665800 ConcurrentGCThread "G1 Main Marker" [stack: 0x0000006cd2100000,0x0000006cd2200000] [id=8200]
  0x000001acd7666800 ConcurrentGCThread "G1 Conc#0" [stack: 0x0000006cd2200000,0x0000006cd2300000] [id=9208]
  0x000001acf2fcc800 ConcurrentGCThread "G1 Refine#0" [stack: 0x0000006cd2300000,0x0000006cd2400000] [id=12432]
  0x000001acf2fcd000 ConcurrentGCThread "G1 Young RemSet Sampling" [stack: 0x0000006cd2400000,0x0000006cd2500000] [id=4868]

Threads with active compile tasks:
C2 CompilerThread0 192413 20716       4       java.util.Properties$LineReader::readLine (635 bytes)

VM state:not at safepoint (normal execution)

VM Mutex/Monitor currently owned by a thread: None

Heap address: 0x0000000080000000, size: 2048 MB, Compressed Oops mode: 32-bit
Narrow klass base: 0x0000000000000000, Narrow klass shift: 3
Compressed class space size: 1073741824 Address: 0x0000000100000000

Heap:
 garbage-first heap   total 236544K, used 142928K [0x0000000080000000, 0x0000000100000000)
  region size 1024K, 11 young (11264K), 6 survivors (6144K)
 Metaspace       used 129687K, capacity 133564K, committed 133752K, reserved 1165312K
  class space    used 16385K, capacity 17793K, committed 17868K, reserved 1048576K
Heap Regions: E=young(eden), S=young(survivor), O=old, HS=humongous(starts), HC=humongous(continues), CS=collection set, F=free, A=archive, TAMS=top-at-mark-start (previous, next)
|   0|0x0000000080000000, 0x0000000080100000, 0x0000000080100000|100%| O|  |TAMS 0x0000000080100000, 0x0000000080000000| Untracked 
|   1|0x0000000080100000, 0x0000000080200000, 0x0000000080200000|100%| O|  |TAMS 0x0000000080200000, 0x0000000080100000| Complete 
|   2|0x0000000080200000, 0x0000000080300000, 0x0000000080300000|100%| O|  |TAMS 0x0000000080300000, 0x0000000080200000| Untracked 
|   3|0x0000000080300000, 0x0000000080400000, 0x0000000080400000|100%|HS|  |TAMS 0x0000000080400000, 0x0000000080300000| Complete 
|   4|0x0000000080400000, 0x0000000080500000, 0x0000000080500000|100%|HC|  |TAMS 0x0000000080500000, 0x0000000080400000| Complete 
|   5|0x0000000080500000, 0x0000000080600000, 0x0000000080600000|100%|HC|  |TAMS 0x0000000080600000, 0x0000000080500000| Complete 
|   6|0x0000000080600000, 0x0000000080700000, 0x0000000080700000|100%| O|  |TAMS 0x0000000080700000, 0x0000000080600000| Untracked 
|   7|0x0000000080700000, 0x0000000080800000, 0x0000000080800000|100%| O|  |TAMS 0x0000000080800000, 0x0000000080700000| Untracked 
|   8|0x0000000080800000, 0x0000000080900000, 0x0000000080900000|100%| O|  |TAMS 0x0000000080900000, 0x0000000080800000| Untracked 
|   9|0x0000000080900000, 0x0000000080a00000, 0x0000000080a00000|100%| O|  |TAMS 0x0000000080a00000, 0x0000000080900000| Complete 
|  10|0x0000000080a00000, 0x0000000080b00000, 0x0000000080b00000|100%| O|  |TAMS 0x0000000080b00000, 0x0000000080a00000| Untracked 
|  11|0x0000000080b00000, 0x0000000080c00000, 0x0000000080c00000|100%| O|  |TAMS 0x0000000080c00000, 0x0000000080b00000| Untracked 
|  12|0x0000000080c00000, 0x0000000080d00000, 0x0000000080d00000|100%| O|  |TAMS 0x0000000080d00000, 0x0000000080c00000| Untracked 
|  13|0x0000000080d00000, 0x0000000080e00000, 0x0000000080e00000|100%| O|  |TAMS 0x0000000080e00000, 0x0000000080d00000| Untracked 
|  14|0x0000000080e00000, 0x0000000080f00000, 0x0000000080f00000|100%| O|  |TAMS 0x0000000080f00000, 0x0000000080e00000| Untracked 
|  15|0x0000000080f00000, 0x0000000081000000, 0x0000000081000000|100%| O|  |TAMS 0x0000000081000000, 0x0000000080f00000| Untracked 
|  16|0x0000000081000000, 0x0000000081100000, 0x0000000081100000|100%| O|  |TAMS 0x0000000081100000, 0x0000000081000000| Untracked 
|  17|0x0000000081100000, 0x0000000081200000, 0x0000000081200000|100%|HS|  |TAMS 0x0000000081200000, 0x0000000081100000| Complete 
|  18|0x0000000081200000, 0x0000000081300000, 0x0000000081300000|100%|HS|  |TAMS 0x0000000081300000, 0x0000000081200000| Complete 
|  19|0x0000000081300000, 0x0000000081400000, 0x0000000081400000|100%|HS|  |TAMS 0x0000000081400000, 0x0000000081300000| Complete 
|  20|0x0000000081400000, 0x0000000081500000, 0x0000000081500000|100%|HC|  |TAMS 0x0000000081500000, 0x0000000081400000| Complete 
|  21|0x0000000081500000, 0x0000000081600000, 0x0000000081600000|100%| O|  |TAMS 0x0000000081600000, 0x0000000081500000| Untracked 
|  22|0x0000000081600000, 0x0000000081700000, 0x0000000081700000|100%| O|  |TAMS 0x0000000081700000, 0x0000000081600000| Untracked 
|  23|0x0000000081700000, 0x0000000081800000, 0x0000000081800000|100%| O|  |TAMS 0x0000000081800000, 0x0000000081700000| Untracked 
|  24|0x0000000081800000, 0x0000000081900000, 0x0000000081900000|100%| O|  |TAMS 0x0000000081900000, 0x0000000081800000| Untracked 
|  25|0x0000000081900000, 0x0000000081a00000, 0x0000000081a00000|100%| O|  |TAMS 0x0000000081a00000, 0x0000000081900000| Untracked 
|  26|0x0000000081a00000, 0x0000000081b00000, 0x0000000081b00000|100%| O|  |TAMS 0x0000000081b00000, 0x0000000081a00000| Untracked 
|  27|0x0000000081b00000, 0x0000000081c00000, 0x0000000081c00000|100%| O|  |TAMS 0x0000000081c00000, 0x0000000081b00000| Untracked 
|  28|0x0000000081c00000, 0x0000000081d00000, 0x0000000081d00000|100%| O|  |TAMS 0x0000000081d00000, 0x0000000081c00000| Untracked 
|  29|0x0000000081d00000, 0x0000000081e00000, 0x0000000081e00000|100%| O|  |TAMS 0x0000000081e00000, 0x0000000081d00000| Untracked 
|  30|0x0000000081e00000, 0x0000000081f00000, 0x0000000081f00000|100%| O|  |TAMS 0x0000000081f00000, 0x0000000081e00000| Untracked 
|  31|0x0000000081f00000, 0x0000000082000000, 0x0000000082000000|100%| O|  |TAMS 0x0000000082000000, 0x0000000081f00000| Complete 
|  32|0x0000000082000000, 0x0000000082100000, 0x0000000082100000|100%| O|  |TAMS 0x0000000082100000, 0x0000000082000000| Untracked 
|  33|0x0000000082100000, 0x0000000082200000, 0x0000000082200000|100%| O|  |TAMS 0x0000000082200000, 0x0000000082100000| Complete 
|  34|0x0000000082200000, 0x0000000082300000, 0x0000000082300000|100%| O|  |TAMS 0x0000000082300000, 0x0000000082200000| Untracked 
|  35|0x0000000082300000, 0x0000000082400000, 0x0000000082400000|100%| O|  |TAMS 0x0000000082400000, 0x0000000082300000| Untracked 
|  36|0x0000000082400000, 0x0000000082500000, 0x0000000082500000|100%| O|  |TAMS 0x0000000082500000, 0x0000000082400000| Complete 
|  37|0x0000000082500000, 0x0000000082600000, 0x0000000082600000|100%| O|  |TAMS 0x0000000082600000, 0x0000000082500000| Complete 
|  38|0x0000000082600000, 0x0000000082700000, 0x0000000082700000|100%| O|  |TAMS 0x0000000082700000, 0x0000000082600000| Untracked 
|  39|0x0000000082700000, 0x0000000082800000, 0x0000000082800000|100%| O|  |TAMS 0x0000000082800000, 0x0000000082700000| Complete 
|  40|0x0000000082800000, 0x0000000082900000, 0x0000000082900000|100%| O|  |TAMS 0x0000000082900000, 0x0000000082800000| Complete 
|  41|0x0000000082900000, 0x0000000082a00000, 0x0000000082a00000|100%| O|  |TAMS 0x0000000082a00000, 0x0000000082900000| Untracked 
|  42|0x0000000082a00000, 0x0000000082b00000, 0x0000000082b00000|100%| O|  |TAMS 0x0000000082b00000, 0x0000000082a00000| Complete 
|  43|0x0000000082b00000, 0x0000000082c00000, 0x0000000082c00000|100%| O|  |TAMS 0x0000000082c00000, 0x0000000082b00000| Complete 
|  44|0x0000000082c00000, 0x0000000082d00000, 0x0000000082d00000|100%| O|  |TAMS 0x0000000082d00000, 0x0000000082c00000| Untracked 
|  45|0x0000000082d00000, 0x0000000082e00000, 0x0000000082e00000|100%| O|  |TAMS 0x0000000082e00000, 0x0000000082d00000| Untracked 
|  46|0x0000000082e00000, 0x0000000082f00000, 0x0000000082f00000|100%| O|  |TAMS 0x0000000082f00000, 0x0000000082e00000| Untracked 
|  47|0x0000000082f00000, 0x0000000083000000, 0x0000000083000000|100%| O|  |TAMS 0x0000000083000000, 0x0000000082f00000| Untracked 
|  48|0x0000000083000000, 0x0000000083100000, 0x0000000083100000|100%| O|  |TAMS 0x0000000083100000, 0x0000000083000000| Untracked 
|  49|0x0000000083100000, 0x0000000083200000, 0x0000000083200000|100%| O|  |TAMS 0x0000000083200000, 0x0000000083100000| Untracked 
|  50|0x0000000083200000, 0x0000000083300000, 0x0000000083300000|100%| O|  |TAMS 0x0000000083300000, 0x0000000083200000| Untracked 
|  51|0x0000000083300000, 0x0000000083400000, 0x0000000083400000|100%| O|  |TAMS 0x0000000083400000, 0x0000000083300000| Complete 
|  52|0x0000000083400000, 0x0000000083500000, 0x0000000083500000|100%| O|  |TAMS 0x0000000083500000, 0x0000000083400000| Complete 
|  53|0x0000000083500000, 0x0000000083600000, 0x0000000083600000|100%| O|  |TAMS 0x0000000083600000, 0x0000000083500000| Complete 
|  54|0x0000000083600000, 0x0000000083700000, 0x0000000083700000|100%| O|  |TAMS 0x0000000083700000, 0x0000000083600000| Untracked 
|  55|0x0000000083700000, 0x0000000083800000, 0x0000000083800000|100%| O|  |TAMS 0x0000000083800000, 0x0000000083700000| Untracked 
|  56|0x0000000083800000, 0x0000000083900000, 0x0000000083900000|100%| O|  |TAMS 0x0000000083900000, 0x0000000083800000| Complete 
|  57|0x0000000083900000, 0x0000000083a00000, 0x0000000083a00000|100%| O|  |TAMS 0x0000000083a00000, 0x0000000083900000| Complete 
|  58|0x0000000083a00000, 0x0000000083b00000, 0x0000000083b00000|100%| O|  |TAMS 0x0000000083b00000, 0x0000000083a00000| Complete 
|  59|0x0000000083b00000, 0x0000000083c00000, 0x0000000083c00000|100%| O|  |TAMS 0x0000000083c00000, 0x0000000083b00000| Untracked 
|  60|0x0000000083c00000, 0x0000000083d00000, 0x0000000083d00000|100%| O|  |TAMS 0x0000000083c00000, 0x0000000083c00000| Untracked 
|  61|0x0000000083d00000, 0x0000000083e00000, 0x0000000083e00000|100%| O|  |TAMS 0x0000000083e00000, 0x0000000083d00000| Complete 
|  62|0x0000000083e00000, 0x0000000083f00000, 0x0000000083f00000|100%| O|  |TAMS 0x0000000083f00000, 0x0000000083e00000| Complete 
|  63|0x0000000083f00000, 0x0000000084000000, 0x0000000084000000|100%| O|  |TAMS 0x0000000084000000, 0x0000000083f00000| Untracked 
|  64|0x0000000084000000, 0x0000000084100000, 0x0000000084100000|100%| O|  |TAMS 0x0000000084100000, 0x0000000084000000| Complete 
|  65|0x0000000084100000, 0x0000000084200000, 0x0000000084200000|100%| O|  |TAMS 0x0000000084200000, 0x0000000084100000| Complete 
|  66|0x0000000084200000, 0x0000000084300000, 0x0000000084300000|100%| O|  |TAMS 0x0000000084300000, 0x0000000084200000| Complete 
|  67|0x0000000084300000, 0x0000000084400000, 0x0000000084400000|100%| O|  |TAMS 0x0000000084400000, 0x0000000084300000| Untracked 
|  68|0x0000000084400000, 0x0000000084500000, 0x0000000084500000|100%| O|  |TAMS 0x0000000084500000, 0x0000000084400000| Complete 
|  69|0x0000000084500000, 0x0000000084600000, 0x0000000084600000|100%| O|  |TAMS 0x0000000084600000, 0x0000000084500000| Untracked 
|  70|0x0000000084600000, 0x0000000084700000, 0x0000000084700000|100%| O|  |TAMS 0x0000000084700000, 0x0000000084600000| Untracked 
|  71|0x0000000084700000, 0x0000000084800000, 0x0000000084800000|100%| O|  |TAMS 0x0000000084800000, 0x0000000084700000| Complete 
|  72|0x0000000084800000, 0x0000000084900000, 0x0000000084900000|100%| O|  |TAMS 0x0000000084900000, 0x0000000084800000| Complete 
|  73|0x0000000084900000, 0x0000000084a00000, 0x0000000084a00000|100%| O|  |TAMS 0x0000000084a00000, 0x0000000084900000| Complete 
|  74|0x0000000084a00000, 0x0000000084b00000, 0x0000000084b00000|100%| O|  |TAMS 0x0000000084b00000, 0x0000000084a00000| Complete 
|  75|0x0000000084b00000, 0x0000000084c00000, 0x0000000084c00000|100%| O|  |TAMS 0x0000000084c00000, 0x0000000084b00000| Complete 
|  76|0x0000000084c00000, 0x0000000084d00000, 0x0000000084d00000|100%| O|  |TAMS 0x0000000084d00000, 0x0000000084c00000| Complete 
|  77|0x0000000084d00000, 0x0000000084e00000, 0x0000000084e00000|100%| O|  |TAMS 0x0000000084e00000, 0x0000000084d00000| Untracked 
|  78|0x0000000084e00000, 0x0000000084f00000, 0x0000000084f00000|100%| O|  |TAMS 0x0000000084f00000, 0x0000000084e00000| Complete 
|  79|0x0000000084f00000, 0x0000000085000000, 0x0000000085000000|100%| O|  |TAMS 0x0000000085000000, 0x0000000084f00000| Complete 
|  80|0x0000000085000000, 0x0000000085100000, 0x0000000085100000|100%| O|  |TAMS 0x0000000085100000, 0x0000000085000000| Complete 
|  81|0x0000000085100000, 0x0000000085200000, 0x0000000085200000|100%| O|  |TAMS 0x0000000085200000, 0x0000000085100000| Complete 
|  82|0x0000000085200000, 0x0000000085300000, 0x0000000085300000|100%| O|  |TAMS 0x0000000085300000, 0x0000000085200000| Complete 
|  83|0x0000000085300000, 0x0000000085400000, 0x0000000085400000|100%| O|  |TAMS 0x0000000085400000, 0x0000000085300000| Complete 
|  84|0x0000000085400000, 0x0000000085500000, 0x0000000085500000|100%| O|  |TAMS 0x0000000085500000, 0x0000000085400000| Complete 
|  85|0x0000000085500000, 0x0000000085600000, 0x0000000085600000|100%| O|  |TAMS 0x0000000085600000, 0x0000000085500000| Untracked 
|  86|0x0000000085600000, 0x0000000085700000, 0x0000000085700000|100%| O|  |TAMS 0x0000000085700000, 0x0000000085600000| Complete 
|  87|0x0000000085700000, 0x0000000085800000, 0x0000000085800000|100%| O|  |TAMS 0x0000000085800000, 0x0000000085700000| Complete 
|  88|0x0000000085800000, 0x0000000085900000, 0x0000000085900000|100%| O|  |TAMS 0x0000000085900000, 0x0000000085800000| Complete 
|  89|0x0000000085900000, 0x0000000085a00000, 0x0000000085a00000|100%| O|  |TAMS 0x0000000085a00000, 0x0000000085900000| Complete 
|  90|0x0000000085a00000, 0x0000000085b00000, 0x0000000085b00000|100%| O|  |TAMS 0x0000000085b00000, 0x0000000085a00000| Complete 
|  91|0x0000000085b00000, 0x0000000085c00000, 0x0000000085c00000|100%| O|  |TAMS 0x0000000085bf1a00, 0x0000000085b00000| Untracked 
|  92|0x0000000085c00000, 0x0000000085c94200, 0x0000000085d00000| 57%| O|  |TAMS 0x0000000085c00000, 0x0000000085c00000| Untracked 
|  93|0x0000000085d00000, 0x0000000085e00000, 0x0000000085e00000|100%| O|  |TAMS 0x0000000085e00000, 0x0000000085d00000| Complete 
|  94|0x0000000085e00000, 0x0000000085f00000, 0x0000000085f00000|100%| O|  |TAMS 0x0000000085f00000, 0x0000000085e00000| Complete 
|  95|0x0000000085f00000, 0x0000000085f00000, 0x0000000086000000|  0%| F|  |TAMS 0x0000000085f00000, 0x0000000085f00000| Untracked 
|  96|0x0000000086000000, 0x0000000086100000, 0x0000000086100000|100%| O|  |TAMS 0x0000000086100000, 0x0000000086000000| Complete 
|  97|0x0000000086100000, 0x0000000086200000, 0x0000000086200000|100%| O|  |TAMS 0x0000000086200000, 0x0000000086100000| Complete 
|  98|0x0000000086200000, 0x0000000086200000, 0x0000000086300000|  0%| F|  |TAMS 0x0000000086200000, 0x0000000086200000| Untracked 
|  99|0x0000000086300000, 0x0000000086300000, 0x0000000086400000|  0%| F|  |TAMS 0x0000000086300000, 0x0000000086300000| Untracked 
| 100|0x0000000086400000, 0x0000000086500000, 0x0000000086500000|100%| O|  |TAMS 0x0000000086500000, 0x0000000086400000| Complete 
| 101|0x0000000086500000, 0x0000000086500000, 0x0000000086600000|  0%| F|  |TAMS 0x0000000086500000, 0x0000000086500000| Untracked 
| 102|0x0000000086600000, 0x0000000086700000, 0x0000000086700000|100%| O|  |TAMS 0x0000000086700000, 0x0000000086600000| Complete 
| 103|0x0000000086700000, 0x0000000086800000, 0x0000000086800000|100%| O|  |TAMS 0x0000000086800000, 0x0000000086700000| Untracked 
| 104|0x0000000086800000, 0x0000000086900000, 0x0000000086900000|100%| O|  |TAMS 0x0000000086900000, 0x0000000086800000| Complete 
| 105|0x0000000086900000, 0x0000000086a00000, 0x0000000086a00000|100%| O|  |TAMS 0x0000000086a00000, 0x0000000086900000| Untracked 
| 106|0x0000000086a00000, 0x0000000086b00000, 0x0000000086b00000|100%| O|  |TAMS 0x0000000086b00000, 0x0000000086a00000| Complete 
| 107|0x0000000086b00000, 0x0000000086c00000, 0x0000000086c00000|100%| O|  |TAMS 0x0000000086c00000, 0x0000000086b00000| Untracked 
| 108|0x0000000086c00000, 0x0000000086d00000, 0x0000000086d00000|100%| O|  |TAMS 0x0000000086d00000, 0x0000000086c00000| Complete 
| 109|0x0000000086d00000, 0x0000000086e00000, 0x0000000086e00000|100%| O|  |TAMS 0x0000000086e00000, 0x0000000086d00000| Complete 
| 110|0x0000000086e00000, 0x0000000086f00000, 0x0000000086f00000|100%| O|  |TAMS 0x0000000086f00000, 0x0000000086e00000| Complete 
| 111|0x0000000086f00000, 0x0000000087000000, 0x0000000087000000|100%| O|  |TAMS 0x0000000087000000, 0x0000000086f00000| Untracked 
| 112|0x0000000087000000, 0x0000000087100000, 0x0000000087100000|100%| O|  |TAMS 0x0000000087100000, 0x0000000087000000| Untracked 
| 113|0x0000000087100000, 0x0000000087200000, 0x0000000087200000|100%|HS|  |TAMS 0x0000000087200000, 0x0000000087100000| Complete 
| 114|0x0000000087200000, 0x0000000087300000, 0x0000000087300000|100%|HC|  |TAMS 0x0000000087300000, 0x0000000087200000| Complete 
| 115|0x0000000087300000, 0x0000000087400000, 0x0000000087400000|100%|HS|  |TAMS 0x0000000087400000, 0x0000000087300000| Complete 
| 116|0x0000000087400000, 0x0000000087500000, 0x0000000087500000|100%|HC|  |TAMS 0x0000000087500000, 0x0000000087400000| Complete 
| 117|0x0000000087500000, 0x0000000087600000, 0x0000000087600000|100%|HC|  |TAMS 0x0000000087600000, 0x0000000087500000| Complete 
| 118|0x0000000087600000, 0x0000000087700000, 0x0000000087700000|100%|HS|  |TAMS 0x0000000087700000, 0x0000000087600000| Complete 
| 119|0x0000000087700000, 0x0000000087800000, 0x0000000087800000|100%|HC|  |TAMS 0x0000000087800000, 0x0000000087700000| Complete 
| 120|0x0000000087800000, 0x0000000087900000, 0x0000000087900000|100%|HC|  |TAMS 0x0000000087900000, 0x0000000087800000| Complete 
| 121|0x0000000087900000, 0x0000000087a00000, 0x0000000087a00000|100%|HC|  |TAMS 0x0000000087a00000, 0x0000000087900000| Complete 
| 122|0x0000000087a00000, 0x0000000087b00000, 0x0000000087b00000|100%|HC|  |TAMS 0x0000000087b00000, 0x0000000087a00000| Complete 
| 123|0x0000000087b00000, 0x0000000087c00000, 0x0000000087c00000|100%|HS|  |TAMS 0x0000000087c00000, 0x0000000087b00000| Complete 
| 124|0x0000000087c00000, 0x0000000087d00000, 0x0000000087d00000|100%|HC|  |TAMS 0x0000000087d00000, 0x0000000087c00000| Complete 
| 125|0x0000000087d00000, 0x0000000087e00000, 0x0000000087e00000|100%|HC|  |TAMS 0x0000000087e00000, 0x0000000087d00000| Complete 
| 126|0x0000000087e00000, 0x0000000087f00000, 0x0000000087f00000|100%|HC|  |TAMS 0x0000000087f00000, 0x0000000087e00000| Complete 
| 127|0x0000000087f00000, 0x0000000088000000, 0x0000000088000000|100%|HC|  |TAMS 0x0000000088000000, 0x0000000087f00000| Complete 
| 128|0x0000000088000000, 0x0000000088100000, 0x0000000088100000|100%|HS|  |TAMS 0x0000000088100000, 0x0000000088000000| Complete 
| 129|0x0000000088100000, 0x0000000088200000, 0x0000000088200000|100%|HC|  |TAMS 0x0000000088200000, 0x0000000088100000| Complete 
| 130|0x0000000088200000, 0x0000000088300000, 0x0000000088300000|100%|HC|  |TAMS 0x0000000088300000, 0x0000000088200000| Complete 
| 131|0x0000000088300000, 0x0000000088400000, 0x0000000088400000|100%| O|  |TAMS 0x0000000088400000, 0x0000000088300000| Complete 
| 132|0x0000000088400000, 0x0000000088500000, 0x0000000088500000|100%| O|  |TAMS 0x0000000088500000, 0x0000000088400000| Untracked 
| 133|0x0000000088500000, 0x0000000088600000, 0x0000000088600000|100%| O|  |TAMS 0x0000000088600000, 0x0000000088500000| Untracked 
| 134|0x0000000088600000, 0x0000000088700000, 0x0000000088700000|100%| O|  |TAMS 0x0000000088700000, 0x0000000088600000| Complete 
| 135|0x0000000088700000, 0x0000000088700000, 0x0000000088800000|  0%| F|  |TAMS 0x0000000088700000, 0x0000000088700000| Untracked 
| 136|0x0000000088800000, 0x0000000088800000, 0x0000000088900000|  0%| F|  |TAMS 0x0000000088800000, 0x0000000088800000| Untracked 
| 137|0x0000000088900000, 0x0000000088900000, 0x0000000088a00000|  0%| F|  |TAMS 0x0000000088900000, 0x0000000088900000| Untracked 
| 138|0x0000000088a00000, 0x0000000088a00000, 0x0000000088b00000|  0%| F|  |TAMS 0x0000000088a00000, 0x0000000088a00000| Untracked 
| 139|0x0000000088b00000, 0x0000000088b00000, 0x0000000088c00000|  0%| F|  |TAMS 0x0000000088b00000, 0x0000000088b00000| Untracked 
| 140|0x0000000088c00000, 0x0000000088c00000, 0x0000000088d00000|  0%| F|  |TAMS 0x0000000088c00000, 0x0000000088c00000| Untracked 
| 141|0x0000000088d00000, 0x0000000088d00000, 0x0000000088e00000|  0%| F|  |TAMS 0x0000000088d00000, 0x0000000088d00000| Untracked 
| 142|0x0000000088e00000, 0x0000000088e00000, 0x0000000088f00000|  0%| F|  |TAMS 0x0000000088e00000, 0x0000000088e00000| Untracked 
| 143|0x0000000088f00000, 0x0000000088f00000, 0x0000000089000000|  0%| F|  |TAMS 0x0000000088f00000, 0x0000000088f00000| Untracked 
| 144|0x0000000089000000, 0x0000000089000000, 0x0000000089100000|  0%| F|  |TAMS 0x0000000089000000, 0x0000000089000000| Untracked 
| 145|0x0000000089100000, 0x0000000089100000, 0x0000000089200000|  0%| F|  |TAMS 0x0000000089100000, 0x0000000089100000| Untracked 
| 146|0x0000000089200000, 0x0000000089200000, 0x0000000089300000|  0%| F|  |TAMS 0x0000000089200000, 0x0000000089200000| Untracked 
| 147|0x0000000089300000, 0x0000000089300000, 0x0000000089400000|  0%| F|  |TAMS 0x0000000089300000, 0x0000000089300000| Untracked 
| 148|0x0000000089400000, 0x0000000089400000, 0x0000000089500000|  0%| F|  |TAMS 0x0000000089400000, 0x0000000089400000| Untracked 
| 149|0x0000000089500000, 0x0000000089500000, 0x0000000089600000|  0%| F|  |TAMS 0x0000000089500000, 0x0000000089500000| Untracked 
| 150|0x0000000089600000, 0x0000000089600000, 0x0000000089700000|  0%| F|  |TAMS 0x0000000089600000, 0x0000000089600000| Untracked 
| 151|0x0000000089700000, 0x0000000089700000, 0x0000000089800000|  0%| F|  |TAMS 0x0000000089700000, 0x0000000089700000| Untracked 
| 152|0x0000000089800000, 0x0000000089800000, 0x0000000089900000|  0%| F|  |TAMS 0x0000000089800000, 0x0000000089800000| Untracked 
| 153|0x0000000089900000, 0x0000000089900000, 0x0000000089a00000|  0%| F|  |TAMS 0x0000000089900000, 0x0000000089900000| Untracked 
| 154|0x0000000089a00000, 0x0000000089a00000, 0x0000000089b00000|  0%| F|  |TAMS 0x0000000089a00000, 0x0000000089a00000| Untracked 
| 155|0x0000000089b00000, 0x0000000089b00000, 0x0000000089c00000|  0%| F|  |TAMS 0x0000000089b00000, 0x0000000089b00000| Untracked 
| 156|0x0000000089c00000, 0x0000000089c00000, 0x0000000089d00000|  0%| F|  |TAMS 0x0000000089c00000, 0x0000000089c00000| Untracked 
| 157|0x0000000089d00000, 0x0000000089d00000, 0x0000000089e00000|  0%| F|  |TAMS 0x0000000089d00000, 0x0000000089d00000| Untracked 
| 158|0x0000000089e00000, 0x0000000089e00000, 0x0000000089f00000|  0%| F|  |TAMS 0x0000000089e00000, 0x0000000089e00000| Untracked 
| 159|0x0000000089f00000, 0x0000000089f00000, 0x000000008a000000|  0%| F|  |TAMS 0x0000000089f00000, 0x0000000089f00000| Untracked 
| 160|0x000000008a000000, 0x000000008a000000, 0x000000008a100000|  0%| F|  |TAMS 0x000000008a000000, 0x000000008a000000| Untracked 
| 161|0x000000008a100000, 0x000000008a100000, 0x000000008a200000|  0%| F|  |TAMS 0x000000008a100000, 0x000000008a100000| Untracked 
| 162|0x000000008a200000, 0x000000008a200000, 0x000000008a300000|  0%| F|  |TAMS 0x000000008a200000, 0x000000008a200000| Untracked 
| 163|0x000000008a300000, 0x000000008a300000, 0x000000008a400000|  0%| F|  |TAMS 0x000000008a300000, 0x000000008a300000| Untracked 
| 164|0x000000008a400000, 0x000000008a400000, 0x000000008a500000|  0%| F|  |TAMS 0x000000008a400000, 0x000000008a400000| Untracked 
| 165|0x000000008a500000, 0x000000008a500000, 0x000000008a600000|  0%| F|  |TAMS 0x000000008a500000, 0x000000008a500000| Untracked 
| 166|0x000000008a600000, 0x000000008a600000, 0x000000008a700000|  0%| F|  |TAMS 0x000000008a600000, 0x000000008a600000| Untracked 
| 167|0x000000008a700000, 0x000000008a700000, 0x000000008a800000|  0%| F|  |TAMS 0x000000008a700000, 0x000000008a700000| Untracked 
| 168|0x000000008a800000, 0x000000008a800000, 0x000000008a900000|  0%| F|  |TAMS 0x000000008a800000, 0x000000008a800000| Untracked 
| 169|0x000000008a900000, 0x000000008a900000, 0x000000008aa00000|  0%| F|  |TAMS 0x000000008a900000, 0x000000008a900000| Untracked 
| 170|0x000000008aa00000, 0x000000008ab00000, 0x000000008ab00000|100%| S|CS|TAMS 0x000000008aa00000, 0x000000008aa00000| Complete 
| 171|0x000000008ab00000, 0x000000008ac00000, 0x000000008ac00000|100%| S|CS|TAMS 0x000000008ab00000, 0x000000008ab00000| Complete 
| 172|0x000000008ac00000, 0x000000008ad00000, 0x000000008ad00000|100%| S|CS|TAMS 0x000000008ac00000, 0x000000008ac00000| Complete 
| 173|0x000000008ad00000, 0x000000008ae00000, 0x000000008ae00000|100%| S|CS|TAMS 0x000000008ad00000, 0x000000008ad00000| Complete 
| 174|0x000000008ae00000, 0x000000008af00000, 0x000000008af00000|100%| S|CS|TAMS 0x000000008ae00000, 0x000000008ae00000| Complete 
| 175|0x000000008af00000, 0x000000008b000000, 0x000000008b000000|100%| S|CS|TAMS 0x000000008af00000, 0x000000008af00000| Complete 
| 176|0x000000008b000000, 0x000000008b000000, 0x000000008b100000|  0%| F|  |TAMS 0x000000008b000000, 0x000000008b000000| Untracked 
| 177|0x000000008b100000, 0x000000008b100000, 0x000000008b200000|  0%| F|  |TAMS 0x000000008b100000, 0x000000008b100000| Untracked 
| 178|0x000000008b200000, 0x000000008b200000, 0x000000008b300000|  0%| F|  |TAMS 0x000000008b200000, 0x000000008b200000| Untracked 
| 179|0x000000008b300000, 0x000000008b300000, 0x000000008b400000|  0%| F|  |TAMS 0x000000008b300000, 0x000000008b300000| Untracked 
| 180|0x000000008b400000, 0x000000008b400000, 0x000000008b500000|  0%| F|  |TAMS 0x000000008b400000, 0x000000008b400000| Untracked 
| 181|0x000000008b500000, 0x000000008b500000, 0x000000008b600000|  0%| F|  |TAMS 0x000000008b500000, 0x000000008b500000| Untracked 
| 182|0x000000008b600000, 0x000000008b600000, 0x000000008b700000|  0%| F|  |TAMS 0x000000008b600000, 0x000000008b600000| Untracked 
| 183|0x000000008b700000, 0x000000008b700000, 0x000000008b800000|  0%| F|  |TAMS 0x000000008b700000, 0x000000008b700000| Untracked 
| 184|0x000000008b800000, 0x000000008b800000, 0x000000008b900000|  0%| F|  |TAMS 0x000000008b800000, 0x000000008b800000| Untracked 
| 185|0x000000008b900000, 0x000000008b900000, 0x000000008ba00000|  0%| F|  |TAMS 0x000000008b900000, 0x000000008b900000| Untracked 
| 186|0x000000008ba00000, 0x000000008ba00000, 0x000000008bb00000|  0%| F|  |TAMS 0x000000008ba00000, 0x000000008ba00000| Untracked 
| 187|0x000000008bb00000, 0x000000008bb00000, 0x000000008bc00000|  0%| F|  |TAMS 0x000000008bb00000, 0x000000008bb00000| Untracked 
| 188|0x000000008bc00000, 0x000000008bc00000, 0x000000008bd00000|  0%| F|  |TAMS 0x000000008bc00000, 0x000000008bc00000| Untracked 
| 189|0x000000008bd00000, 0x000000008bd00000, 0x000000008be00000|  0%| F|  |TAMS 0x000000008bd00000, 0x000000008bd00000| Untracked 
| 190|0x000000008be00000, 0x000000008be00000, 0x000000008bf00000|  0%| F|  |TAMS 0x000000008be00000, 0x000000008be00000| Untracked 
| 191|0x000000008bf00000, 0x000000008bf00000, 0x000000008c000000|  0%| F|  |TAMS 0x000000008bf00000, 0x000000008bf00000| Untracked 
| 192|0x000000008c000000, 0x000000008c000000, 0x000000008c100000|  0%| F|  |TAMS 0x000000008c000000, 0x000000008c000000| Untracked 
| 193|0x000000008c100000, 0x000000008c100000, 0x000000008c200000|  0%| F|  |TAMS 0x000000008c100000, 0x000000008c100000| Untracked 
| 194|0x000000008c200000, 0x000000008c200000, 0x000000008c300000|  0%| F|  |TAMS 0x000000008c200000, 0x000000008c200000| Untracked 
| 195|0x000000008c300000, 0x000000008c300000, 0x000000008c400000|  0%| F|  |TAMS 0x000000008c300000, 0x000000008c300000| Untracked 
| 196|0x000000008c400000, 0x000000008c400000, 0x000000008c500000|  0%| F|  |TAMS 0x000000008c400000, 0x000000008c400000| Untracked 
| 197|0x000000008c500000, 0x000000008c500000, 0x000000008c600000|  0%| F|  |TAMS 0x000000008c500000, 0x000000008c500000| Untracked 
| 198|0x000000008c600000, 0x000000008c600000, 0x000000008c700000|  0%| F|  |TAMS 0x000000008c600000, 0x000000008c600000| Untracked 
| 199|0x000000008c700000, 0x000000008c700000, 0x000000008c800000|  0%| F|  |TAMS 0x000000008c700000, 0x000000008c700000| Untracked 
| 200|0x000000008c800000, 0x000000008c800000, 0x000000008c900000|  0%| F|  |TAMS 0x000000008c800000, 0x000000008c800000| Untracked 
| 201|0x000000008c900000, 0x000000008c900000, 0x000000008ca00000|  0%| F|  |TAMS 0x000000008c900000, 0x000000008c900000| Untracked 
| 202|0x000000008ca00000, 0x000000008ca00000, 0x000000008cb00000|  0%| F|  |TAMS 0x000000008ca00000, 0x000000008ca00000| Untracked 
| 203|0x000000008cb00000, 0x000000008cb00000, 0x000000008cc00000|  0%| F|  |TAMS 0x000000008cb00000, 0x000000008cb00000| Untracked 
| 204|0x000000008cc00000, 0x000000008cc00000, 0x000000008cd00000|  0%| F|  |TAMS 0x000000008cc00000, 0x000000008cc00000| Untracked 
| 205|0x000000008cd00000, 0x000000008cd00000, 0x000000008ce00000|  0%| F|  |TAMS 0x000000008cd00000, 0x000000008cd00000| Untracked 
| 206|0x000000008ce00000, 0x000000008ce00000, 0x000000008cf00000|  0%| F|  |TAMS 0x000000008ce00000, 0x000000008ce00000| Untracked 
| 207|0x000000008cf00000, 0x000000008cf00000, 0x000000008d000000|  0%| F|  |TAMS 0x000000008cf00000, 0x000000008cf00000| Untracked 
| 208|0x000000008d000000, 0x000000008d000000, 0x000000008d100000|  0%| F|  |TAMS 0x000000008d000000, 0x000000008d000000| Untracked 
| 209|0x000000008d100000, 0x000000008d100000, 0x000000008d200000|  0%| F|  |TAMS 0x000000008d100000, 0x000000008d100000| Untracked 
| 210|0x000000008d200000, 0x000000008d200000, 0x000000008d300000|  0%| F|  |TAMS 0x000000008d200000, 0x000000008d200000| Untracked 
| 211|0x000000008d300000, 0x000000008d300000, 0x000000008d400000|  0%| F|  |TAMS 0x000000008d300000, 0x000000008d300000| Untracked 
| 212|0x000000008d400000, 0x000000008d400000, 0x000000008d500000|  0%| F|  |TAMS 0x000000008d400000, 0x000000008d400000| Untracked 
| 213|0x000000008d500000, 0x000000008d500000, 0x000000008d600000|  0%| F|  |TAMS 0x000000008d500000, 0x000000008d500000| Untracked 
| 214|0x000000008d600000, 0x000000008d600000, 0x000000008d700000|  0%| F|  |TAMS 0x000000008d600000, 0x000000008d600000| Untracked 
| 215|0x000000008d700000, 0x000000008d700000, 0x000000008d800000|  0%| F|  |TAMS 0x000000008d700000, 0x000000008d700000| Untracked 
| 216|0x000000008d800000, 0x000000008d800000, 0x000000008d900000|  0%| F|  |TAMS 0x000000008d800000, 0x000000008d800000| Untracked 
| 217|0x000000008d900000, 0x000000008d900000, 0x000000008da00000|  0%| F|  |TAMS 0x000000008d900000, 0x000000008d900000| Untracked 
| 218|0x000000008da00000, 0x000000008da00000, 0x000000008db00000|  0%| F|  |TAMS 0x000000008da00000, 0x000000008da00000| Untracked 
| 219|0x000000008db00000, 0x000000008db00000, 0x000000008dc00000|  0%| F|  |TAMS 0x000000008db00000, 0x000000008db00000| Untracked 
| 220|0x000000008dc00000, 0x000000008dc00000, 0x000000008dd00000|  0%| F|  |TAMS 0x000000008dc00000, 0x000000008dc00000| Untracked 
| 221|0x000000008dd00000, 0x000000008dd00000, 0x000000008de00000|  0%| F|  |TAMS 0x000000008dd00000, 0x000000008dd00000| Untracked 
| 222|0x000000008de00000, 0x000000008de00000, 0x000000008df00000|  0%| F|  |TAMS 0x000000008de00000, 0x000000008de00000| Untracked 
| 223|0x000000008df00000, 0x000000008df00000, 0x000000008e000000|  0%| F|  |TAMS 0x000000008df00000, 0x000000008df00000| Untracked 
| 224|0x000000008e000000, 0x000000008e000000, 0x000000008e100000|  0%| F|  |TAMS 0x000000008e000000, 0x000000008e000000| Untracked 
| 225|0x000000008e100000, 0x000000008e100000, 0x000000008e200000|  0%| F|  |TAMS 0x000000008e100000, 0x000000008e100000| Untracked 
| 226|0x000000008e200000, 0x000000008e205ea0, 0x000000008e300000|  2%| E|  |TAMS 0x000000008e200000, 0x000000008e200000| Complete 
| 227|0x000000008e300000, 0x000000008e3ffeb8, 0x000000008e400000| 99%| E|  |TAMS 0x000000008e300000, 0x000000008e300000| Complete 
| 228|0x000000008e400000, 0x000000008e500000, 0x000000008e500000|100%| E|CS|TAMS 0x000000008e400000, 0x000000008e400000| Complete 
| 229|0x000000008e500000, 0x000000008e600000, 0x000000008e600000|100%| E|CS|TAMS 0x000000008e500000, 0x000000008e500000| Complete 
| 230|0x000000008e600000, 0x000000008e700000, 0x000000008e700000|100%| E|CS|TAMS 0x000000008e600000, 0x000000008e600000| Complete 

Card table byte_map: [0x000001acec310000,0x000001acec710000] _byte_map_base: 0x000001acebf10000

Marking Bits (Prev, Next): (CMBitMap*) 0x000001acd765c750, (CMBitMap*) 0x000001acd765c718
 Prev Bits: [0x000001aceeb10000, 0x000001acf0b10000)
 Next Bits: [0x000001acecb10000, 0x000001aceeb10000)

Polling page: 0x000001acdc8c0000

Metaspace:

Usage:
  Non-class:    113.06 MB capacity,   110.65 MB ( 98%) used,     1.98 MB (  2%) free+waste,   441.63 KB ( <1%) overhead. 
      Class:     17.38 MB capacity,    16.00 MB ( 92%) used,     1.18 MB (  7%) free+waste,   197.94 KB (  1%) overhead. 
       Both:    130.43 MB capacity,   126.65 MB ( 97%) used,     3.16 MB (  2%) free+waste,   639.56 KB ( <1%) overhead. 

Virtual space:
  Non-class space:      114.00 MB reserved,     113.17 MB (>99%) committed 
      Class space:        1.00 GB reserved,      17.45 MB (  2%) committed 
             Both:        1.11 GB reserved,     130.62 MB ( 11%) committed 

Chunk freelists:
   Non-Class:  49.00 KB
       Class:  0 bytes
        Both:  49.00 KB

MaxMetaspaceSize: 17179869184.00 GB
CompressedClassSpaceSize: 1.00 GB

CodeHeap 'non-profiled nmethods': size=120064Kb used=12563Kb max_used=12563Kb free=107500Kb
 bounds [0x000001ace43a0000, 0x000001ace4ff0000, 0x000001aceb8e0000]
CodeHeap 'profiled nmethods': size=120000Kb used=44543Kb max_used=44543Kb free=75456Kb
 bounds [0x000001acdce70000, 0x000001acdfa00000, 0x000001ace43a0000]
CodeHeap 'non-nmethods': size=5696Kb used=2380Kb max_used=2447Kb free=3315Kb
 bounds [0x000001acdc8e0000, 0x000001acdcb50000, 0x000001acdce70000]
 total_blobs=20639 nmethods=19637 adapters=911
 compilation: enabled
              stopped_count=0, restarted_count=0
 full_count=0

Compilation events (20 events):
Event: 192.265 Thread 0x000001acf3a08800 nmethod 20708 0x000001ace4fe4310 code [0x000001ace4fe44c0, 0x000001ace4fe49b8]
Event: 192.270 Thread 0x000001acf3a08800 20713       4       java.util.Locale::hashCode (41 bytes)
Event: 192.271 Thread 0x000001acf3a08800 nmethod 20713 0x000001ace4fe4c10 code [0x000001ace4fe4dc0, 0x000001ace4fe4e88]
Event: 192.273 Thread 0x000001acf3a0d000 20714       1       org.gradle.initialization.DefaultProjectDescriptor::getName (5 bytes)
Event: 192.273 Thread 0x000001acf3a0d000 nmethod 20714 0x000001ace4fe4f90 code [0x000001ace4fe5140, 0x000001ace4fe51f8]
Event: 192.302 Thread 0x000001acf3a08800 20715       4       java.lang.reflect.Constructor::<init> (50 bytes)
Event: 192.308 Thread 0x000001acf3a08800 nmethod 20715 0x000001ace4fe5290 code [0x000001ace4fe5420, 0x000001ace4fe5958]
Event: 192.310 Thread 0x000001acf3a08800 20716       4       java.util.Properties$LineReader::readLine (635 bytes)
Event: 192.317 Thread 0x000001acf3a0d000 20717       3       org.gradle.api.internal.project.DefaultProject::getExtensions (8 bytes)
Event: 192.317 Thread 0x000001acf3a0d000 nmethod 20717 0x000001acdf9f9310 code [0x000001acdf9f94e0, 0x000001acdf9f9858]
Event: 192.318 Thread 0x000001acf3a0d000 20719       3       java.util.Properties::<init> (32 bytes)
Event: 192.319 Thread 0x000001acf3a0d000 nmethod 20719 0x000001acdf9f9990 code [0x000001acdf9f9ba0, 0x000001acdf9f9fe8]
Event: 192.319 Thread 0x000001acf3a0d000 20718       3       java.util.Properties::<init> (8 bytes)
Event: 192.319 Thread 0x000001acf3a0d000 nmethod 20718 0x000001acdf9fa190 code [0x000001acdf9fa3a0, 0x000001acdf9fa848]
Event: 192.321 Thread 0x000001acf3a0d000 20721       3       java.math.BigInteger::<init> (38 bytes)
Event: 192.322 Thread 0x000001acf3a0d000 nmethod 20721 0x000001acdf9faa10 code [0x000001acdf9fac00, 0x000001acdf9fb108]
Event: 192.323 Thread 0x000001acf3a0d000 20722       3       org.gradle.api.internal.artifacts.repositories.DefaultUrlArtifactRepository::getUrl (25 bytes)
Event: 192.324 Thread 0x000001acf3a0d000 nmethod 20722 0x000001acdf9fb310 code [0x000001acdf9fb4e0, 0x000001acdf9fb708]
Event: 192.324 Thread 0x000001acf3a0d000 20723       3       org.gradle.api.internal.file.AbstractFileResolver::resolveUri (6 bytes)
Event: 192.324 Thread 0x000001acf3a0d000 nmethod 20723 0x000001acdf9fb810 code [0x000001acdf9fb9c0, 0x000001acdf9fbb68]

GC Heap History (20 events):
Event: 127.811 GC heap before
{Heap before GC invocations=26 (full 0):
 garbage-first heap   total 236544K, used 216986K [0x0000000080000000, 0x0000000100000000)
  region size 1024K, 82 young (83968K), 8 survivors (8192K)
 Metaspace       used 116894K, capacity 120236K, committed 120312K, reserved 1153024K
  class space    used 14979K, capacity 16179K, committed 16204K, reserved 1048576K
}
Event: 127.825 GC heap after
{Heap after GC invocations=27 (full 0):
 garbage-first heap   total 236544K, used 130207K [0x0000000080000000, 0x0000000100000000)
  region size 1024K, 9 young (9216K), 9 survivors (9216K)
 Metaspace       used 116894K, capacity 120236K, committed 120312K, reserved 1153024K
  class space    used 14979K, capacity 16179K, committed 16204K, reserved 1048576K
}
Event: 127.939 GC heap before
{Heap before GC invocations=27 (full 0):
 garbage-first heap   total 236544K, used 132255K [0x0000000080000000, 0x0000000100000000)
  region size 1024K, 11 young (11264K), 9 survivors (9216K)
 Metaspace       used 116949K, capacity 120239K, committed 120312K, reserved 1153024K
  class space    used 14979K, capacity 16179K, committed 16204K, reserved 1048576K
}
Event: 127.950 GC heap after
{Heap after GC invocations=28 (full 0):
 garbage-first heap   total 236544K, used 130116K [0x0000000080000000, 0x0000000100000000)
  region size 1024K, 1 young (1024K), 1 survivors (1024K)
 Metaspace       used 116949K, capacity 120239K, committed 120312K, reserved 1153024K
  class space    used 14979K, capacity 16179K, committed 16204K, reserved 1048576K
}
Event: 129.695 GC heap before
{Heap before GC invocations=28 (full 0):
 garbage-first heap   total 236544K, used 190532K [0x0000000080000000, 0x0000000100000000)
  region size 1024K, 60 young (61440K), 1 survivors (1024K)
 Metaspace       used 120536K, capacity 123992K, committed 124152K, reserved 1157120K
  class space    used 15430K, capacity 16664K, committed 16716K, reserved 1048576K
}
Event: 129.713 GC heap after
{Heap after GC invocations=29 (full 0):
 garbage-first heap   total 236544K, used 133916K [0x0000000080000000, 0x0000000100000000)
  region size 1024K, 5 young (5120K), 5 survivors (5120K)
 Metaspace       used 120536K, capacity 123992K, committed 124152K, reserved 1157120K
  class space    used 15430K, capacity 16664K, committed 16716K, reserved 1048576K
}
Event: 131.339 GC heap before
{Heap before GC invocations=30 (full 0):
 garbage-first heap   total 236544K, used 191260K [0x0000000080000000, 0x0000000100000000)
  region size 1024K, 62 young (63488K), 5 survivors (5120K)
 Metaspace       used 125442K, capacity 128961K, committed 129144K, reserved 1161216K
  class space    used 15961K, capacity 17251K, committed 17356K, reserved 1048576K
}
Event: 131.361 GC heap after
{Heap after GC invocations=31 (full 0):
 garbage-first heap   total 236544K, used 135415K [0x0000000080000000, 0x0000000100000000)
  region size 1024K, 4 young (4096K), 4 survivors (4096K)
 Metaspace       used 125442K, capacity 128961K, committed 129144K, reserved 1161216K
  class space    used 15961K, capacity 17251K, committed 17356K, reserved 1048576K
}
Event: 131.898 GC heap before
{Heap before GC invocations=31 (full 0):
 garbage-first heap   total 236544K, used 141559K [0x0000000080000000, 0x0000000100000000)
  region size 1024K, 11 young (11264K), 4 survivors (4096K)
 Metaspace       used 126393K, capacity 129889K, committed 130040K, reserved 1161216K
  class space    used 16048K, capacity 17347K, committed 17484K, reserved 1048576K
}
Event: 131.923 GC heap after
{Heap after GC invocations=32 (full 0):
 garbage-first heap   total 236544K, used 122981K [0x0000000080000000, 0x0000000100000000)
  region size 1024K, 1 young (1024K), 1 survivors (1024K)
 Metaspace       used 126393K, capacity 129889K, committed 130040K, reserved 1161216K
  class space    used 16048K, capacity 17347K, committed 17484K, reserved 1048576K
}
Event: 133.365 GC heap before
{Heap before GC invocations=32 (full 0):
 garbage-first heap   total 236544K, used 187493K [0x0000000080000000, 0x0000000100000000)
  region size 1024K, 65 young (66560K), 1 survivors (1024K)
 Metaspace       used 127707K, capacity 131300K, committed 131448K, reserved 1163264K
  class space    used 16215K, capacity 17572K, committed 17612K, reserved 1048576K
}
Event: 133.376 GC heap after
{Heap after GC invocations=33 (full 0):
 garbage-first heap   total 236544K, used 126802K [0x0000000080000000, 0x0000000100000000)
  region size 1024K, 5 young (5120K), 5 survivors (5120K)
 Metaspace       used 127707K, capacity 131300K, committed 131448K, reserved 1163264K
  class space    used 16215K, capacity 17572K, committed 17612K, reserved 1048576K
}
Event: 148.516 GC heap before
{Heap before GC invocations=34 (full 0):
 garbage-first heap   total 236544K, used 191314K [0x0000000080000000, 0x0000000100000000)
  region size 1024K, 68 young (69632K), 5 survivors (5120K)
 Metaspace       used 128996K, capacity 132722K, committed 132856K, reserved 1165312K
  class space    used 16352K, capacity 17734K, committed 17740K, reserved 1048576K
}
Event: 148.539 GC heap after
{Heap after GC invocations=35 (full 0):
 garbage-first heap   total 236544K, used 132876K [0x0000000080000000, 0x0000000100000000)
  region size 1024K, 9 young (9216K), 9 survivors (9216K)
 Metaspace       used 128996K, capacity 132722K, committed 132856K, reserved 1165312K
  class space    used 16352K, capacity 17734K, committed 17740K, reserved 1048576K
}
Event: 148.575 GC heap before
{Heap before GC invocations=35 (full 0):
 garbage-first heap   total 236544K, used 134924K [0x0000000080000000, 0x0000000100000000)
  region size 1024K, 11 young (11264K), 9 survivors (9216K)
 Metaspace       used 129002K, capacity 132722K, committed 132856K, reserved 1165312K
  class space    used 16352K, capacity 17734K, committed 17740K, reserved 1048576K
}
Event: 148.597 GC heap after
{Heap after GC invocations=36 (full 0):
 garbage-first heap   total 236544K, used 133062K [0x0000000080000000, 0x0000000100000000)
  region size 1024K, 1 young (1024K), 1 survivors (1024K)
 Metaspace       used 129002K, capacity 132722K, committed 132856K, reserved 1165312K
  class space    used 16352K, capacity 17734K, committed 17740K, reserved 1048576K
}
Event: 161.227 GC heap before
{Heap before GC invocations=36 (full 0):
 garbage-first heap   total 236544K, used 193478K [0x0000000080000000, 0x0000000100000000)
  region size 1024K, 61 young (62464K), 1 survivors (1024K)
 Metaspace       used 129370K, capacity 133174K, committed 133496K, reserved 1165312K
  class space    used 16368K, capacity 17763K, committed 17868K, reserved 1048576K
}
Event: 161.251 GC heap after
{Heap after GC invocations=37 (full 0):
 garbage-first heap   total 236544K, used 138619K [0x0000000080000000, 0x0000000100000000)
  region size 1024K, 7 young (7168K), 7 survivors (7168K)
 Metaspace       used 129370K, capacity 133174K, committed 133496K, reserved 1165312K
  class space    used 16368K, capacity 17763K, committed 17868K, reserved 1048576K
}
Event: 167.135 GC heap before
{Heap before GC invocations=38 (full 0):
 garbage-first heap   total 236544K, used 193915K [0x0000000080000000, 0x0000000100000000)
  region size 1024K, 62 young (63488K), 7 survivors (7168K)
 Metaspace       used 129636K, capacity 133478K, committed 133752K, reserved 1165312K
  class space    used 16381K, capacity 17788K, committed 17868K, reserved 1048576K
}
Event: 167.154 GC heap after
{Heap after GC invocations=39 (full 0):
 garbage-first heap   total 236544K, used 139856K [0x0000000080000000, 0x0000000100000000)
  region size 1024K, 6 young (6144K), 6 survivors (6144K)
 Metaspace       used 129636K, capacity 133478K, committed 133752K, reserved 1165312K
  class space    used 16381K, capacity 17788K, committed 17868K, reserved 1048576K
}

Deoptimization events (20 events):
Event: 166.275 Thread 0x000001acf933d000 DEOPT PACKING pc=0x000001acddda57a9 sp=0x0000006cd37f9d80
Event: 166.275 Thread 0x000001acf933d000 DEOPT UNPACKING pc=0x000001acdc9076ce sp=0x0000006cd37f9238 mode 0
Event: 166.275 Thread 0x000001acf933d000 DEOPT PACKING pc=0x000001acddda57a9 sp=0x0000006cd37f9d80
Event: 166.275 Thread 0x000001acf933d000 DEOPT UNPACKING pc=0x000001acdc9076ce sp=0x0000006cd37f9238 mode 0
Event: 166.926 Thread 0x000001acf9346800 DEOPT PACKING pc=0x000001acdd84df71 sp=0x0000006cd55fb400
Event: 166.926 Thread 0x000001acf9346800 DEOPT UNPACKING pc=0x000001acdc9076ce sp=0x0000006cd55fa8f8 mode 0
Event: 167.280 Thread 0x000001acf933d000 Uncommon trap: trap_request=0xffffffde fr.pc=0x000001ace4b4a5b8 relative=0x00000000000002d8
Event: 167.280 Thread 0x000001acf933d000 Uncommon trap: reason=class_check action=maybe_recompile pc=0x000001ace4b4a5b8 method=org.gradle.internal.snapshot.ChildMapFactory.childMapFromSorted(Ljava/util/List;)Lorg/gradle/internal/snapshot/ChildMap; @ 46 c2
Event: 167.280 Thread 0x000001acf933d000 DEOPT PACKING pc=0x000001ace4b4a5b8 sp=0x0000006cd37fae30
Event: 167.280 Thread 0x000001acf933d000 DEOPT UNPACKING pc=0x000001acdc9078af sp=0x0000006cd37fade0 mode 2
Event: 192.154 Thread 0x000001acf9340000 Uncommon trap: trap_request=0xfffffff4 fr.pc=0x000001ace470017c relative=0x000000000000089c
Event: 192.154 Thread 0x000001acf9340000 Uncommon trap: reason=null_check action=make_not_entrant pc=0x000001ace470017c method=java.lang.ThreadLocal$ThreadLocalMap.set(Ljava/lang/ThreadLocal;Ljava/lang/Object;)V @ 36 c2
Event: 192.154 Thread 0x000001acf9340000 DEOPT PACKING pc=0x000001ace470017c sp=0x0000006cd1dff1b0
Event: 192.154 Thread 0x000001acf9340000 DEOPT UNPACKING pc=0x000001acdc9078af sp=0x0000006cd1dff170 mode 2
Event: 192.273 Thread 0x000001acf933d000 Uncommon trap: trap_request=0xffffffde fr.pc=0x000001ace43f1fc0 relative=0x0000000000000b40
Event: 192.273 Thread 0x000001acf933d000 Uncommon trap: reason=class_check action=maybe_recompile pc=0x000001ace43f1fc0 method=com.google.common.cache.LocalCache$Segment.getLiveValue(Lcom/google/common/cache/ReferenceEntry;J)Ljava/lang/Object; @ 21 c2
Event: 192.273 Thread 0x000001acf933d000 DEOPT PACKING pc=0x000001ace43f1fc0 sp=0x0000006cd37fbbb0
Event: 192.273 Thread 0x000001acf933d000 DEOPT UNPACKING pc=0x000001acdc9078af sp=0x0000006cd37fbae8 mode 2
Event: 192.315 Thread 0x000001acf933d000 DEOPT PACKING pc=0x000001acdd3274f9 sp=0x0000006cd37fb9f0
Event: 192.316 Thread 0x000001acf933d000 DEOPT UNPACKING pc=0x000001acdc9076ce sp=0x0000006cd37faeb8 mode 0

Classes redefined (0 events):
No events

Internal exceptions (20 events):
Event: 147.875 Thread 0x000001acf933d000 Exception <a 'sun/nio/fs/WindowsException'{0x000000008b78a2f0}> (0x000000008b78a2f0) thrown at [./src/hotspot/share/prims/jni.cpp, line 615]
Event: 147.875 Thread 0x000001acf933d000 Exception <a 'sun/nio/fs/WindowsException'{0x000000008b78b3c0}> (0x000000008b78b3c0) thrown at [./src/hotspot/share/prims/jni.cpp, line 615]
Event: 147.875 Thread 0x000001acf933d000 Exception <a 'sun/nio/fs/WindowsException'{0x000000008b78c4e0}> (0x000000008b78c4e0) thrown at [./src/hotspot/share/prims/jni.cpp, line 615]
Event: 147.875 Thread 0x000001acf933d000 Exception <a 'sun/nio/fs/WindowsException'{0x000000008b78d600}> (0x000000008b78d600) thrown at [./src/hotspot/share/prims/jni.cpp, line 615]
Event: 159.796 Thread 0x000001acf933d000 Exception <a 'sun/nio/fs/WindowsException'{0x000000008c76d938}> (0x000000008c76d938) thrown at [./src/hotspot/share/prims/jni.cpp, line 615]
Event: 159.880 Thread 0x000001acf933d000 Exception <a 'java/lang/NoClassDefFoundError'{0x000000008c47e498}: org/jetbrains/kotlin/gradle/plugin/KotlinBasePluginWrapper> (0x000000008c47e498) thrown at [./src/hotspot/share/oops/constantPool.cpp, line 775]
Event: 159.922 Thread 0x000001acf933d000 Exception <a 'sun/nio/fs/WindowsException'{0x000000008c3730c8}> (0x000000008c3730c8) thrown at [./src/hotspot/share/prims/jni.cpp, line 615]
Event: 159.942 Thread 0x000001acf933d000 Exception <a 'sun/nio/fs/WindowsException'{0x000000008c20f110}> (0x000000008c20f110) thrown at [./src/hotspot/share/prims/jni.cpp, line 615]
Event: 159.942 Thread 0x000001acf933d000 Exception <a 'sun/nio/fs/WindowsException'{0x000000008c2101e0}> (0x000000008c2101e0) thrown at [./src/hotspot/share/prims/jni.cpp, line 615]
Event: 159.942 Thread 0x000001acf933d000 Exception <a 'sun/nio/fs/WindowsException'{0x000000008c211300}> (0x000000008c211300) thrown at [./src/hotspot/share/prims/jni.cpp, line 615]
Event: 159.942 Thread 0x000001acf933d000 Exception <a 'sun/nio/fs/WindowsException'{0x000000008c212420}> (0x000000008c212420) thrown at [./src/hotspot/share/prims/jni.cpp, line 615]
Event: 161.877 Thread 0x000001acf933d000 Implicit null exception at 0x000001ace4d7a280 to 0x000001ace4d7a726
Event: 166.063 Thread 0x000001acf933d000 Exception <a 'sun/nio/fs/WindowsException'{0x000000008d0defe0}> (0x000000008d0defe0) thrown at [./src/hotspot/share/prims/jni.cpp, line 615]
Event: 166.143 Thread 0x000001acf933d000 Exception <a 'java/lang/NoClassDefFoundError'{0x000000008cde0118}: org/jetbrains/kotlin/gradle/plugin/KotlinBasePluginWrapper> (0x000000008cde0118) thrown at [./src/hotspot/share/oops/constantPool.cpp, line 775]
Event: 166.261 Thread 0x000001acf933d000 Exception <a 'sun/nio/fs/WindowsException'{0x000000008ca43398}> (0x000000008ca43398) thrown at [./src/hotspot/share/prims/jni.cpp, line 615]
Event: 166.270 Thread 0x000001acf933d000 Exception <a 'sun/nio/fs/WindowsException'{0x000000008cadf260}> (0x000000008cadf260) thrown at [./src/hotspot/share/prims/jni.cpp, line 615]
Event: 166.271 Thread 0x000001acf933d000 Exception <a 'sun/nio/fs/WindowsException'{0x000000008cae0330}> (0x000000008cae0330) thrown at [./src/hotspot/share/prims/jni.cpp, line 615]
Event: 166.271 Thread 0x000001acf933d000 Exception <a 'sun/nio/fs/WindowsException'{0x000000008cae1450}> (0x000000008cae1450) thrown at [./src/hotspot/share/prims/jni.cpp, line 615]
Event: 166.271 Thread 0x000001acf933d000 Exception <a 'sun/nio/fs/WindowsException'{0x000000008cae2570}> (0x000000008cae2570) thrown at [./src/hotspot/share/prims/jni.cpp, line 615]
Event: 192.154 Thread 0x000001acf9340000 Implicit null exception at 0x000001ace46ff982 to 0x000001ace4700164

Events (20 events):
Event: 167.833 Executing VM operation: RevokeBias
Event: 167.833 Executing VM operation: RevokeBias done
Event: 167.833 Thread 0x000001acf63df000 Thread exited: 0x000001acf63df000
Event: 168.760 Thread 0x000001acf63ea800 Thread exited: 0x000001acf63ea800
Event: 173.772 loading class org/gradle/workers/internal/WorkerDaemonExpiration$SimpleMemoryExpirationSelector
Event: 173.772 loading class org/gradle/workers/internal/WorkerDaemonExpiration$SimpleMemoryExpirationSelector done
Event: 173.774 loading class org/gradle/workers/internal/WorkerDaemonClient
Event: 173.774 loading class org/gradle/workers/internal/WorkerDaemonClient done
Event: 192.154 Thread 0x000001acf9345000 Thread added: 0x000001acf9345000
Event: 192.190 Thread 0x000001acf9344000 Thread added: 0x000001acf9344000
Event: 192.199 Thread 0x000001acf933f800 Thread added: 0x000001acf933f800
Event: 192.200 Thread 0x000001acf9346000 Thread added: 0x000001acf9346000
Event: 192.200 Thread 0x000001acf9346800 Thread added: 0x000001acf9346800
Event: 192.206 Thread 0x000001acf9343800 Thread added: 0x000001acf9343800
Event: 192.208 Executing VM operation: RevokeBias
Event: 192.208 Executing VM operation: RevokeBias done
Event: 192.224 Thread 0x000001acf9341000 Thread added: 0x000001acf9341000
Event: 192.228 Thread 0x000001acf9347800 Thread added: 0x000001acf9347800
Event: 192.231 Thread 0x000001acf9341800 Thread added: 0x000001acf9341800
Event: 192.292 Thread 0x000001acf9349000 Thread added: 0x000001acf9349000


Dynamic libraries:
0x00007ff6fdc30000 - 0x00007ff6fdc3a000 	C:\Program Files\Android\Android Studio1\jre\bin\java.exe
0x00007ffbb7530000 - 0x00007ffbb7725000 	C:\Windows\SYSTEM32\ntdll.dll
0x00007ffbb5eb0000 - 0x00007ffbb5f6e000 	C:\Windows\System32\KERNEL32.DLL
0x00007ffbb4f80000 - 0x00007ffbb5249000 	C:\Windows\System32\KERNELBASE.dll
0x00007ffbb4c50000 - 0x00007ffbb4d50000 	C:\Windows\System32\ucrtbase.dll
0x00007ffb97530000 - 0x00007ffb97547000 	C:\Program Files\Android\Android Studio1\jre\bin\VCRUNTIME140.dll
0x00007ffb97510000 - 0x00007ffb97529000 	C:\Program Files\Android\Android Studio1\jre\bin\jli.dll
0x00007ffbb6a90000 - 0x00007ffbb6c31000 	C:\Windows\System32\USER32.dll
0x00007ffbb53f0000 - 0x00007ffbb5412000 	C:\Windows\System32\win32u.dll
0x00007ffb9e400000 - 0x00007ffb9e69a000 	C:\Windows\WinSxS\amd64_microsoft.windows.common-controls_6595b64144ccf1df_6.0.19041.1110_none_60b5254171f9507e\COMCTL32.dll
0x00007ffbb6860000 - 0x00007ffbb688b000 	C:\Windows\System32\GDI32.dll
0x00007ffbb6890000 - 0x00007ffbb692e000 	C:\Windows\System32\msvcrt.dll
0x00007ffbb5250000 - 0x00007ffbb535b000 	C:\Windows\System32\gdi32full.dll
0x00007ffbb4eb0000 - 0x00007ffbb4f4d000 	C:\Windows\System32\msvcp_win.dll
0x00007ffbb5c80000 - 0x00007ffbb5cb0000 	C:\Windows\System32\IMM32.DLL
0x00007ffb96ca0000 - 0x00007ffb96d3d000 	C:\Program Files\Android\Android Studio1\jre\bin\msvcp140.dll
0x00007ffb7f230000 - 0x00007ffb7fcff000 	C:\Program Files\Android\Android Studio1\jre\bin\server\jvm.dll
0x00007ffbb5780000 - 0x00007ffbb582c000 	C:\Windows\System32\ADVAPI32.dll
0x00007ffbb5f70000 - 0x00007ffbb600b000 	C:\Windows\System32\sechost.dll
0x00007ffbb5a80000 - 0x00007ffbb5baa000 	C:\Windows\System32\RPCRT4.dll
0x00007ffbb6a80000 - 0x00007ffbb6a88000 	C:\Windows\System32\PSAPI.DLL
0x00007ffba3b40000 - 0x00007ffba3b67000 	C:\Windows\SYSTEM32\WINMM.dll
0x00007ffbb2440000 - 0x00007ffbb2449000 	C:\Windows\SYSTEM32\WSOCK32.dll
0x00007ffbafa50000 - 0x00007ffbafa5a000 	C:\Windows\SYSTEM32\VERSION.dll
0x00007ffbb6930000 - 0x00007ffbb699b000 	C:\Windows\System32\WS2_32.dll
0x00007ffbb2b50000 - 0x00007ffbb2b62000 	C:\Windows\SYSTEM32\kernel.appcore.dll
0x00007ffbb0730000 - 0x00007ffbb0741000 	C:\Program Files\Android\Android Studio1\jre\bin\verify.dll
0x00007ffba5d30000 - 0x00007ffba5f14000 	C:\Windows\SYSTEM32\DBGHELP.DLL
0x00007ffba6150000 - 0x00007ffba617c000 	C:\Windows\SYSTEM32\dbgcore.DLL
0x00007ffbb5360000 - 0x00007ffbb53e3000 	C:\Windows\System32\bcryptPrimitives.dll
0x00007ffbb0700000 - 0x00007ffbb0729000 	C:\Program Files\Android\Android Studio1\jre\bin\java.dll
0x00007ffbb06f0000 - 0x00007ffbb06fb000 	C:\Program Files\Android\Android Studio1\jre\bin\jimage.dll
0x00007ffbb06d0000 - 0x00007ffbb06e8000 	C:\Program Files\Android\Android Studio1\jre\bin\zip.dll
0x00007ffbb6010000 - 0x00007ffbb674f000 	C:\Windows\System32\SHELL32.dll
0x00007ffbb2d50000 - 0x00007ffbb34e0000 	C:\Windows\SYSTEM32\windows.storage.dll
0x00007ffbb7170000 - 0x00007ffbb74c5000 	C:\Windows\System32\combase.dll
0x00007ffbb45d0000 - 0x00007ffbb45fc000 	C:\Windows\SYSTEM32\Wldp.dll
0x00007ffbb67b0000 - 0x00007ffbb685d000 	C:\Windows\System32\SHCORE.dll
0x00007ffbb5d10000 - 0x00007ffbb5d65000 	C:\Windows\System32\shlwapi.dll
0x00007ffbb4b90000 - 0x00007ffbb4baf000 	C:\Windows\SYSTEM32\profapi.dll
0x00007ffb9bea0000 - 0x00007ffb9beba000 	C:\Program Files\Android\Android Studio1\jre\bin\net.dll
0x00007ffbab540000 - 0x00007ffbab648000 	C:\Windows\SYSTEM32\WINHTTP.dll
0x00007ffbb4330000 - 0x00007ffbb439a000 	C:\Windows\system32\mswsock.dll
0x00007ffb9be80000 - 0x00007ffb9be94000 	C:\Program Files\Android\Android Studio1\jre\bin\nio.dll
0x00007ffb97550000 - 0x00007ffb97577000 	C:\Users\qinsh\.gradle\native\8bec1ad78214c89d9ad589b4d07fe93259594b29d510b10fafb7a158f7737e5d\windows-amd64\native-platform.dll
0x00007ffb7fda0000 - 0x00007ffb7fedd000 	C:\Users\qinsh\.gradle\native\53dbd7edfb1c66fb8903c78663c9afc45aea4f116125fa6feffd364cf09443e8\windows-amd64\native-platform-file-events.dll
0x00007ffbb06c0000 - 0x00007ffbb06ca000 	C:\Program Files\Android\Android Studio1\jre\bin\management.dll
0x00007ffb9bda0000 - 0x00007ffb9bdac000 	C:\Program Files\Android\Android Studio1\jre\bin\management_ext.dll
0x00007ffbb4530000 - 0x00007ffbb4548000 	C:\Windows\SYSTEM32\CRYPTSP.dll
0x00007ffbb3cb0000 - 0x00007ffbb3ce4000 	C:\Windows\system32\rsaenh.dll
0x00007ffbb4f50000 - 0x00007ffbb4f77000 	C:\Windows\System32\bcrypt.dll
0x00007ffbb4b50000 - 0x00007ffbb4b7e000 	C:\Windows\SYSTEM32\USERENV.dll
0x00007ffbb4520000 - 0x00007ffbb452c000 	C:\Windows\SYSTEM32\CRYPTBASE.dll
0x00007ffbb4020000 - 0x00007ffbb405b000 	C:\Windows\SYSTEM32\IPHLPAPI.DLL
0x00007ffbb5a70000 - 0x00007ffbb5a78000 	C:\Windows\System32\NSI.dll
0x00007ffbaeb00000 - 0x00007ffbaeb17000 	C:\Windows\SYSTEM32\dhcpcsvc6.DLL
0x00007ffbaeac0000 - 0x00007ffbaeadd000 	C:\Windows\SYSTEM32\dhcpcsvc.DLL
0x00007ffbb4060000 - 0x00007ffbb412c000 	C:\Windows\SYSTEM32\DNSAPI.dll
0x00007ffbb23b0000 - 0x00007ffbb2440000 	C:\Windows\system32\apphelp.dll
0x00007ffb96b90000 - 0x00007ffb96bb7000 	C:\Program Files\Android\Android Studio1\jre\bin\sunec.dll

dbghelp: loaded successfully - version: 4.0.5 - missing functions: none
symbol engine: initialized successfully - sym options: 0x614 - pdb path: .;C:\Program Files\Android\Android Studio1\jre\bin;C:\Windows\SYSTEM32;C:\Windows\WinSxS\amd64_microsoft.windows.common-controls_6595b64144ccf1df_6.0.19041.1110_none_60b5254171f9507e;C:\Program Files\Android\Android Studio1\jre\bin\server;C:\Users\qinsh\.gradle\native\8bec1ad78214c89d9ad589b4d07fe93259594b29d510b10fafb7a158f7737e5d\windows-amd64;C:\Users\qinsh\.gradle\native\53dbd7edfb1c66fb8903c78663c9afc45aea4f116125fa6feffd364cf09443e8\windows-amd64

VM Arguments:
jvm_args: --add-opens=java.base/java.util=ALL-UNNAMED --add-opens=java.base/java.lang=ALL-UNNAMED --add-opens=java.base/java.lang.invoke=ALL-UNNAMED --add-opens=java.base/java.util=ALL-UNNAMED --add-opens=java.prefs/java.util.prefs=ALL-UNNAMED --add-opens=java.prefs/java.util.prefs=ALL-UNNAMED --add-opens=java.base/java.nio.charset=ALL-UNNAMED --add-opens=java.base/java.net=ALL-UNNAMED --add-opens=java.base/java.util.concurrent.atomic=ALL-UNNAMED -Xmx2048m -Dfile.encoding=UTF-8 -Duser.country=CN -Duser.language=zh -Duser.variant 
java_command: org.gradle.launcher.daemon.bootstrap.GradleDaemon 7.0.2
java_class_path (initial): C:\Users\qinsh\.gradle\wrapper\dists\gradle-7.0.2-bin\857tjihv64xamwrf0h14cai3r\gradle-7.0.2\lib\gradle-launcher-7.0.2.jar
Launcher Type: SUN_STANDARD

[Global flags]
     intx CICompilerCount                          = 3                                         {product} {ergonomic}
     uint ConcGCThreads                            = 1                                         {product} {ergonomic}
     uint G1ConcRefinementThreads                  = 4                                         {product} {ergonomic}
   size_t G1HeapRegionSize                         = 1048576                                   {product} {ergonomic}
    uintx GCDrainStackTargetSize                   = 64                                        {product} {ergonomic}
   size_t InitialHeapSize                          = 201326592                                 {product} {ergonomic}
   size_t MarkStackSize                            = 4194304                                   {product} {ergonomic}
   size_t MaxHeapSize                              = 2147483648                                {product} {command line}
   size_t MaxNewSize                               = 1287651328                                {product} {ergonomic}
   size_t MinHeapDeltaBytes                        = 1048576                                   {product} {ergonomic}
    uintx NonNMethodCodeHeapSize                   = 5830732                                {pd product} {ergonomic}
    uintx NonProfiledCodeHeapSize                  = 122913754                              {pd product} {ergonomic}
    uintx ProfiledCodeHeapSize                     = 122913754                              {pd product} {ergonomic}
    uintx ReservedCodeCacheSize                    = 251658240                              {pd product} {ergonomic}
     bool SegmentedCodeCache                       = true                                      {product} {ergonomic}
     bool UseCompressedClassPointers               = true                                 {lp64_product} {ergonomic}
     bool UseCompressedOops                        = true                                 {lp64_product} {ergonomic}
     bool UseG1GC                                  = true                                      {product} {ergonomic}
     bool UseLargePagesIndividualAllocation        = false                                  {pd product} {ergonomic}

Logging:
Log output configuration:
 #0: stdout all=warning uptime,level,tags
 #1: stderr all=off uptime,level,tags

Environment Variables:
JAVA_HOME=C:\Program Files\AdoptOpenJDK\jdk-11.0.11.9-hotspot\
PATH=C:\Python39\Scripts\;C:\Python39\;C:\Program Files\AdoptOpenJDK\jdk-11.0.11.9-hotspot\bin;C:\Windows\system32;C:\Windows;C:\Windows\System32\Wbem;C:\Windows\System32\WindowsPowerShell\v1.0\;C:\Windows\System32\OpenSSH\;C:\Program Files\nodejs\;C:\ProgramData\chocolatey\bin;C:\Program Files\Git\cmd;C:\Users\qinsh\AppData\Local\Microsoft\WindowsApps;C:\Users\qinsh\AppData\Local\Programs\Microsoft VS Code\bin;C:\Program Files\JetBrains\CLion 2021.2.2\bin;;C:\go-bin;C:\Program Files\AdoptOpenJDK\jdk-11.0.11.9-hotspot\\bin;C:\Users\qinsh\AppData\Roaming\npm;C:\Program Files\JetBrains\IntelliJ IDEA 2021.2.2\bin;;C:\Users\qinsh\AppData\Local\GitHubDesktop\bin
USERNAME=Lillian
OS=Windows_NT
PROCESSOR_IDENTIFIER=Intel64 Family 6 Model 142 Stepping 9, GenuineIntel



---------------  S Y S T E M  ---------------

OS: Windows 10 , 64 bit Build 19041 (10.0.19041.1202)
OS uptime: 0 days 2:27 hours

CPU:total 4 (initial active 4) (2 cores per cpu, 2 threads per core) family 6 model 142 stepping 9 microcode 0xb4, cmov, cx8, fxsr, mmx, sse, sse2, sse3, ssse3, sse4.1, sse4.2, popcnt, avx, avx2, aes, clmul, erms, 3dnowpref, lzcnt, ht, tsc, tscinvbit, bmi1, bmi2, adx, fma

Memory: 4k page, system-wide physical 12188M (647M free)
TotalPageFile size 16284M (AvailPageFile size 5M)
current process WorkingSet (physical memory assigned to process): 545M, peak: 586M
current process commit charge ("private bytes"): 574M, peak: 614M

vm_info: OpenJDK 64-Bit Server VM (11.0.10+0-b96-7249189) for windows-amd64 JRE (11.0.10+0-b96-7249189), built on Mar 31 2021 21:44:00 by "builder" with MS VC++ 14.0 (VS2015)

END.
