#
# There is insufficient memory for the Java Runtime Environment to continue.
# Native memory allocation (mmap) failed to map 72351744 bytes for Failed to commit area from 0x0000000099100000 to 0x000000009d600000 of length 72351744.
# Possible reasons:
#   The system is out of physical RAM or swap space
#   The process is running with CompressedOops enabled, and the Java Heap may be blocking the growth of the native heap
# Possible solutions:
#   Reduce memory load on the system
#   Increase physical memory or swap space
#   Check if swap backing store is full
#   Decrease Java heap size (-Xmx/-Xms)
#   Decrease number of Java threads
#   Decrease Java thread stack sizes (-Xss)
#   Set larger code cache with -XX:ReservedCodeCacheSize=
#   JVM is running with Unscaled Compressed Oops mode in which the Java heap is
#     placed in the first 4GB address space. The Java Heap base address is the
#     maximum limit for the native heap growth. Please use -XX:HeapBaseMinAddress
#     to set the Java Heap base and to place the Java Heap above 4GB virtual address.
# This output file may be truncated or incomplete.
#
#  Out of Memory Error (./src/hotspot/os/windows/os_windows.cpp:3301), pid=12544, tid=9244
#
# JRE version: OpenJDK Runtime Environment (11.0.10) (build 11.0.10+0-b96-7249189)
# Java VM: OpenJDK 64-Bit Server VM (11.0.10+0-b96-7249189, mixed mode, tiered, compressed oops, g1 gc, windows-amd64)
# No core dump will be written. Minidumps are not enabled by default on client versions of Windows
#

---------------  S U M M A R Y ------------

Command Line: --add-opens=java.base/java.util=ALL-UNNAMED --add-opens=java.base/java.lang=ALL-UNNAMED --add-opens=java.base/java.lang.invoke=ALL-UNNAMED --add-opens=java.base/java.util=ALL-UNNAMED --add-opens=java.prefs/java.util.prefs=ALL-UNNAMED --add-opens=java.prefs/java.util.prefs=ALL-UNNAMED --add-opens=java.base/java.nio.charset=ALL-UNNAMED --add-opens=java.base/java.net=ALL-UNNAMED --add-opens=java.base/java.util.concurrent.atomic=ALL-UNNAMED -Xmx2048m -Dfile.encoding=UTF-8 -Duser.country=CN -Duser.language=zh -Duser.variant org.gradle.launcher.daemon.bootstrap.GradleDaemon 7.0.2

Host: Intel(R) Core(TM) i5-7200U CPU @ 2.50GHz, 4 cores, 11G,  Windows 10 , 64 bit Build 19041 (10.0.19041.1202)
Time: Thu Nov  4 23:46:13 2021 Ì«Æ½ÑóÏÄÁîÊ± elapsed time: 65.715248 seconds (0d 0h 1m 5s)

---------------  T H R E A D  ---------------

Current thread (0x0000017e7b5b4000):  VMThread "VM Thread" [stack: 0x0000004613d00000,0x0000004613e00000] [id=9244]

Stack: [0x0000004613d00000,0x0000004613e00000]
[error occurred during error reporting (printing stack bounds), id 0xc0000005, EXCEPTION_ACCESS_VIOLATION (0xc0000005) at pc=0x0000017e64e10f2d]

Native frames: (J=compiled Java code, j=interpreted, Vv=VM code, C=native code)
V  [jvm.dll+0x5ecfaa]
V  [jvm.dll+0x722bd5]
V  [jvm.dll+0x72412d]
V  [jvm.dll+0x724745]
V  [jvm.dll+0x7246fb]
V  [jvm.dll+0x5ec348]
V  [jvm.dll+0x5ecad8]
C  [ntdll.dll+0xa20cf]
C  [ntdll.dll+0x51454]
C  [ntdll.dll+0xa0bfe]
C  0x0000017e64e10f2d

VM_Operation (0x0000004616cf58e0): G1CollectForAllocation, mode: safepoint, requested by thread 0x0000017e01a99000


---------------  P R O C E S S  ---------------

Threads class SMR info:
_java_thread_list=0x0000017e7f0fd260, length=49, elements={
0x0000017e6131d800, 0x0000017e7bdd1800, 0x0000017e7bdd5000, 0x0000017e7be2b800,
0x0000017e7be2d000, 0x0000017e7be2e000, 0x0000017e7be31800, 0x0000017e7be32800,
0x0000017e7bebb000, 0x0000017e7bfa1000, 0x0000017e7e6f5000, 0x0000017e7f2f2800,
0x0000017e7ed8d000, 0x0000017e7e48b000, 0x0000017e7d948800, 0x0000017e7e002800,
0x0000017e7d2ac000, 0x0000017e7d52c800, 0x0000017e7e40b000, 0x0000017e7eb40800,
0x0000017e7eb3c000, 0x0000017e7eb41800, 0x0000017e7eb42800, 0x0000017e7eb3c800,
0x0000017e7eb3d800, 0x0000017e7eb40000, 0x0000017e7eb3e800, 0x0000017e7eb3f000,
0x0000017e7cec0000, 0x0000017e7cec1800, 0x0000017e7cec1000, 0x0000017e7cec4000,
0x0000017e7cec3800, 0x0000017e7cecb800, 0x0000017e7cec9000, 0x0000017e7cec6800,
0x0000017e7cec6000, 0x0000017e7cec8000, 0x0000017e7cecc800, 0x0000017e7ceca000,
0x0000017e7cecd000, 0x0000017e7ceca800, 0x0000017e01a99800, 0x0000017e01a99000,
0x0000017e01a9d000, 0x0000017e01a9c000, 0x0000017e01a98000, 0x0000017e01a9a800,
0x0000017e0372a800
}

Java Threads: ( => current thread )
  0x0000017e6131d800 JavaThread "main" [_thread_blocked, id=896, stack(0x0000004613700000,0x0000004613800000)]
  0x0000017e7bdd1800 JavaThread "Reference Handler" daemon [_thread_blocked, id=4380, stack(0x0000004613e00000,0x0000004613f00000)]
  0x0000017e7bdd5000 JavaThread "Finalizer" daemon [_thread_blocked, id=7376, stack(0x0000004613f00000,0x0000004614000000)]
  0x0000017e7be2b800 JavaThread "Signal Dispatcher" daemon [_thread_blocked, id=7084, stack(0x0000004614000000,0x0000004614100000)]
  0x0000017e7be2d000 JavaThread "Attach Listener" daemon [_thread_blocked, id=5824, stack(0x0000004614100000,0x0000004614200000)]
  0x0000017e7be2e000 JavaThread "Service Thread" daemon [_thread_blocked, id=14708, stack(0x0000004614200000,0x0000004614300000)]
  0x0000017e7be31800 JavaThread "C2 CompilerThread0" daemon [_thread_blocked, id=16172, stack(0x0000004614300000,0x0000004614400000)]
  0x0000017e7be32800 JavaThread "C1 CompilerThread0" daemon [_thread_blocked, id=884, stack(0x0000004614400000,0x0000004614500000)]
  0x0000017e7bebb000 JavaThread "Sweeper thread" daemon [_thread_blocked, id=19336, stack(0x0000004614500000,0x0000004614600000)]
  0x0000017e7bfa1000 JavaThread "Common-Cleaner" daemon [_thread_blocked, id=19316, stack(0x0000004614600000,0x0000004614700000)]
  0x0000017e7e6f5000 JavaThread "Daemon health stats" [_thread_blocked, id=8124, stack(0x0000004614c00000,0x0000004614d00000)]
  0x0000017e7f2f2800 JavaThread "Incoming local TCP Connector on port 59382" [_thread_in_native, id=17860, stack(0x0000004614b00000,0x0000004614c00000)]
  0x0000017e7ed8d000 JavaThread "Daemon" [_thread_blocked, id=12868, stack(0x0000004614d00000,0x0000004614e00000)]
  0x0000017e7e48b000 JavaThread "Handler for socket connection from /127.0.0.1:59382 to /127.0.0.1:59383" [_thread_in_native, id=13524, stack(0x0000004614e00000,0x0000004614f00000)]
  0x0000017e7d948800 JavaThread "Daemon periodic checks" [_thread_blocked, id=18620, stack(0x0000004614f00000,0x0000004615000000)]
  0x0000017e7e002800 JavaThread "Cancel handler" [_thread_blocked, id=13016, stack(0x0000004615000000,0x0000004615100000)]
  0x0000017e7d2ac000 JavaThread "Daemon worker" [_thread_blocked, id=18400, stack(0x0000004615100000,0x0000004615200000)]
  0x0000017e7d52c800 JavaThread "Asynchronous log dispatcher for DefaultDaemonConnection: socket connection from /127.0.0.1:59382 to /127.0.0.1:59383" [_thread_blocked, id=15436, stack(0x0000004615200000,0x0000004615300000)]
  0x0000017e7e40b000 JavaThread "Stdin handler" [_thread_blocked, id=13000, stack(0x0000004615300000,0x0000004615400000)]
  0x0000017e7eb40800 JavaThread "Daemon client event forwarder" [_thread_blocked, id=15412, stack(0x0000004615400000,0x0000004615500000)]
  0x0000017e7eb3c000 JavaThread "Cache worker for file hash cache (C:\Users\qinsh\.gradle\caches\7.0.2\fileHashes)" [_thread_blocked, id=14664, stack(0x0000004615500000,0x0000004615600000)]
  0x0000017e7eb41800 JavaThread "File lock request listener" [_thread_in_native, id=11628, stack(0x0000004615600000,0x0000004615700000)]
  0x0000017e7eb42800 JavaThread "Cache worker for journal cache (C:\Users\qinsh\.gradle\caches\journal-1)" [_thread_blocked, id=1312, stack(0x0000004615700000,0x0000004615800000)]
  0x0000017e7eb3c800 JavaThread "Cache worker for file hash cache (C:\Users\qinsh\Documents\GitHub\comp3717_A2\.gradle\7.0.2\fileHashes)" [_thread_blocked, id=5464, stack(0x0000004615900000,0x0000004615a00000)]
  0x0000017e7eb3d800 JavaThread "File watcher server" daemon [_thread_blocked, id=10620, stack(0x0000004615a00000,0x0000004615b00000)]
  0x0000017e7eb40000 JavaThread "File watcher consumer" daemon [_thread_blocked, id=6024, stack(0x0000004615b00000,0x0000004615c00000)]
  0x0000017e7eb3e800 JavaThread "Cache worker for checksums cache (C:\Users\qinsh\Documents\GitHub\comp3717_A2\.gradle\checksums)" [_thread_blocked, id=16620, stack(0x0000004615c00000,0x0000004615d00000)]
  0x0000017e7eb3f000 JavaThread "Cache worker for cache directory md-supplier (C:\Users\qinsh\.gradle\caches\7.0.2\md-supplier)" [_thread_blocked, id=20292, stack(0x0000004615d00000,0x0000004615e00000)]
  0x0000017e7cec0000 JavaThread "Cache worker for cache directory md-rule (C:\Users\qinsh\.gradle\caches\7.0.2\md-rule)" [_thread_blocked, id=764, stack(0x0000004615e00000,0x0000004615f00000)]
  0x0000017e7cec1800 JavaThread "Cache worker for execution history cache (C:\Users\qinsh\.gradle\caches\7.0.2\executionHistory)" [_thread_blocked, id=19424, stack(0x0000004615f00000,0x0000004616000000)]
  0x0000017e7cec1000 JavaThread "jar transforms" [_thread_blocked, id=16820, stack(0x0000004616000000,0x0000004616100000)]
  0x0000017e7cec4000 JavaThread "jar transforms Thread 2" [_thread_blocked, id=12988, stack(0x0000004616100000,0x0000004616200000)]
  0x0000017e7cec3800 JavaThread "Cache worker for file content cache (C:\Users\qinsh\.gradle\caches\7.0.2\fileContent)" [_thread_blocked, id=14716, stack(0x0000004616200000,0x0000004616300000)]
  0x0000017e7cecb800 JavaThread "Cache worker for dependencies-accessors (C:\Users\qinsh\Documents\GitHub\comp3717_A2\.gradle\7.0.2\dependencies-accessors)" [_thread_blocked, id=15420, stack(0x0000004616300000,0x0000004616400000)]
  0x0000017e7cec9000 JavaThread "jar transforms Thread 3" [_thread_blocked, id=17388, stack(0x0000004615800000,0x0000004615900000)]
  0x0000017e7cec6800 JavaThread "Cache worker for Build Output Cleanup Cache (C:\Users\qinsh\Documents\GitHub\comp3717_A2\.gradle\buildOutputCleanup)" [_thread_blocked, id=17988, stack(0x0000004616400000,0x0000004616500000)]
  0x0000017e7cec6000 JavaThread "Build operations" [_thread_blocked, id=2316, stack(0x0000004616600000,0x0000004616700000)]
  0x0000017e7cec8000 JavaThread "Build operations Thread 2" [_thread_blocked, id=8956, stack(0x0000004616700000,0x0000004616800000)]
  0x0000017e7cecc800 JavaThread "Build operations Thread 3" [_thread_blocked, id=9464, stack(0x0000004616800000,0x0000004616900000)]
  0x0000017e7ceca000 JavaThread "Build operations Thread 4" [_thread_blocked, id=15700, stack(0x0000004616900000,0x0000004616a00000)]
  0x0000017e7cecd000 JavaThread "jar transforms Thread 4" [_thread_blocked, id=17320, stack(0x0000004616a00000,0x0000004616b00000)]
  0x0000017e7ceca800 JavaThread "Memory manager" [_thread_blocked, id=6188, stack(0x0000004616b00000,0x0000004616c00000)]
  0x0000017e01a99800 JavaThread "build event listener" [_thread_blocked, id=17864, stack(0x0000004616500000,0x0000004616600000)]
  0x0000017e01a99000 JavaThread "Execution worker for ':'" [_thread_blocked, id=14556, stack(0x0000004616c00000,0x0000004616d00000)]
  0x0000017e01a9d000 JavaThread "Execution worker for ':' Thread 2" [_thread_blocked, id=14188, stack(0x0000004616d00000,0x0000004616e00000)]
  0x0000017e01a9c000 JavaThread "Execution worker for ':' Thread 3" [_thread_blocked, id=1004, stack(0x0000004616e00000,0x0000004616f00000)]
  0x0000017e01a98000 JavaThread "Cache worker for execution history cache (C:\Users\qinsh\Documents\GitHub\comp3717_A2\.gradle\7.0.2\executionHistory)" [_thread_blocked, id=6624, stack(0x0000004616f00000,0x0000004617000000)]
  0x0000017e01a9a800 JavaThread "WorkerExecutor Queue" [_thread_blocked, id=19292, stack(0x0000004613500000,0x0000004613600000)]
  0x0000017e0372a800 JavaThread "C2 CompilerThread1" daemon [_thread_in_native, id=18472, stack(0x0000004617200000,0x0000004617300000)]

Other Threads:
=>0x0000017e7b5b4000 VMThread "VM Thread" [stack: 0x0000004613d00000,0x0000004613e00000] [id=9244]
  0x0000017e7bfc7000 WatcherThread [stack: 0x0000004614700000,0x0000004614800000] [id=13224]
  0x0000017e61336000 GCTaskThread "GC Thread#0" [stack: 0x0000004613800000,0x0000004613900000] [id=9844]
  0x0000017e7c1cd000 GCTaskThread "GC Thread#1" [stack: 0x0000004614800000,0x0000004614900000] [id=16204]
  0x0000017e7ca2e000 GCTaskThread "GC Thread#2" [stack: 0x0000004614900000,0x0000004614a00000] [id=19076]
  0x0000017e7cb86800 GCTaskThread "GC Thread#3" [stack: 0x0000004614a00000,0x0000004614b00000] [id=8616]
  0x0000017e61368000 ConcurrentGCThread "G1 Main Marker" [stack: 0x0000004613900000,0x0000004613a00000] [id=12436]
  0x0000017e61369000 ConcurrentGCThread "G1 Conc#0" [stack: 0x0000004613a00000,0x0000004613b00000] [id=19092]
  0x0000017e7b402800 ConcurrentGCThread "G1 Refine#0" [stack: 0x0000004613b00000,0x0000004613c00000] [id=19444]
  0x0000017e7b403000 ConcurrentGCThread "G1 Young RemSet Sampling" [stack: 0x0000004613c00000,0x0000004613d00000] [id=15260]

Threads with active compile tasks:
C2 CompilerThread0  65744 15846       4       com.android.tools.r8.internal.Lv::a (270 bytes)
C2 CompilerThread1  65744 15862 %     4       com.android.tools.r8.internal.Le::a @ 797 (3140 bytes)

VM state:at safepoint (normal execution)

VM Mutex/Monitor currently owned by a thread:  ([mutex/lock_event])
[0x0000017e61319100] Threads_lock - owner thread: 0x0000017e7b5b4000
[0x0000017e613189b0] Heap_lock - owner thread: 0x0000017e01a99000

Heap address: 0x0000000080000000, size: 2048 MB, Compressed Oops mode: 32-bit
Narrow klass base: 0x0000000000000000, Narrow klass shift: 3
Compressed class space size: 1073741824 Address: 0x0000000100000000

Heap:
 garbage-first heap   total 481280K, used 134905K [0x0000000080000000, 0x0000000100000000)
  region size 1024K, 13 young (13312K), 13 survivors (13312K)
 Metaspace       used 100158K, capacity 102849K, committed 103116K, reserved 1138688K
  class space    used 12943K, capacity 13941K, committed 14028K, reserved 1048576K
Heap Regions: E=young(eden), S=young(survivor), O=old, HS=humongous(starts), HC=humongous(continues), CS=collection set, F=free, A=archive, TAMS=top-at-mark-start (previous, next)
|   0|0x0000000080000000, 0x0000000080100000, 0x0000000080100000|100%| O|  |TAMS 0x0000000080100000, 0x0000000080000000| Untracked 
|   1|0x0000000080100000, 0x0000000080200000, 0x0000000080200000|100%| O|  |TAMS 0x0000000080200000, 0x0000000080100000| Untracked 
|   2|0x0000000080200000, 0x0000000080300000, 0x0000000080300000|100%| O|  |TAMS 0x0000000080300000, 0x0000000080200000| Untracked 
|   3|0x0000000080300000, 0x0000000080400000, 0x0000000080400000|100%|HS|  |TAMS 0x0000000080400000, 0x0000000080300000| Complete 
|   4|0x0000000080400000, 0x0000000080500000, 0x0000000080500000|100%|HC|  |TAMS 0x0000000080500000, 0x0000000080400000| Complete 
|   5|0x0000000080500000, 0x0000000080600000, 0x0000000080600000|100%|HC|  |TAMS 0x0000000080600000, 0x0000000080500000| Complete 
|   6|0x0000000080600000, 0x0000000080700000, 0x0000000080700000|100%| O|  |TAMS 0x0000000080700000, 0x0000000080600000| Untracked 
|   7|0x0000000080700000, 0x0000000080800000, 0x0000000080800000|100%| O|  |TAMS 0x0000000080800000, 0x0000000080700000| Untracked 
|   8|0x0000000080800000, 0x0000000080900000, 0x0000000080900000|100%| O|  |TAMS 0x0000000080900000, 0x0000000080800000| Untracked 
|   9|0x0000000080900000, 0x0000000080a00000, 0x0000000080a00000|100%| O|  |TAMS 0x0000000080a00000, 0x0000000080900000| Untracked 
|  10|0x0000000080a00000, 0x0000000080b00000, 0x0000000080b00000|100%| O|  |TAMS 0x0000000080b00000, 0x0000000080a00000| Untracked 
|  11|0x0000000080b00000, 0x0000000080c00000, 0x0000000080c00000|100%| O|  |TAMS 0x0000000080c00000, 0x0000000080b00000| Untracked 
|  12|0x0000000080c00000, 0x0000000080d00000, 0x0000000080d00000|100%| O|  |TAMS 0x0000000080d00000, 0x0000000080c00000| Untracked 
|  13|0x0000000080d00000, 0x0000000080e00000, 0x0000000080e00000|100%| O|  |TAMS 0x0000000080e00000, 0x0000000080d00000| Untracked 
|  14|0x0000000080e00000, 0x0000000080f00000, 0x0000000080f00000|100%| O|  |TAMS 0x0000000080f00000, 0x0000000080e00000| Untracked 
|  15|0x0000000080f00000, 0x0000000081000000, 0x0000000081000000|100%| O|  |TAMS 0x0000000081000000, 0x0000000080f00000| Untracked 
|  16|0x0000000081000000, 0x0000000081100000, 0x0000000081100000|100%| O|  |TAMS 0x0000000081100000, 0x0000000081000000| Untracked 
|  17|0x0000000081100000, 0x0000000081200000, 0x0000000081200000|100%|HS|  |TAMS 0x0000000081200000, 0x0000000081100000| Complete 
|  18|0x0000000081200000, 0x0000000081300000, 0x0000000081300000|100%|HS|  |TAMS 0x0000000081300000, 0x0000000081200000| Complete 
|  19|0x0000000081300000, 0x0000000081400000, 0x0000000081400000|100%| O|  |TAMS 0x0000000081400000, 0x0000000081300000| Untracked 
|  20|0x0000000081400000, 0x0000000081500000, 0x0000000081500000|100%|HS|  |TAMS 0x0000000081500000, 0x0000000081400000| Complete 
|  21|0x0000000081500000, 0x0000000081600000, 0x0000000081600000|100%|HC|  |TAMS 0x0000000081600000, 0x0000000081500000| Complete 
|  22|0x0000000081600000, 0x0000000081700000, 0x0000000081700000|100%| O|  |TAMS 0x0000000081700000, 0x0000000081600000| Untracked 
|  23|0x0000000081700000, 0x0000000081800000, 0x0000000081800000|100%| O|  |TAMS 0x0000000081800000, 0x0000000081700000| Untracked 
|  24|0x0000000081800000, 0x0000000081900000, 0x0000000081900000|100%| O|  |TAMS 0x0000000081900000, 0x0000000081800000| Untracked 
|  25|0x0000000081900000, 0x0000000081a00000, 0x0000000081a00000|100%| O|  |TAMS 0x0000000081a00000, 0x0000000081900000| Untracked 
|  26|0x0000000081a00000, 0x0000000081b00000, 0x0000000081b00000|100%| O|  |TAMS 0x0000000081b00000, 0x0000000081a00000| Untracked 
|  27|0x0000000081b00000, 0x0000000081c00000, 0x0000000081c00000|100%| O|  |TAMS 0x0000000081c00000, 0x0000000081b00000| Untracked 
|  28|0x0000000081c00000, 0x0000000081d00000, 0x0000000081d00000|100%| O|  |TAMS 0x0000000081d00000, 0x0000000081c00000| Untracked 
|  29|0x0000000081d00000, 0x0000000081e00000, 0x0000000081e00000|100%| O|  |TAMS 0x0000000081e00000, 0x0000000081d00000| Untracked 
|  30|0x0000000081e00000, 0x0000000081f00000, 0x0000000081f00000|100%| O|  |TAMS 0x0000000081f00000, 0x0000000081e00000| Untracked 
|  31|0x0000000081f00000, 0x0000000082000000, 0x0000000082000000|100%| O|  |TAMS 0x0000000082000000, 0x0000000081f00000| Untracked 
|  32|0x0000000082000000, 0x0000000082100000, 0x0000000082100000|100%| O|  |TAMS 0x0000000082100000, 0x0000000082000000| Untracked 
|  33|0x0000000082100000, 0x0000000082200000, 0x0000000082200000|100%| O|  |TAMS 0x0000000082200000, 0x0000000082100000| Untracked 
|  34|0x0000000082200000, 0x0000000082300000, 0x0000000082300000|100%| O|  |TAMS 0x0000000082300000, 0x0000000082200000| Untracked 
|  35|0x0000000082300000, 0x0000000082400000, 0x0000000082400000|100%| O|  |TAMS 0x0000000082400000, 0x0000000082300000| Untracked 
|  36|0x0000000082400000, 0x0000000082500000, 0x0000000082500000|100%| O|  |TAMS 0x0000000082500000, 0x0000000082400000| Untracked 
|  37|0x0000000082500000, 0x0000000082600000, 0x0000000082600000|100%| O|  |TAMS 0x0000000082600000, 0x0000000082500000| Untracked 
|  38|0x0000000082600000, 0x0000000082700000, 0x0000000082700000|100%| O|  |TAMS 0x0000000082700000, 0x0000000082600000| Untracked 
|  39|0x0000000082700000, 0x0000000082800000, 0x0000000082800000|100%| O|  |TAMS 0x0000000082800000, 0x0000000082700000| Untracked 
|  40|0x0000000082800000, 0x0000000082900000, 0x0000000082900000|100%| O|  |TAMS 0x0000000082900000, 0x0000000082800000| Untracked 
|  41|0x0000000082900000, 0x0000000082a00000, 0x0000000082a00000|100%| O|  |TAMS 0x0000000082a00000, 0x0000000082900000| Untracked 
|  42|0x0000000082a00000, 0x0000000082b00000, 0x0000000082b00000|100%| O|  |TAMS 0x0000000082b00000, 0x0000000082a00000| Untracked 
|  43|0x0000000082b00000, 0x0000000082c00000, 0x0000000082c00000|100%| O|  |TAMS 0x0000000082c00000, 0x0000000082b00000| Untracked 
|  44|0x0000000082c00000, 0x0000000082d00000, 0x0000000082d00000|100%| O|  |TAMS 0x0000000082d00000, 0x0000000082c00000| Untracked 
|  45|0x0000000082d00000, 0x0000000082e00000, 0x0000000082e00000|100%| O|  |TAMS 0x0000000082e00000, 0x0000000082d00000| Untracked 
|  46|0x0000000082e00000, 0x0000000082f00000, 0x0000000082f00000|100%| O|  |TAMS 0x0000000082f00000, 0x0000000082e00000| Untracked 
|  47|0x0000000082f00000, 0x0000000083000000, 0x0000000083000000|100%| O|  |TAMS 0x0000000083000000, 0x0000000082f00000| Untracked 
|  48|0x0000000083000000, 0x0000000083100000, 0x0000000083100000|100%| O|  |TAMS 0x0000000083100000, 0x0000000083000000| Untracked 
|  49|0x0000000083100000, 0x0000000083200000, 0x0000000083200000|100%| O|  |TAMS 0x0000000083200000, 0x0000000083100000| Untracked 
|  50|0x0000000083200000, 0x0000000083300000, 0x0000000083300000|100%| O|  |TAMS 0x0000000083300000, 0x0000000083200000| Untracked 
|  51|0x0000000083300000, 0x0000000083400000, 0x0000000083400000|100%| O|  |TAMS 0x0000000083400000, 0x0000000083300000| Untracked 
|  52|0x0000000083400000, 0x0000000083500000, 0x0000000083500000|100%| O|  |TAMS 0x0000000083500000, 0x0000000083400000| Untracked 
|  53|0x0000000083500000, 0x0000000083600000, 0x0000000083600000|100%| O|  |TAMS 0x0000000083600000, 0x0000000083500000| Untracked 
|  54|0x0000000083600000, 0x0000000083700000, 0x0000000083700000|100%| O|  |TAMS 0x0000000083700000, 0x0000000083600000| Untracked 
|  55|0x0000000083700000, 0x0000000083800000, 0x0000000083800000|100%| O|  |TAMS 0x0000000083800000, 0x0000000083700000| Untracked 
|  56|0x0000000083800000, 0x0000000083900000, 0x0000000083900000|100%| O|  |TAMS 0x0000000083900000, 0x0000000083800000| Untracked 
|  57|0x0000000083900000, 0x0000000083a00000, 0x0000000083a00000|100%| O|  |TAMS 0x0000000083a00000, 0x0000000083900000| Untracked 
|  58|0x0000000083a00000, 0x0000000083b00000, 0x0000000083b00000|100%| O|  |TAMS 0x0000000083b00000, 0x0000000083a00000| Untracked 
|  59|0x0000000083b00000, 0x0000000083c00000, 0x0000000083c00000|100%| O|  |TAMS 0x0000000083c00000, 0x0000000083b00000| Untracked 
|  60|0x0000000083c00000, 0x0000000083d00000, 0x0000000083d00000|100%| O|  |TAMS 0x0000000083d00000, 0x0000000083c00000| Untracked 
|  61|0x0000000083d00000, 0x0000000083e00000, 0x0000000083e00000|100%| O|  |TAMS 0x0000000083e00000, 0x0000000083d00000| Untracked 
|  62|0x0000000083e00000, 0x0000000083f00000, 0x0000000083f00000|100%| O|  |TAMS 0x0000000083f00000, 0x0000000083e00000| Untracked 
|  63|0x0000000083f00000, 0x0000000084000000, 0x0000000084000000|100%| O|  |TAMS 0x0000000084000000, 0x0000000083f00000| Untracked 
|  64|0x0000000084000000, 0x0000000084100000, 0x0000000084100000|100%| O|  |TAMS 0x0000000084100000, 0x0000000084000000| Untracked 
|  65|0x0000000084100000, 0x0000000084200000, 0x0000000084200000|100%| O|  |TAMS 0x0000000084200000, 0x0000000084100000| Untracked 
|  66|0x0000000084200000, 0x0000000084300000, 0x0000000084300000|100%| O|  |TAMS 0x0000000084300000, 0x0000000084200000| Untracked 
|  67|0x0000000084300000, 0x0000000084400000, 0x0000000084400000|100%| O|  |TAMS 0x0000000084400000, 0x0000000084300000| Untracked 
|  68|0x0000000084400000, 0x0000000084500000, 0x0000000084500000|100%| O|  |TAMS 0x0000000084500000, 0x0000000084400000| Untracked 
|  69|0x0000000084500000, 0x0000000084600000, 0x0000000084600000|100%| O|  |TAMS 0x0000000084600000, 0x0000000084500000| Untracked 
|  70|0x0000000084600000, 0x0000000084700000, 0x0000000084700000|100%| O|  |TAMS 0x0000000084700000, 0x0000000084600000| Untracked 
|  71|0x0000000084700000, 0x0000000084800000, 0x0000000084800000|100%| O|  |TAMS 0x0000000084800000, 0x0000000084700000| Untracked 
|  72|0x0000000084800000, 0x0000000084900000, 0x0000000084900000|100%| O|  |TAMS 0x0000000084900000, 0x0000000084800000| Untracked 
|  73|0x0000000084900000, 0x0000000084a00000, 0x0000000084a00000|100%| O|  |TAMS 0x0000000084a00000, 0x0000000084900000| Untracked 
|  74|0x0000000084a00000, 0x0000000084b00000, 0x0000000084b00000|100%| O|  |TAMS 0x0000000084b00000, 0x0000000084a00000| Untracked 
|  75|0x0000000084b00000, 0x0000000084c00000, 0x0000000084c00000|100%| O|  |TAMS 0x0000000084c00000, 0x0000000084b00000| Untracked 
|  76|0x0000000084c00000, 0x0000000084d00000, 0x0000000084d00000|100%| O|  |TAMS 0x0000000084d00000, 0x0000000084c00000| Untracked 
|  77|0x0000000084d00000, 0x0000000084e00000, 0x0000000084e00000|100%| O|  |TAMS 0x0000000084e00000, 0x0000000084d00000| Untracked 
|  78|0x0000000084e00000, 0x0000000084f00000, 0x0000000084f00000|100%| O|  |TAMS 0x0000000084f00000, 0x0000000084e00000| Untracked 
|  79|0x0000000084f00000, 0x0000000085000000, 0x0000000085000000|100%| O|  |TAMS 0x0000000085000000, 0x0000000084f00000| Untracked 
|  80|0x0000000085000000, 0x0000000085100000, 0x0000000085100000|100%| O|  |TAMS 0x0000000085100000, 0x0000000085000000| Untracked 
|  81|0x0000000085100000, 0x0000000085200000, 0x0000000085200000|100%| O|  |TAMS 0x0000000085200000, 0x0000000085100000| Untracked 
|  82|0x0000000085200000, 0x0000000085300000, 0x0000000085300000|100%| O|  |TAMS 0x0000000085300000, 0x0000000085200000| Untracked 
|  83|0x0000000085300000, 0x0000000085400000, 0x0000000085400000|100%| O|  |TAMS 0x0000000085400000, 0x0000000085300000| Untracked 
|  84|0x0000000085400000, 0x0000000085500000, 0x0000000085500000|100%| O|  |TAMS 0x0000000085500000, 0x0000000085400000| Untracked 
|  85|0x0000000085500000, 0x0000000085600000, 0x0000000085600000|100%| O|  |TAMS 0x0000000085600000, 0x0000000085500000| Untracked 
|  86|0x0000000085600000, 0x0000000085700000, 0x0000000085700000|100%| O|  |TAMS 0x0000000085700000, 0x0000000085600000| Untracked 
|  87|0x0000000085700000, 0x0000000085800000, 0x0000000085800000|100%| O|  |TAMS 0x0000000085800000, 0x0000000085700000| Untracked 
|  88|0x0000000085800000, 0x0000000085900000, 0x0000000085900000|100%| O|  |TAMS 0x0000000085900000, 0x0000000085800000| Untracked 
|  89|0x0000000085900000, 0x0000000085a00000, 0x0000000085a00000|100%| O|  |TAMS 0x0000000085a00000, 0x0000000085900000| Untracked 
|  90|0x0000000085a00000, 0x0000000085b00000, 0x0000000085b00000|100%| O|  |TAMS 0x0000000085b00000, 0x0000000085a00000| Untracked 
|  91|0x0000000085b00000, 0x0000000085c00000, 0x0000000085c00000|100%| O|  |TAMS 0x0000000085c00000, 0x0000000085b00000| Untracked 
|  92|0x0000000085c00000, 0x0000000085d00000, 0x0000000085d00000|100%| O|  |TAMS 0x0000000085d00000, 0x0000000085c00000| Untracked 
|  93|0x0000000085d00000, 0x0000000085e00000, 0x0000000085e00000|100%| O|  |TAMS 0x0000000085e00000, 0x0000000085d00000| Untracked 
|  94|0x0000000085e00000, 0x0000000085f00000, 0x0000000085f00000|100%| O|  |TAMS 0x0000000085f00000, 0x0000000085e00000| Untracked 
|  95|0x0000000085f00000, 0x0000000086000000, 0x0000000086000000|100%| O|  |TAMS 0x0000000086000000, 0x0000000085f00000| Untracked 
|  96|0x0000000086000000, 0x0000000086100000, 0x0000000086100000|100%| O|  |TAMS 0x0000000086100000, 0x0000000086000000| Untracked 
|  97|0x0000000086100000, 0x0000000086200000, 0x0000000086200000|100%| O|  |TAMS 0x0000000086200000, 0x0000000086100000| Untracked 
|  98|0x0000000086200000, 0x0000000086300000, 0x0000000086300000|100%| O|  |TAMS 0x0000000086300000, 0x0000000086200000| Untracked 
|  99|0x0000000086300000, 0x0000000086400000, 0x0000000086400000|100%| O|  |TAMS 0x0000000086400000, 0x0000000086300000| Untracked 
| 100|0x0000000086400000, 0x0000000086500000, 0x0000000086500000|100%| O|  |TAMS 0x0000000086500000, 0x0000000086400000| Untracked 
| 101|0x0000000086500000, 0x0000000086600000, 0x0000000086600000|100%| O|  |TAMS 0x0000000086600000, 0x0000000086500000| Untracked 
| 102|0x0000000086600000, 0x0000000086700000, 0x0000000086700000|100%| O|  |TAMS 0x0000000086700000, 0x0000000086600000| Untracked 
| 103|0x0000000086700000, 0x0000000086800000, 0x0000000086800000|100%| O|  |TAMS 0x0000000086800000, 0x0000000086700000| Untracked 
| 104|0x0000000086800000, 0x0000000086900000, 0x0000000086900000|100%| O|  |TAMS 0x0000000086900000, 0x0000000086800000| Untracked 
| 105|0x0000000086900000, 0x0000000086a00000, 0x0000000086a00000|100%| O|  |TAMS 0x0000000086a00000, 0x0000000086900000| Untracked 
| 106|0x0000000086a00000, 0x0000000086b00000, 0x0000000086b00000|100%| O|  |TAMS 0x0000000086b00000, 0x0000000086a00000| Untracked 
| 107|0x0000000086b00000, 0x0000000086c00000, 0x0000000086c00000|100%| O|  |TAMS 0x0000000086c00000, 0x0000000086b00000| Untracked 
| 108|0x0000000086c00000, 0x0000000086d00000, 0x0000000086d00000|100%| O|  |TAMS 0x0000000086c00000, 0x0000000086c00000| Untracked 
| 109|0x0000000086d00000, 0x0000000086e00000, 0x0000000086e00000|100%| O|  |TAMS 0x0000000086d00000, 0x0000000086d00000| Untracked 
| 110|0x0000000086e00000, 0x0000000086f00000, 0x0000000086f00000|100%| O|  |TAMS 0x0000000086e00000, 0x0000000086e00000| Untracked 
| 111|0x0000000086f00000, 0x0000000087000000, 0x0000000087000000|100%| O|  |TAMS 0x0000000086f00000, 0x0000000086f00000| Untracked 
| 112|0x0000000087000000, 0x0000000087100000, 0x0000000087100000|100%| O|  |TAMS 0x0000000087000000, 0x0000000087000000| Untracked 
| 113|0x0000000087100000, 0x0000000087100000, 0x0000000087200000|  0%| F|  |TAMS 0x0000000087100000, 0x0000000087100000| Untracked 
| 114|0x0000000087200000, 0x0000000087200000, 0x0000000087300000|  0%| F|  |TAMS 0x0000000087200000, 0x0000000087200000| Untracked 
| 115|0x0000000087300000, 0x0000000087400000, 0x0000000087400000|100%| O|  |TAMS 0x0000000087300000, 0x0000000087300000| Untracked 
| 116|0x0000000087400000, 0x0000000087500000, 0x0000000087500000|100%| O|  |TAMS 0x0000000087400000, 0x0000000087400000| Untracked 
| 117|0x0000000087500000, 0x0000000087600000, 0x0000000087600000|100%| O|  |TAMS 0x0000000087500000, 0x0000000087500000| Untracked 
| 118|0x0000000087600000, 0x0000000087700000, 0x0000000087700000|100%| O|  |TAMS 0x0000000087600000, 0x0000000087600000| Untracked 
| 119|0x0000000087700000, 0x0000000087800000, 0x0000000087800000|100%| O|  |TAMS 0x0000000087700000, 0x0000000087700000| Untracked 
| 120|0x0000000087800000, 0x00000000878be600, 0x0000000087900000| 74%| O|  |TAMS 0x0000000087800000, 0x0000000087800000| Untracked 
| 121|0x0000000087900000, 0x0000000087900000, 0x0000000087a00000|  0%| F|  |TAMS 0x0000000087900000, 0x0000000087900000| Untracked 
| 122|0x0000000087a00000, 0x0000000087a00000, 0x0000000087b00000|  0%| F|  |TAMS 0x0000000087a00000, 0x0000000087a00000| Untracked 
| 123|0x0000000087b00000, 0x0000000087b00000, 0x0000000087c00000|  0%| F|  |TAMS 0x0000000087b00000, 0x0000000087b00000| Untracked 
| 124|0x0000000087c00000, 0x0000000087c00000, 0x0000000087d00000|  0%| F|  |TAMS 0x0000000087c00000, 0x0000000087c00000| Untracked 
| 125|0x0000000087d00000, 0x0000000087d00000, 0x0000000087e00000|  0%| F|  |TAMS 0x0000000087d00000, 0x0000000087d00000| Untracked 
| 126|0x0000000087e00000, 0x0000000087e00000, 0x0000000087f00000|  0%| F|  |TAMS 0x0000000087e00000, 0x0000000087e00000| Untracked 
| 127|0x0000000087f00000, 0x0000000087f00000, 0x0000000088000000|  0%| F|  |TAMS 0x0000000087f00000, 0x0000000087f00000| Untracked 
| 128|0x0000000088000000, 0x0000000088000000, 0x0000000088100000|  0%| F|  |TAMS 0x0000000088000000, 0x0000000088000000| Untracked 
| 129|0x0000000088100000, 0x0000000088100000, 0x0000000088200000|  0%| F|  |TAMS 0x0000000088100000, 0x0000000088100000| Untracked 
| 130|0x0000000088200000, 0x0000000088200000, 0x0000000088300000|  0%| F|  |TAMS 0x0000000088200000, 0x0000000088200000| Untracked 
| 131|0x0000000088300000, 0x0000000088300000, 0x0000000088400000|  0%| F|  |TAMS 0x0000000088300000, 0x0000000088300000| Untracked 
| 132|0x0000000088400000, 0x0000000088400000, 0x0000000088500000|  0%| F|  |TAMS 0x0000000088400000, 0x0000000088400000| Untracked 
| 133|0x0000000088500000, 0x0000000088500000, 0x0000000088600000|  0%| F|  |TAMS 0x0000000088500000, 0x0000000088500000| Untracked 
| 134|0x0000000088600000, 0x0000000088600000, 0x0000000088700000|  0%| F|  |TAMS 0x0000000088600000, 0x0000000088600000| Untracked 
| 135|0x0000000088700000, 0x0000000088700000, 0x0000000088800000|  0%| F|  |TAMS 0x0000000088700000, 0x0000000088700000| Untracked 
| 136|0x0000000088800000, 0x0000000088800000, 0x0000000088900000|  0%| F|  |TAMS 0x0000000088800000, 0x0000000088800000| Untracked 
| 137|0x0000000088900000, 0x0000000088900000, 0x0000000088a00000|  0%| F|  |TAMS 0x0000000088900000, 0x0000000088900000| Untracked 
| 138|0x0000000088a00000, 0x0000000088a00000, 0x0000000088b00000|  0%| F|  |TAMS 0x0000000088a00000, 0x0000000088a00000| Untracked 
| 139|0x0000000088b00000, 0x0000000088b00000, 0x0000000088c00000|  0%| F|  |TAMS 0x0000000088b00000, 0x0000000088b00000| Untracked 
| 140|0x0000000088c00000, 0x0000000088c00000, 0x0000000088d00000|  0%| F|  |TAMS 0x0000000088c00000, 0x0000000088c00000| Untracked 
| 141|0x0000000088d00000, 0x0000000088d00000, 0x0000000088e00000|  0%| F|  |TAMS 0x0000000088d00000, 0x0000000088d00000| Untracked 
| 142|0x0000000088e00000, 0x0000000088e00000, 0x0000000088f00000|  0%| F|  |TAMS 0x0000000088e00000, 0x0000000088e00000| Untracked 
| 143|0x0000000088f00000, 0x0000000088f00000, 0x0000000089000000|  0%| F|  |TAMS 0x0000000088f00000, 0x0000000088f00000| Untracked 
| 144|0x0000000089000000, 0x0000000089000000, 0x0000000089100000|  0%| F|  |TAMS 0x0000000089000000, 0x0000000089000000| Untracked 
| 145|0x0000000089100000, 0x0000000089100000, 0x0000000089200000|  0%| F|  |TAMS 0x0000000089100000, 0x0000000089100000| Untracked 
| 146|0x0000000089200000, 0x0000000089200000, 0x0000000089300000|  0%| F|  |TAMS 0x0000000089200000, 0x0000000089200000| Untracked 
| 147|0x0000000089300000, 0x0000000089300000, 0x0000000089400000|  0%| F|  |TAMS 0x0000000089300000, 0x0000000089300000| Untracked 
| 148|0x0000000089400000, 0x0000000089400000, 0x0000000089500000|  0%| F|  |TAMS 0x0000000089400000, 0x0000000089400000| Untracked 
| 149|0x0000000089500000, 0x0000000089500000, 0x0000000089600000|  0%| F|  |TAMS 0x0000000089500000, 0x0000000089500000| Untracked 
| 150|0x0000000089600000, 0x0000000089600000, 0x0000000089700000|  0%| F|  |TAMS 0x0000000089600000, 0x0000000089600000| Untracked 
| 151|0x0000000089700000, 0x0000000089700000, 0x0000000089800000|  0%| F|  |TAMS 0x0000000089700000, 0x0000000089700000| Untracked 
| 152|0x0000000089800000, 0x0000000089800000, 0x0000000089900000|  0%| F|  |TAMS 0x0000000089800000, 0x0000000089800000| Untracked 
| 153|0x0000000089900000, 0x0000000089900000, 0x0000000089a00000|  0%| F|  |TAMS 0x0000000089900000, 0x0000000089900000| Untracked 
| 154|0x0000000089a00000, 0x0000000089a00000, 0x0000000089b00000|  0%| F|  |TAMS 0x0000000089a00000, 0x0000000089a00000| Untracked 
| 155|0x0000000089b00000, 0x0000000089b00000, 0x0000000089c00000|  0%| F|  |TAMS 0x0000000089b00000, 0x0000000089b00000| Untracked 
| 156|0x0000000089c00000, 0x0000000089c00000, 0x0000000089d00000|  0%| F|  |TAMS 0x0000000089c00000, 0x0000000089c00000| Untracked 
| 157|0x0000000089d00000, 0x0000000089d00000, 0x0000000089e00000|  0%| F|  |TAMS 0x0000000089d00000, 0x0000000089d00000| Untracked 
| 158|0x0000000089e00000, 0x0000000089e00000, 0x0000000089f00000|  0%| F|  |TAMS 0x0000000089e00000, 0x0000000089e00000| Untracked 
| 159|0x0000000089f00000, 0x0000000089f00000, 0x000000008a000000|  0%| F|  |TAMS 0x0000000089f00000, 0x0000000089f00000| Untracked 
| 160|0x000000008a000000, 0x000000008a000000, 0x000000008a100000|  0%| F|  |TAMS 0x000000008a000000, 0x000000008a000000| Untracked 
| 161|0x000000008a100000, 0x000000008a100000, 0x000000008a200000|  0%| F|  |TAMS 0x000000008a100000, 0x000000008a100000| Untracked 
| 162|0x000000008a200000, 0x000000008a300000, 0x000000008a300000|100%| S|CS|TAMS 0x000000008a200000, 0x000000008a200000| Complete 
| 163|0x000000008a300000, 0x000000008a400000, 0x000000008a400000|100%| S|CS|TAMS 0x000000008a300000, 0x000000008a300000| Complete 
| 164|0x000000008a400000, 0x000000008a500000, 0x000000008a500000|100%| S|CS|TAMS 0x000000008a400000, 0x000000008a400000| Complete 
| 165|0x000000008a500000, 0x000000008a600000, 0x000000008a600000|100%| S|CS|TAMS 0x000000008a500000, 0x000000008a500000| Complete 
| 166|0x000000008a600000, 0x000000008a700000, 0x000000008a700000|100%| S|CS|TAMS 0x000000008a600000, 0x000000008a600000| Complete 
| 167|0x000000008a700000, 0x000000008a800000, 0x000000008a800000|100%| S|CS|TAMS 0x000000008a700000, 0x000000008a700000| Complete 
| 168|0x000000008a800000, 0x000000008a900000, 0x000000008a900000|100%| S|CS|TAMS 0x000000008a800000, 0x000000008a800000| Complete 
| 169|0x000000008a900000, 0x000000008aa00000, 0x000000008aa00000|100%| S|CS|TAMS 0x000000008a900000, 0x000000008a900000| Complete 
| 170|0x000000008aa00000, 0x000000008ab00000, 0x000000008ab00000|100%| S|CS|TAMS 0x000000008aa00000, 0x000000008aa00000| Complete 
| 171|0x000000008ab00000, 0x000000008ac00000, 0x000000008ac00000|100%| S|CS|TAMS 0x000000008ab00000, 0x000000008ab00000| Complete 
| 172|0x000000008ac00000, 0x000000008ad00000, 0x000000008ad00000|100%| S|CS|TAMS 0x000000008ac00000, 0x000000008ac00000| Complete 
| 173|0x000000008ad00000, 0x000000008ae00000, 0x000000008ae00000|100%| S|CS|TAMS 0x000000008ad00000, 0x000000008ad00000| Complete 
| 174|0x000000008ae00000, 0x000000008af00000, 0x000000008af00000|100%| S|CS|TAMS 0x000000008ae00000, 0x000000008ae00000| Complete 
| 175|0x000000008af00000, 0x000000008af00000, 0x000000008b000000|  0%| F|  |TAMS 0x000000008af00000, 0x000000008af00000| Untracked 
| 176|0x000000008b000000, 0x000000008b000000, 0x000000008b100000|  0%| F|  |TAMS 0x000000008b000000, 0x000000008b000000| Untracked 
| 177|0x000000008b100000, 0x000000008b100000, 0x000000008b200000|  0%| F|  |TAMS 0x000000008b100000, 0x000000008b100000| Untracked 
| 178|0x000000008b200000, 0x000000008b200000, 0x000000008b300000|  0%| F|  |TAMS 0x000000008b200000, 0x000000008b200000| Untracked 
| 179|0x000000008b300000, 0x000000008b300000, 0x000000008b400000|  0%| F|  |TAMS 0x000000008b300000, 0x000000008b300000| Untracked 
| 180|0x000000008b400000, 0x000000008b400000, 0x000000008b500000|  0%| F|  |TAMS 0x000000008b400000, 0x000000008b400000| Untracked 
| 181|0x000000008b500000, 0x000000008b500000, 0x000000008b600000|  0%| F|  |TAMS 0x000000008b500000, 0x000000008b500000| Untracked 
| 182|0x000000008b600000, 0x000000008b600000, 0x000000008b700000|  0%| F|  |TAMS 0x000000008b600000, 0x000000008b600000| Untracked 
| 183|0x000000008b700000, 0x000000008b700000, 0x000000008b800000|  0%| F|  |TAMS 0x000000008b700000, 0x000000008b700000| Untracked 
| 184|0x000000008b800000, 0x000000008b800000, 0x000000008b900000|  0%| F|  |TAMS 0x000000008b800000, 0x000000008b800000| Untracked 
| 185|0x000000008b900000, 0x000000008b900000, 0x000000008ba00000|  0%| F|  |TAMS 0x000000008b900000, 0x000000008b900000| Untracked 
| 186|0x000000008ba00000, 0x000000008ba00000, 0x000000008bb00000|  0%| F|  |TAMS 0x000000008ba00000, 0x000000008ba00000| Untracked 
| 187|0x000000008bb00000, 0x000000008bb00000, 0x000000008bc00000|  0%| F|  |TAMS 0x000000008bb00000, 0x000000008bb00000| Untracked 
| 188|0x000000008bc00000, 0x000000008bc00000, 0x000000008bd00000|  0%| F|  |TAMS 0x000000008bc00000, 0x000000008bc00000| Untracked 
| 189|0x000000008bd00000, 0x000000008bd00000, 0x000000008be00000|  0%| F|  |TAMS 0x000000008bd00000, 0x000000008bd00000| Untracked 
| 190|0x000000008be00000, 0x000000008be00000, 0x000000008bf00000|  0%| F|  |TAMS 0x000000008be00000, 0x000000008be00000| Untracked 
| 191|0x000000008bf00000, 0x000000008bf00000, 0x000000008c000000|  0%| F|  |TAMS 0x000000008bf00000, 0x000000008bf00000| Untracked 
| 192|0x000000008c000000, 0x000000008c000000, 0x000000008c100000|  0%| F|  |TAMS 0x000000008c000000, 0x000000008c000000| Untracked 
| 193|0x000000008c100000, 0x000000008c100000, 0x000000008c200000|  0%| F|  |TAMS 0x000000008c100000, 0x000000008c100000| Untracked 
| 194|0x000000008c200000, 0x000000008c200000, 0x000000008c300000|  0%| F|  |TAMS 0x000000008c200000, 0x000000008c200000| Untracked 
| 195|0x000000008c300000, 0x000000008c300000, 0x000000008c400000|  0%| F|  |TAMS 0x000000008c300000, 0x000000008c300000| Untracked 
| 196|0x000000008c400000, 0x000000008c400000, 0x000000008c500000|  0%| F|  |TAMS 0x000000008c400000, 0x000000008c400000| Untracked 
| 197|0x000000008c500000, 0x000000008c500000, 0x000000008c600000|  0%| F|  |TAMS 0x000000008c500000, 0x000000008c500000| Untracked 
| 198|0x000000008c600000, 0x000000008c600000, 0x000000008c700000|  0%| F|  |TAMS 0x000000008c600000, 0x000000008c600000| Untracked 
| 199|0x000000008c700000, 0x000000008c700000, 0x000000008c800000|  0%| F|  |TAMS 0x000000008c700000, 0x000000008c700000| Untracked 
| 200|0x000000008c800000, 0x000000008c800000, 0x000000008c900000|  0%| F|  |TAMS 0x000000008c800000, 0x000000008c800000| Untracked 
| 201|0x000000008c900000, 0x000000008c900000, 0x000000008ca00000|  0%| F|  |TAMS 0x000000008c900000, 0x000000008c900000| Untracked 
| 202|0x000000008ca00000, 0x000000008ca00000, 0x000000008cb00000|  0%| F|  |TAMS 0x000000008ca00000, 0x000000008ca00000| Untracked 
| 203|0x000000008cb00000, 0x000000008cb00000, 0x000000008cc00000|  0%| F|  |TAMS 0x000000008cb00000, 0x000000008cb00000| Untracked 
| 204|0x000000008cc00000, 0x000000008cc00000, 0x000000008cd00000|  0%| F|  |TAMS 0x000000008cc00000, 0x000000008cc00000| Untracked 
| 205|0x000000008cd00000, 0x000000008cd00000, 0x000000008ce00000|  0%| F|  |TAMS 0x000000008cd00000, 0x000000008cd00000| Untracked 
| 206|0x000000008ce00000, 0x000000008ce00000, 0x000000008cf00000|  0%| F|  |TAMS 0x000000008ce00000, 0x000000008ce00000| Untracked 
| 207|0x000000008cf00000, 0x000000008cf00000, 0x000000008d000000|  0%| F|  |TAMS 0x000000008cf00000, 0x000000008cf00000| Untracked 
| 208|0x000000008d000000, 0x000000008d000000, 0x000000008d100000|  0%| F|  |TAMS 0x000000008d000000, 0x000000008d000000| Untracked 
| 209|0x000000008d100000, 0x000000008d100000, 0x000000008d200000|  0%| F|  |TAMS 0x000000008d100000, 0x000000008d100000| Untracked 
| 210|0x000000008d200000, 0x000000008d200000, 0x000000008d300000|  0%| F|  |TAMS 0x000000008d200000, 0x000000008d200000| Untracked 
| 211|0x000000008d300000, 0x000000008d300000, 0x000000008d400000|  0%| F|  |TAMS 0x000000008d300000, 0x000000008d300000| Untracked 
| 212|0x000000008d400000, 0x000000008d400000, 0x000000008d500000|  0%| F|  |TAMS 0x000000008d400000, 0x000000008d400000| Untracked 
| 213|0x000000008d500000, 0x000000008d500000, 0x000000008d600000|  0%| F|  |TAMS 0x000000008d500000, 0x000000008d500000| Untracked 
| 214|0x000000008d600000, 0x000000008d600000, 0x000000008d700000|  0%| F|  |TAMS 0x000000008d600000, 0x000000008d600000| Untracked 
| 215|0x000000008d700000, 0x000000008d700000, 0x000000008d800000|  0%| F|  |TAMS 0x000000008d700000, 0x000000008d700000| Untracked 
| 216|0x000000008d800000, 0x000000008d800000, 0x000000008d900000|  0%| F|  |TAMS 0x000000008d800000, 0x000000008d800000| Untracked 
| 217|0x000000008d900000, 0x000000008d900000, 0x000000008da00000|  0%| F|  |TAMS 0x000000008d900000, 0x000000008d900000| Untracked 
| 218|0x000000008da00000, 0x000000008da00000, 0x000000008db00000|  0%| F|  |TAMS 0x000000008da00000, 0x000000008da00000| Untracked 
| 219|0x000000008db00000, 0x000000008db00000, 0x000000008dc00000|  0%| F|  |TAMS 0x000000008db00000, 0x000000008db00000| Untracked 
| 220|0x000000008dc00000, 0x000000008dc00000, 0x000000008dd00000|  0%| F|  |TAMS 0x000000008dc00000, 0x000000008dc00000| Untracked 
| 221|0x000000008dd00000, 0x000000008dd00000, 0x000000008de00000|  0%| F|  |TAMS 0x000000008dd00000, 0x000000008dd00000| Untracked 
| 222|0x000000008de00000, 0x000000008de00000, 0x000000008df00000|  0%| F|  |TAMS 0x000000008de00000, 0x000000008de00000| Untracked 
| 223|0x000000008df00000, 0x000000008df00000, 0x000000008e000000|  0%| F|  |TAMS 0x000000008df00000, 0x000000008df00000| Untracked 
| 224|0x000000008e000000, 0x000000008e000000, 0x000000008e100000|  0%| F|  |TAMS 0x000000008e000000, 0x000000008e000000| Untracked 
| 225|0x000000008e100000, 0x000000008e100000, 0x000000008e200000|  0%| F|  |TAMS 0x000000008e100000, 0x000000008e100000| Untracked 
| 226|0x000000008e200000, 0x000000008e200000, 0x000000008e300000|  0%| F|  |TAMS 0x000000008e200000, 0x000000008e200000| Untracked 
| 227|0x000000008e300000, 0x000000008e300000, 0x000000008e400000|  0%| F|  |TAMS 0x000000008e300000, 0x000000008e300000| Untracked 
| 228|0x000000008e400000, 0x000000008e400000, 0x000000008e500000|  0%| F|  |TAMS 0x000000008e400000, 0x000000008e400000| Untracked 
| 229|0x000000008e500000, 0x000000008e500000, 0x000000008e600000|  0%| F|  |TAMS 0x000000008e500000, 0x000000008e500000| Untracked 
| 230|0x000000008e600000, 0x000000008e600000, 0x000000008e700000|  0%| F|  |TAMS 0x000000008e600000, 0x000000008e600000| Untracked 
| 231|0x000000008e700000, 0x000000008e700000, 0x000000008e800000|  0%| F|  |TAMS 0x000000008e700000, 0x000000008e700000| Untracked 
| 232|0x000000008e800000, 0x000000008e800000, 0x000000008e900000|  0%| F|  |TAMS 0x000000008e800000, 0x000000008e800000| Untracked 
| 233|0x000000008e900000, 0x000000008e900000, 0x000000008ea00000|  0%| F|  |TAMS 0x000000008e900000, 0x000000008e900000| Untracked 
| 234|0x000000008ea00000, 0x000000008ea00000, 0x000000008eb00000|  0%| F|  |TAMS 0x000000008ea00000, 0x000000008ea00000| Untracked 
| 235|0x000000008eb00000, 0x000000008eb00000, 0x000000008ec00000|  0%| F|  |TAMS 0x000000008eb00000, 0x000000008eb00000| Untracked 
| 236|0x000000008ec00000, 0x000000008ec00000, 0x000000008ed00000|  0%| F|  |TAMS 0x000000008ec00000, 0x000000008ec00000| Untracked 
| 237|0x000000008ed00000, 0x000000008ed00000, 0x000000008ee00000|  0%| F|  |TAMS 0x000000008ed00000, 0x000000008ed00000| Untracked 
| 238|0x000000008ee00000, 0x000000008ee00000, 0x000000008ef00000|  0%| F|  |TAMS 0x000000008ee00000, 0x000000008ee00000| Untracked 
| 239|0x000000008ef00000, 0x000000008ef00000, 0x000000008f000000|  0%| F|  |TAMS 0x000000008ef00000, 0x000000008ef00000| Untracked 
| 240|0x000000008f000000, 0x000000008f000000, 0x000000008f100000|  0%| F|  |TAMS 0x000000008f000000, 0x000000008f000000| Untracked 
| 241|0x000000008f100000, 0x000000008f100000, 0x000000008f200000|  0%| F|  |TAMS 0x000000008f100000, 0x000000008f100000| Untracked 
| 242|0x000000008f200000, 0x000000008f200000, 0x000000008f300000|  0%| F|  |TAMS 0x000000008f200000, 0x000000008f200000| Untracked 
| 243|0x000000008f300000, 0x000000008f300000, 0x000000008f400000|  0%| F|  |TAMS 0x000000008f300000, 0x000000008f300000| Untracked 
| 244|0x000000008f400000, 0x000000008f400000, 0x000000008f500000|  0%| F|  |TAMS 0x000000008f400000, 0x000000008f400000| Untracked 
| 245|0x000000008f500000, 0x000000008f500000, 0x000000008f600000|  0%| F|  |TAMS 0x000000008f500000, 0x000000008f500000| Untracked 
| 246|0x000000008f600000, 0x000000008f600000, 0x000000008f700000|  0%| F|  |TAMS 0x000000008f600000, 0x000000008f600000| Untracked 
| 247|0x000000008f700000, 0x000000008f700000, 0x000000008f800000|  0%| F|  |TAMS 0x000000008f700000, 0x000000008f700000| Untracked 
| 248|0x000000008f800000, 0x000000008f800000, 0x000000008f900000|  0%| F|  |TAMS 0x000000008f800000, 0x000000008f800000| Untracked 
| 249|0x000000008f900000, 0x000000008f900000, 0x000000008fa00000|  0%| F|  |TAMS 0x000000008f900000, 0x000000008f900000| Untracked 
| 250|0x000000008fa00000, 0x000000008fa00000, 0x000000008fb00000|  0%| F|  |TAMS 0x000000008fa00000, 0x000000008fa00000| Untracked 
| 251|0x000000008fb00000, 0x000000008fb00000, 0x000000008fc00000|  0%| F|  |TAMS 0x000000008fb00000, 0x000000008fb00000| Untracked 
| 252|0x000000008fc00000, 0x000000008fc00000, 0x000000008fd00000|  0%| F|  |TAMS 0x000000008fc00000, 0x000000008fc00000| Untracked 
| 253|0x000000008fd00000, 0x000000008fd00000, 0x000000008fe00000|  0%| F|  |TAMS 0x000000008fd00000, 0x000000008fd00000| Untracked 
| 254|0x000000008fe00000, 0x000000008fe00000, 0x000000008ff00000|  0%| F|  |TAMS 0x000000008fe00000, 0x000000008fe00000| Untracked 
| 255|0x000000008ff00000, 0x000000008ff00000, 0x0000000090000000|  0%| F|  |TAMS 0x000000008ff00000, 0x000000008ff00000| Untracked 
| 256|0x0000000090000000, 0x0000000090000000, 0x0000000090100000|  0%| F|  |TAMS 0x0000000090000000, 0x0000000090000000| Untracked 
| 257|0x0000000090100000, 0x0000000090100000, 0x0000000090200000|  0%| F|  |TAMS 0x0000000090100000, 0x0000000090100000| Untracked 
| 258|0x0000000090200000, 0x0000000090200000, 0x0000000090300000|  0%| F|  |TAMS 0x0000000090200000, 0x0000000090200000| Untracked 
| 259|0x0000000090300000, 0x0000000090300000, 0x0000000090400000|  0%| F|  |TAMS 0x0000000090300000, 0x0000000090300000| Untracked 
| 260|0x0000000090400000, 0x0000000090400000, 0x0000000090500000|  0%| F|  |TAMS 0x0000000090400000, 0x0000000090400000| Untracked 
| 261|0x0000000090500000, 0x0000000090500000, 0x0000000090600000|  0%| F|  |TAMS 0x0000000090500000, 0x0000000090500000| Untracked 
| 262|0x0000000090600000, 0x0000000090600000, 0x0000000090700000|  0%| F|  |TAMS 0x0000000090600000, 0x0000000090600000| Untracked 
| 263|0x0000000090700000, 0x0000000090700000, 0x0000000090800000|  0%| F|  |TAMS 0x0000000090700000, 0x0000000090700000| Untracked 
| 264|0x0000000090800000, 0x0000000090800000, 0x0000000090900000|  0%| F|  |TAMS 0x0000000090800000, 0x0000000090800000| Untracked 
| 265|0x0000000090900000, 0x0000000090900000, 0x0000000090a00000|  0%| F|  |TAMS 0x0000000090900000, 0x0000000090900000| Untracked 
| 266|0x0000000090a00000, 0x0000000090a00000, 0x0000000090b00000|  0%| F|  |TAMS 0x0000000090a00000, 0x0000000090a00000| Untracked 
| 267|0x0000000090b00000, 0x0000000090b00000, 0x0000000090c00000|  0%| F|  |TAMS 0x0000000090b00000, 0x0000000090b00000| Untracked 
| 268|0x0000000090c00000, 0x0000000090c00000, 0x0000000090d00000|  0%| F|  |TAMS 0x0000000090c00000, 0x0000000090c00000| Untracked 
| 269|0x0000000090d00000, 0x0000000090d00000, 0x0000000090e00000|  0%| F|  |TAMS 0x0000000090d00000, 0x0000000090d00000| Untracked 
| 270|0x0000000090e00000, 0x0000000090e00000, 0x0000000090f00000|  0%| F|  |TAMS 0x0000000090e00000, 0x0000000090e00000| Untracked 
| 271|0x0000000090f00000, 0x0000000090f00000, 0x0000000091000000|  0%| F|  |TAMS 0x0000000090f00000, 0x0000000090f00000| Untracked 
| 272|0x0000000091000000, 0x0000000091000000, 0x0000000091100000|  0%| F|  |TAMS 0x0000000091000000, 0x0000000091000000| Untracked 
| 273|0x0000000091100000, 0x0000000091100000, 0x0000000091200000|  0%| F|  |TAMS 0x0000000091100000, 0x0000000091100000| Untracked 
| 274|0x0000000091200000, 0x0000000091200000, 0x0000000091300000|  0%| F|  |TAMS 0x0000000091200000, 0x0000000091200000| Untracked 
| 275|0x0000000091300000, 0x0000000091300000, 0x0000000091400000|  0%| F|  |TAMS 0x0000000091300000, 0x0000000091300000| Untracked 
| 276|0x0000000091400000, 0x0000000091400000, 0x0000000091500000|  0%| F|  |TAMS 0x0000000091400000, 0x0000000091400000| Untracked 
| 277|0x0000000091500000, 0x0000000091500000, 0x0000000091600000|  0%| F|  |TAMS 0x0000000091500000, 0x0000000091500000| Untracked 
| 278|0x0000000091600000, 0x0000000091600000, 0x0000000091700000|  0%| F|  |TAMS 0x0000000091600000, 0x0000000091600000| Untracked 
| 279|0x0000000091700000, 0x0000000091700000, 0x0000000091800000|  0%| F|  |TAMS 0x0000000091700000, 0x0000000091700000| Untracked 
| 280|0x0000000091800000, 0x0000000091800000, 0x0000000091900000|  0%| F|  |TAMS 0x0000000091800000, 0x0000000091800000| Untracked 
| 281|0x0000000091900000, 0x0000000091900000, 0x0000000091a00000|  0%| F|  |TAMS 0x0000000091900000, 0x0000000091900000| Untracked 
| 282|0x0000000091a00000, 0x0000000091a00000, 0x0000000091b00000|  0%| F|  |TAMS 0x0000000091a00000, 0x0000000091a00000| Untracked 
| 283|0x0000000091b00000, 0x0000000091b00000, 0x0000000091c00000|  0%| F|  |TAMS 0x0000000091b00000, 0x0000000091b00000| Untracked 
| 284|0x0000000091c00000, 0x0000000091c00000, 0x0000000091d00000|  0%| F|  |TAMS 0x0000000091c00000, 0x0000000091c00000| Untracked 
| 285|0x0000000091d00000, 0x0000000091d00000, 0x0000000091e00000|  0%| F|  |TAMS 0x0000000091d00000, 0x0000000091d00000| Untracked 
| 286|0x0000000091e00000, 0x0000000091e00000, 0x0000000091f00000|  0%| F|  |TAMS 0x0000000091e00000, 0x0000000091e00000| Untracked 
| 287|0x0000000091f00000, 0x0000000091f00000, 0x0000000092000000|  0%| F|  |TAMS 0x0000000091f00000, 0x0000000091f00000| Untracked 
| 288|0x0000000092000000, 0x0000000092000000, 0x0000000092100000|  0%| F|  |TAMS 0x0000000092000000, 0x0000000092000000| Untracked 
| 289|0x0000000092100000, 0x0000000092100000, 0x0000000092200000|  0%| F|  |TAMS 0x0000000092100000, 0x0000000092100000| Untracked 
| 290|0x0000000092200000, 0x0000000092200000, 0x0000000092300000|  0%| F|  |TAMS 0x0000000092200000, 0x0000000092200000| Untracked 
| 291|0x0000000092300000, 0x0000000092300000, 0x0000000092400000|  0%| F|  |TAMS 0x0000000092300000, 0x0000000092300000| Untracked 
| 292|0x0000000092400000, 0x0000000092400000, 0x0000000092500000|  0%| F|  |TAMS 0x0000000092400000, 0x0000000092400000| Untracked 
| 293|0x0000000092500000, 0x0000000092500000, 0x0000000092600000|  0%| F|  |TAMS 0x0000000092500000, 0x0000000092500000| Untracked 
| 294|0x0000000092600000, 0x0000000092600000, 0x0000000092700000|  0%| F|  |TAMS 0x0000000092600000, 0x0000000092600000| Untracked 
| 295|0x0000000092700000, 0x0000000092700000, 0x0000000092800000|  0%| F|  |TAMS 0x0000000092700000, 0x0000000092700000| Untracked 
| 296|0x0000000092800000, 0x0000000092800000, 0x0000000092900000|  0%| F|  |TAMS 0x0000000092800000, 0x0000000092800000| Untracked 
| 297|0x0000000092900000, 0x0000000092900000, 0x0000000092a00000|  0%| F|  |TAMS 0x0000000092900000, 0x0000000092900000| Untracked 
| 298|0x0000000092a00000, 0x0000000092a00000, 0x0000000092b00000|  0%| F|  |TAMS 0x0000000092a00000, 0x0000000092a00000| Untracked 
| 299|0x0000000092b00000, 0x0000000092b00000, 0x0000000092c00000|  0%| F|  |TAMS 0x0000000092b00000, 0x0000000092b00000| Untracked 
| 300|0x0000000092c00000, 0x0000000092c00000, 0x0000000092d00000|  0%| F|  |TAMS 0x0000000092c00000, 0x0000000092c00000| Untracked 
| 301|0x0000000092d00000, 0x0000000092d00000, 0x0000000092e00000|  0%| F|  |TAMS 0x0000000092d00000, 0x0000000092d00000| Untracked 
| 302|0x0000000092e00000, 0x0000000092e00000, 0x0000000092f00000|  0%| F|  |TAMS 0x0000000092e00000, 0x0000000092e00000| Untracked 
| 303|0x0000000092f00000, 0x0000000092f00000, 0x0000000093000000|  0%| F|  |TAMS 0x0000000092f00000, 0x0000000092f00000| Untracked 
| 304|0x0000000093000000, 0x0000000093000000, 0x0000000093100000|  0%| F|  |TAMS 0x0000000093000000, 0x0000000093000000| Untracked 
| 305|0x0000000093100000, 0x0000000093100000, 0x0000000093200000|  0%| F|  |TAMS 0x0000000093100000, 0x0000000093100000| Untracked 
| 306|0x0000000093200000, 0x0000000093200000, 0x0000000093300000|  0%| F|  |TAMS 0x0000000093200000, 0x0000000093200000| Untracked 
| 307|0x0000000093300000, 0x0000000093300000, 0x0000000093400000|  0%| F|  |TAMS 0x0000000093300000, 0x0000000093300000| Untracked 
| 308|0x0000000093400000, 0x0000000093400000, 0x0000000093500000|  0%| F|  |TAMS 0x0000000093400000, 0x0000000093400000| Untracked 
| 309|0x0000000093500000, 0x0000000093500000, 0x0000000093600000|  0%| F|  |TAMS 0x0000000093500000, 0x0000000093500000| Untracked 
| 310|0x0000000093600000, 0x0000000093600000, 0x0000000093700000|  0%| F|  |TAMS 0x0000000093600000, 0x0000000093600000| Untracked 
| 311|0x0000000093700000, 0x0000000093700000, 0x0000000093800000|  0%| F|  |TAMS 0x0000000093700000, 0x0000000093700000| Untracked 
| 312|0x0000000093800000, 0x0000000093800000, 0x0000000093900000|  0%| F|  |TAMS 0x0000000093800000, 0x0000000093800000| Untracked 
| 313|0x0000000093900000, 0x0000000093900000, 0x0000000093a00000|  0%| F|  |TAMS 0x0000000093900000, 0x0000000093900000| Untracked 
| 314|0x0000000093a00000, 0x0000000093a00000, 0x0000000093b00000|  0%| F|  |TAMS 0x0000000093a00000, 0x0000000093a00000| Untracked 
| 315|0x0000000093b00000, 0x0000000093b00000, 0x0000000093c00000|  0%| F|  |TAMS 0x0000000093b00000, 0x0000000093b00000| Untracked 
| 316|0x0000000093c00000, 0x0000000093c00000, 0x0000000093d00000|  0%| F|  |TAMS 0x0000000093c00000, 0x0000000093c00000| Untracked 
| 317|0x0000000093d00000, 0x0000000093d00000, 0x0000000093e00000|  0%| F|  |TAMS 0x0000000093d00000, 0x0000000093d00000| Untracked 
| 318|0x0000000093e00000, 0x0000000093e00000, 0x0000000093f00000|  0%| F|  |TAMS 0x0000000093e00000, 0x0000000093e00000| Untracked 
| 319|0x0000000093f00000, 0x0000000093f00000, 0x0000000094000000|  0%| F|  |TAMS 0x0000000093f00000, 0x0000000093f00000| Untracked 
| 320|0x0000000094000000, 0x0000000094000000, 0x0000000094100000|  0%| F|  |TAMS 0x0000000094000000, 0x0000000094000000| Untracked 
| 321|0x0000000094100000, 0x0000000094100000, 0x0000000094200000|  0%| F|  |TAMS 0x0000000094100000, 0x0000000094100000| Untracked 
| 322|0x0000000094200000, 0x0000000094200000, 0x0000000094300000|  0%| F|  |TAMS 0x0000000094200000, 0x0000000094200000| Untracked 
| 323|0x0000000094300000, 0x0000000094300000, 0x0000000094400000|  0%| F|  |TAMS 0x0000000094300000, 0x0000000094300000| Untracked 
| 324|0x0000000094400000, 0x0000000094400000, 0x0000000094500000|  0%| F|  |TAMS 0x0000000094400000, 0x0000000094400000| Untracked 
| 325|0x0000000094500000, 0x0000000094500000, 0x0000000094600000|  0%| F|  |TAMS 0x0000000094500000, 0x0000000094500000| Untracked 
| 326|0x0000000094600000, 0x0000000094600000, 0x0000000094700000|  0%| F|  |TAMS 0x0000000094600000, 0x0000000094600000| Untracked 
| 327|0x0000000094700000, 0x0000000094700000, 0x0000000094800000|  0%| F|  |TAMS 0x0000000094700000, 0x0000000094700000| Untracked 
| 328|0x0000000094800000, 0x0000000094800000, 0x0000000094900000|  0%| F|  |TAMS 0x0000000094800000, 0x0000000094800000| Untracked 
| 329|0x0000000094900000, 0x0000000094900000, 0x0000000094a00000|  0%| F|  |TAMS 0x0000000094900000, 0x0000000094900000| Untracked 
| 330|0x0000000094a00000, 0x0000000094a00000, 0x0000000094b00000|  0%| F|  |TAMS 0x0000000094a00000, 0x0000000094a00000| Untracked 
| 331|0x0000000094b00000, 0x0000000094b00000, 0x0000000094c00000|  0%| F|  |TAMS 0x0000000094b00000, 0x0000000094b00000| Untracked 
| 332|0x0000000094c00000, 0x0000000094c00000, 0x0000000094d00000|  0%| F|  |TAMS 0x0000000094c00000, 0x0000000094c00000| Untracked 
| 333|0x0000000094d00000, 0x0000000094d00000, 0x0000000094e00000|  0%| F|  |TAMS 0x0000000094d00000, 0x0000000094d00000| Untracked 
| 334|0x0000000094e00000, 0x0000000094e00000, 0x0000000094f00000|  0%| F|  |TAMS 0x0000000094e00000, 0x0000000094e00000| Untracked 
| 335|0x0000000094f00000, 0x0000000094f00000, 0x0000000095000000|  0%| F|  |TAMS 0x0000000094f00000, 0x0000000094f00000| Untracked 
| 336|0x0000000095000000, 0x0000000095000000, 0x0000000095100000|  0%| F|  |TAMS 0x0000000095000000, 0x0000000095000000| Untracked 
| 337|0x0000000095100000, 0x0000000095100000, 0x0000000095200000|  0%| F|  |TAMS 0x0000000095100000, 0x0000000095100000| Untracked 
| 338|0x0000000095200000, 0x0000000095200000, 0x0000000095300000|  0%| F|  |TAMS 0x0000000095200000, 0x0000000095200000| Untracked 
| 339|0x0000000095300000, 0x0000000095300000, 0x0000000095400000|  0%| F|  |TAMS 0x0000000095300000, 0x0000000095300000| Untracked 
| 340|0x0000000095400000, 0x0000000095400000, 0x0000000095500000|  0%| F|  |TAMS 0x0000000095400000, 0x0000000095400000| Untracked 
| 341|0x0000000095500000, 0x0000000095500000, 0x0000000095600000|  0%| F|  |TAMS 0x0000000095500000, 0x0000000095500000| Untracked 
| 342|0x0000000095600000, 0x0000000095600000, 0x0000000095700000|  0%| F|  |TAMS 0x0000000095600000, 0x0000000095600000| Untracked 
| 343|0x0000000095700000, 0x0000000095700000, 0x0000000095800000|  0%| F|  |TAMS 0x0000000095700000, 0x0000000095700000| Untracked 
| 344|0x0000000095800000, 0x0000000095800000, 0x0000000095900000|  0%| F|  |TAMS 0x0000000095800000, 0x0000000095800000| Untracked 
| 345|0x0000000095900000, 0x0000000095900000, 0x0000000095a00000|  0%| F|  |TAMS 0x0000000095900000, 0x0000000095900000| Untracked 
| 346|0x0000000095a00000, 0x0000000095a00000, 0x0000000095b00000|  0%| F|  |TAMS 0x0000000095a00000, 0x0000000095a00000| Untracked 
| 347|0x0000000095b00000, 0x0000000095b00000, 0x0000000095c00000|  0%| F|  |TAMS 0x0000000095b00000, 0x0000000095b00000| Untracked 
| 348|0x0000000095c00000, 0x0000000095c00000, 0x0000000095d00000|  0%| F|  |TAMS 0x0000000095c00000, 0x0000000095c00000| Untracked 
| 349|0x0000000095d00000, 0x0000000095d00000, 0x0000000095e00000|  0%| F|  |TAMS 0x0000000095d00000, 0x0000000095d00000| Untracked 
| 350|0x0000000095e00000, 0x0000000095e00000, 0x0000000095f00000|  0%| F|  |TAMS 0x0000000095e00000, 0x0000000095e00000| Untracked 
| 351|0x0000000095f00000, 0x0000000095f00000, 0x0000000096000000|  0%| F|  |TAMS 0x0000000095f00000, 0x0000000095f00000| Untracked 
| 352|0x0000000096000000, 0x0000000096000000, 0x0000000096100000|  0%| F|  |TAMS 0x0000000096000000, 0x0000000096000000| Untracked 
| 353|0x0000000096100000, 0x0000000096100000, 0x0000000096200000|  0%| F|  |TAMS 0x0000000096100000, 0x0000000096100000| Untracked 
| 354|0x0000000096200000, 0x0000000096200000, 0x0000000096300000|  0%| F|  |TAMS 0x0000000096200000, 0x0000000096200000| Untracked 
| 355|0x0000000096300000, 0x0000000096300000, 0x0000000096400000|  0%| F|  |TAMS 0x0000000096300000, 0x0000000096300000| Untracked 
| 356|0x0000000096400000, 0x0000000096400000, 0x0000000096500000|  0%| F|  |TAMS 0x0000000096400000, 0x0000000096400000| Untracked 
| 357|0x0000000096500000, 0x0000000096500000, 0x0000000096600000|  0%| F|  |TAMS 0x0000000096500000, 0x0000000096500000| Untracked 
| 358|0x0000000096600000, 0x0000000096600000, 0x0000000096700000|  0%| F|  |TAMS 0x0000000096600000, 0x0000000096600000| Untracked 
| 359|0x0000000096700000, 0x0000000096700000, 0x0000000096800000|  0%| F|  |TAMS 0x0000000096700000, 0x0000000096700000| Untracked 
| 360|0x0000000096800000, 0x0000000096800000, 0x0000000096900000|  0%| F|  |TAMS 0x0000000096800000, 0x0000000096800000| Untracked 
| 361|0x0000000096900000, 0x0000000096900000, 0x0000000096a00000|  0%| F|  |TAMS 0x0000000096900000, 0x0000000096900000| Untracked 
| 362|0x0000000096a00000, 0x0000000096a00000, 0x0000000096b00000|  0%| F|  |TAMS 0x0000000096a00000, 0x0000000096a00000| Untracked 
| 363|0x0000000096b00000, 0x0000000096b00000, 0x0000000096c00000|  0%| F|  |TAMS 0x0000000096b00000, 0x0000000096b00000| Untracked 
| 364|0x0000000096c00000, 0x0000000096c00000, 0x0000000096d00000|  0%| F|  |TAMS 0x0000000096c00000, 0x0000000096c00000| Untracked 
| 365|0x0000000096d00000, 0x0000000096d00000, 0x0000000096e00000|  0%| F|  |TAMS 0x0000000096d00000, 0x0000000096d00000| Untracked 
| 366|0x0000000096e00000, 0x0000000096e00000, 0x0000000096f00000|  0%| F|  |TAMS 0x0000000096e00000, 0x0000000096e00000| Untracked 
| 367|0x0000000096f00000, 0x0000000096f00000, 0x0000000097000000|  0%| F|  |TAMS 0x0000000096f00000, 0x0000000096f00000| Untracked 
| 368|0x0000000097000000, 0x0000000097000000, 0x0000000097100000|  0%| F|  |TAMS 0x0000000097000000, 0x0000000097000000| Untracked 
| 369|0x0000000097100000, 0x0000000097100000, 0x0000000097200000|  0%| F|  |TAMS 0x0000000097100000, 0x0000000097100000| Untracked 
| 370|0x0000000097200000, 0x0000000097200000, 0x0000000097300000|  0%| F|  |TAMS 0x0000000097200000, 0x0000000097200000| Untracked 
| 371|0x0000000097300000, 0x0000000097300000, 0x0000000097400000|  0%| F|  |TAMS 0x0000000097300000, 0x0000000097300000| Untracked 
| 372|0x0000000097400000, 0x0000000097400000, 0x0000000097500000|  0%| F|  |TAMS 0x0000000097400000, 0x0000000097400000| Untracked 
| 373|0x0000000097500000, 0x0000000097500000, 0x0000000097600000|  0%| F|  |TAMS 0x0000000097500000, 0x0000000097500000| Untracked 
| 374|0x0000000097600000, 0x0000000097600000, 0x0000000097700000|  0%| F|  |TAMS 0x0000000097600000, 0x0000000097600000| Untracked 
| 375|0x0000000097700000, 0x0000000097700000, 0x0000000097800000|  0%| F|  |TAMS 0x0000000097700000, 0x0000000097700000| Untracked 
| 376|0x0000000097800000, 0x0000000097800000, 0x0000000097900000|  0%| F|  |TAMS 0x0000000097800000, 0x0000000097800000| Untracked 
| 377|0x0000000097900000, 0x0000000097900000, 0x0000000097a00000|  0%| F|  |TAMS 0x0000000097900000, 0x0000000097900000| Untracked 
| 378|0x0000000097a00000, 0x0000000097a00000, 0x0000000097b00000|  0%| F|  |TAMS 0x0000000097a00000, 0x0000000097a00000| Untracked 
| 379|0x0000000097b00000, 0x0000000097b00000, 0x0000000097c00000|  0%| F|  |TAMS 0x0000000097b00000, 0x0000000097b00000| Untracked 
| 380|0x0000000097c00000, 0x0000000097c00000, 0x0000000097d00000|  0%| F|  |TAMS 0x0000000097c00000, 0x0000000097c00000| Untracked 
| 381|0x0000000097d00000, 0x0000000097d00000, 0x0000000097e00000|  0%| F|  |TAMS 0x0000000097d00000, 0x0000000097d00000| Untracked 
| 382|0x0000000097e00000, 0x0000000097e00000, 0x0000000097f00000|  0%| F|  |TAMS 0x0000000097e00000, 0x0000000097e00000| Untracked 
| 383|0x0000000097f00000, 0x0000000097f00000, 0x0000000098000000|  0%| F|  |TAMS 0x0000000097f00000, 0x0000000097f00000| Untracked 
| 384|0x0000000098000000, 0x0000000098000000, 0x0000000098100000|  0%| F|  |TAMS 0x0000000098000000, 0x0000000098000000| Untracked 
| 385|0x0000000098100000, 0x0000000098100000, 0x0000000098200000|  0%| F|  |TAMS 0x0000000098100000, 0x0000000098100000| Untracked 
| 386|0x0000000098200000, 0x0000000098200000, 0x0000000098300000|  0%| F|  |TAMS 0x0000000098200000, 0x0000000098200000| Untracked 
| 387|0x0000000098300000, 0x0000000098300000, 0x0000000098400000|  0%| F|  |TAMS 0x0000000098300000, 0x0000000098300000| Untracked 
| 388|0x0000000098400000, 0x0000000098400000, 0x0000000098500000|  0%| F|  |TAMS 0x0000000098400000, 0x0000000098400000| Untracked 
| 389|0x0000000098500000, 0x0000000098500000, 0x0000000098600000|  0%| F|  |TAMS 0x0000000098500000, 0x0000000098500000| Untracked 
| 390|0x0000000098600000, 0x0000000098600000, 0x0000000098700000|  0%| F|  |TAMS 0x0000000098600000, 0x0000000098600000| Untracked 
| 391|0x0000000098700000, 0x0000000098700000, 0x0000000098800000|  0%| F|  |TAMS 0x0000000098700000, 0x0000000098700000| Untracked 
| 392|0x0000000098800000, 0x0000000098800000, 0x0000000098900000|  0%| F|  |TAMS 0x0000000098800000, 0x0000000098800000| Untracked 
| 393|0x0000000098900000, 0x0000000098900000, 0x0000000098a00000|  0%| F|  |TAMS 0x0000000098900000, 0x0000000098900000| Untracked 
| 394|0x0000000098a00000, 0x0000000098a00000, 0x0000000098b00000|  0%| F|  |TAMS 0x0000000098a00000, 0x0000000098a00000| Untracked 
| 395|0x0000000098b00000, 0x0000000098b00000, 0x0000000098c00000|  0%| F|  |TAMS 0x0000000098b00000, 0x0000000098b00000| Untracked 
| 396|0x0000000098c00000, 0x0000000098c00000, 0x0000000098d00000|  0%| F|  |TAMS 0x0000000098c00000, 0x0000000098c00000| Untracked 
| 397|0x0000000098d00000, 0x0000000098d00000, 0x0000000098e00000|  0%| F|  |TAMS 0x0000000098d00000, 0x0000000098d00000| Untracked 
| 398|0x0000000098e00000, 0x0000000098e00000, 0x0000000098f00000|  0%| F|  |TAMS 0x0000000098e00000, 0x0000000098e00000| Untracked 
| 399|0x0000000098f00000, 0x0000000098f00000, 0x0000000099000000|  0%| F|  |TAMS 0x0000000098f00000, 0x0000000098f00000| Untracked 
| 400|0x0000000099000000, 0x0000000099000000, 0x0000000099100000|  0%| F|  |TAMS 0x0000000099000000, 0x0000000099000000| Untracked 

Card table byte_map: [0x0000017e74740000,0x0000017e74b40000] _byte_map_base: 0x0000017e74340000

Marking Bits (Prev, Next): (CMBitMap*) 0x0000017e6135f078, (CMBitMap*) 0x0000017e6135f0b0
 Prev Bits: [0x0000017e74f40000, 0x0000017e76f40000)
 Next Bits: [0x0000017e76f40000, 0x0000017e78f40000)

Polling page: 0x0000017e5f900000

Metaspace:

Usage:
  Non-class:     86.82 MB capacity,    85.17 MB ( 98%) used,     1.33 MB (  2%) free+waste,   331.88 KB ( <1%) overhead. 
      Class:     13.61 MB capacity,    12.64 MB ( 93%) used,   851.91 KB (  6%) free+waste,   145.94 KB (  1%) overhead. 
       Both:    100.44 MB capacity,    97.81 MB ( 97%) used,     2.16 MB (  2%) free+waste,   477.81 KB ( <1%) overhead. 

Virtual space:
  Non-class space:       88.00 MB reserved,      87.00 MB ( 99%) committed 
      Class space:        1.00 GB reserved,      13.70 MB (  1%) committed 
             Both:        1.09 GB reserved,     100.70 MB (  9%) committed 

Chunk freelists:
   Non-Class:  0 bytes
       Class:  0 bytes
        Both:  0 bytes

MaxMetaspaceSize: 17179869184.00 GB
CompressedClassSpaceSize: 1.00 GB

CodeHeap 'non-profiled nmethods': size=120064Kb used=10278Kb max_used=10278Kb free=109785Kb
 bounds [0x0000017e6c8d0000, 0x0000017e6d2e0000, 0x0000017e73e10000]
CodeHeap 'profiled nmethods': size=120000Kb used=36823Kb max_used=36823Kb free=83176Kb
 bounds [0x0000017e653a0000, 0x0000017e677a0000, 0x0000017e6c8d0000]
CodeHeap 'non-nmethods': size=5696Kb used=2306Kb max_used=2401Kb free=3390Kb
 bounds [0x0000017e64e10000, 0x0000017e65080000, 0x0000017e653a0000]
 total_blobs=16253 nmethods=15337 adapters=825
 compilation: enabled
              stopped_count=0, restarted_count=0
 full_count=0

Compilation events (20 events):
Event: 65.258 Thread 0x0000017e7be32800 15875       2       com.android.tools.r8.internal.FA::V0 (25 bytes)
Event: 65.259 Thread 0x0000017e7be32800 nmethod 15875 0x0000017e67789f10 code [0x0000017e6778a0c0, 0x0000017e6778a1f8]
Event: 65.307 Thread 0x0000017e7be32800 15877       1       com.android.tools.r8.graph.Q::K (2 bytes)
Event: 65.307 Thread 0x0000017e7be32800 nmethod 15877 0x0000017e6d2c9a10 code [0x0000017e6d2c9bc0, 0x0000017e6d2c9c78]
Event: 65.418 Thread 0x0000017e7be32800 15878       3       com.android.tools.r8.graph.X::R (106 bytes)
Event: 65.423 Thread 0x0000017e7be32800 nmethod 15878 0x0000017e6778a290 code [0x0000017e6778a860, 0x0000017e6778d6c8]
Event: 65.487 Thread 0x0000017e7be32800 15880       2       com.android.tools.r8.graph.G0::a (138 bytes)
Event: 65.488 Thread 0x0000017e7be32800 nmethod 15880 0x0000017e6778eb10 code [0x0000017e6778ed40, 0x0000017e6778f488]
Event: 65.500 Thread 0x0000017e7be32800 15882       1       com.android.tools.r8.internal.k5::y (2 bytes)
Event: 65.500 Thread 0x0000017e7be32800 nmethod 15882 0x0000017e6d2c9d10 code [0x0000017e6d2c9ec0, 0x0000017e6d2c9f78]
Event: 65.516 Thread 0x0000017e7be32800 15883       2       com.android.tools.r8.internal.C1::<init> (50 bytes)
Event: 65.516 Thread 0x0000017e7be32800 nmethod 15883 0x0000017e6778f890 code [0x0000017e6778fa40, 0x0000017e6778fc58]
Event: 65.517 Thread 0x0000017e7be32800 15884       2       com.android.tools.r8.internal.Kv::a (77 bytes)
Event: 65.518 Thread 0x0000017e7be32800 nmethod 15884 0x0000017e6778fd10 code [0x0000017e6778ff80, 0x0000017e67790528]
Event: 65.581 Thread 0x0000017e7be32800 15885       2       com.android.tools.r8.ir.regalloc.b::d (14 bytes)
Event: 65.582 Thread 0x0000017e7be32800 nmethod 15885 0x0000017e67790910 code [0x0000017e67790ac0, 0x0000017e67790c28]
Event: 65.608 Thread 0x0000017e7be32800 15886       3       com.android.tools.r8.internal.c9::a (485 bytes)
Event: 65.611 Thread 0x0000017e7be32800 nmethod 15886 0x0000017e67790d90 code [0x0000017e67791380, 0x0000017e67794ed8]
Event: 65.682 Thread 0x0000017e7be31800 nmethod 15849 0x0000017e6d2ca010 code [0x0000017e6d2ca8e0, 0x0000017e6d2d2fb8]
Event: 65.683 Thread 0x0000017e7be31800 15846       4       com.android.tools.r8.internal.Lv::a (270 bytes)

GC Heap History (20 events):
Event: 56.235 GC heap after
{Heap after GC invocations=41 (full 0):
 garbage-first heap   total 284672K, used 118618K [0x0000000080000000, 0x0000000100000000)
  region size 1024K, 8 young (8192K), 8 survivors (8192K)
 Metaspace       used 97735K, capacity 100162K, committed 100428K, reserved 1136640K
  class space    used 12647K, capacity 13550K, committed 13644K, reserved 1048576K
}
Event: 56.743 GC heap before
{Heap before GC invocations=41 (full 0):
 garbage-first heap   total 284672K, used 240474K [0x0000000080000000, 0x0000000100000000)
  region size 1024K, 127 young (130048K), 8 survivors (8192K)
 Metaspace       used 97754K, capacity 100174K, committed 100428K, reserved 1136640K
  class space    used 12649K, capacity 13554K, committed 13644K, reserved 1048576K
}
Event: 56.766 GC heap after
{Heap after GC invocations=42 (full 0):
 garbage-first heap   total 284672K, used 119454K [0x0000000080000000, 0x0000000100000000)
  region size 1024K, 9 young (9216K), 9 survivors (9216K)
 Metaspace       used 97754K, capacity 100174K, committed 100428K, reserved 1136640K
  class space    used 12649K, capacity 13554K, committed 13644K, reserved 1048576K
}
Event: 57.280 GC heap before
{Heap before GC invocations=42 (full 0):
 garbage-first heap   total 284672K, used 242334K [0x0000000080000000, 0x0000000100000000)
  region size 1024K, 129 young (132096K), 9 survivors (9216K)
 Metaspace       used 97784K, capacity 100240K, committed 100428K, reserved 1136640K
  class space    used 12649K, capacity 13554K, committed 13644K, reserved 1048576K
}
Event: 57.303 GC heap after
{Heap after GC invocations=43 (full 0):
 garbage-first heap   total 342016K, used 120721K [0x0000000080000000, 0x0000000100000000)
  region size 1024K, 10 young (10240K), 10 survivors (10240K)
 Metaspace       used 97784K, capacity 100240K, committed 100428K, reserved 1136640K
  class space    used 12649K, capacity 13554K, committed 13644K, reserved 1048576K
}
Event: 58.048 GC heap before
{Heap before GC invocations=43 (full 0):
 garbage-first heap   total 342016K, used 266129K [0x0000000080000000, 0x0000000100000000)
  region size 1024K, 152 young (155648K), 10 survivors (10240K)
 Metaspace       used 98063K, capacity 100521K, committed 100812K, reserved 1136640K
  class space    used 12688K, capacity 13604K, committed 13772K, reserved 1048576K
}
Event: 58.070 GC heap after
{Heap after GC invocations=44 (full 0):
 garbage-first heap   total 342016K, used 122605K [0x0000000080000000, 0x0000000100000000)
  region size 1024K, 11 young (11264K), 11 survivors (11264K)
 Metaspace       used 98063K, capacity 100521K, committed 100812K, reserved 1136640K
  class space    used 12688K, capacity 13604K, committed 13772K, reserved 1048576K
}
Event: 59.297 GC heap before
{Heap before GC invocations=44 (full 0):
 garbage-first heap   total 342016K, used 296685K [0x0000000080000000, 0x0000000100000000)
  region size 1024K, 180 young (184320K), 11 survivors (11264K)
 Metaspace       used 99127K, capacity 101728K, committed 101836K, reserved 1136640K
  class space    used 12815K, capacity 13764K, committed 13772K, reserved 1048576K
}
Event: 59.324 GC heap after
{Heap after GC invocations=45 (full 0):
 garbage-first heap   total 342016K, used 127230K [0x0000000080000000, 0x0000000100000000)
  region size 1024K, 14 young (14336K), 14 survivors (14336K)
 Metaspace       used 99127K, capacity 101728K, committed 101836K, reserved 1136640K
  class space    used 12815K, capacity 13764K, committed 13772K, reserved 1048576K
}
Event: 60.166 GC heap before
{Heap before GC invocations=45 (full 0):
 garbage-first heap   total 342016K, used 292094K [0x0000000080000000, 0x0000000100000000)
  region size 1024K, 175 young (179200K), 14 survivors (14336K)
 Metaspace       used 99379K, capacity 101959K, committed 102220K, reserved 1138688K
  class space    used 12848K, capacity 13810K, committed 13900K, reserved 1048576K
}
Event: 60.193 GC heap after
{Heap after GC invocations=46 (full 0):
 garbage-first heap   total 342016K, used 126280K [0x0000000080000000, 0x0000000100000000)
  region size 1024K, 12 young (12288K), 12 survivors (12288K)
 Metaspace       used 99379K, capacity 101959K, committed 102220K, reserved 1138688K
  class space    used 12848K, capacity 13810K, committed 13900K, reserved 1048576K
}
Event: 60.985 GC heap before
{Heap before GC invocations=46 (full 0):
 garbage-first heap   total 342016K, used 294216K [0x0000000080000000, 0x0000000100000000)
  region size 1024K, 176 young (180224K), 12 survivors (12288K)
 Metaspace       used 99655K, capacity 102293K, committed 102476K, reserved 1138688K
  class space    used 12888K, capacity 13856K, committed 13900K, reserved 1048576K
}
Event: 61.017 GC heap after
{Heap after GC invocations=47 (full 0):
 garbage-first heap   total 410624K, used 128840K [0x0000000080000000, 0x0000000100000000)
  region size 1024K, 15 young (15360K), 15 survivors (15360K)
 Metaspace       used 99655K, capacity 102293K, committed 102476K, reserved 1138688K
  class space    used 12888K, capacity 13856K, committed 13900K, reserved 1048576K
}
Event: 62.063 GC heap before
{Heap before GC invocations=47 (full 0):
 garbage-first heap   total 410624K, used 337736K [0x0000000080000000, 0x0000000100000000)
  region size 1024K, 219 young (224256K), 15 survivors (15360K)
 Metaspace       used 99746K, capacity 102377K, committed 102476K, reserved 1138688K
  class space    used 12889K, capacity 13857K, committed 13900K, reserved 1048576K
}
Event: 62.093 GC heap after
{Heap after GC invocations=48 (full 0):
 garbage-first heap   total 410624K, used 130376K [0x0000000080000000, 0x0000000100000000)
  region size 1024K, 16 young (16384K), 16 survivors (16384K)
 Metaspace       used 99746K, capacity 102377K, committed 102476K, reserved 1138688K
  class space    used 12889K, capacity 13857K, committed 13900K, reserved 1048576K
}
Event: 63.136 GC heap before
{Heap before GC invocations=48 (full 0):
 garbage-first heap   total 410624K, used 351560K [0x0000000080000000, 0x0000000100000000)
  region size 1024K, 232 young (237568K), 16 survivors (16384K)
 Metaspace       used 100034K, capacity 102743K, committed 102860K, reserved 1138688K
  class space    used 12941K, capacity 13938K, committed 14028K, reserved 1048576K
}
Event: 63.178 GC heap after
{Heap after GC invocations=49 (full 0):
 garbage-first heap   total 410624K, used 137342K [0x0000000080000000, 0x0000000100000000)
  region size 1024K, 23 young (23552K), 23 survivors (23552K)
 Metaspace       used 100034K, capacity 102743K, committed 102860K, reserved 1138688K
  class space    used 12941K, capacity 13938K, committed 14028K, reserved 1048576K
}
Event: 64.419 GC heap before
{Heap before GC invocations=49 (full 0):
 garbage-first heap   total 410624K, used 345214K [0x0000000080000000, 0x0000000100000000)
  region size 1024K, 224 young (229376K), 23 survivors (23552K)
 Metaspace       used 100152K, capacity 102843K, committed 103116K, reserved 1138688K
  class space    used 12942K, capacity 13940K, committed 14028K, reserved 1048576K
}
Event: 64.468 GC heap after
{Heap after GC invocations=50 (full 0):
 garbage-first heap   total 410624K, used 133369K [0x0000000080000000, 0x0000000100000000)
  region size 1024K, 12 young (12288K), 12 survivors (12288K)
 Metaspace       used 100152K, capacity 102843K, committed 103116K, reserved 1138688K
  class space    used 12942K, capacity 13940K, committed 14028K, reserved 1048576K
}
Event: 65.687 GC heap before
{Heap before GC invocations=50 (full 0):
 garbage-first heap   total 410624K, used 352505K [0x0000000080000000, 0x0000000100000000)
  region size 1024K, 226 young (231424K), 12 survivors (12288K)
 Metaspace       used 100158K, capacity 102849K, committed 103116K, reserved 1138688K
  class space    used 12943K, capacity 13941K, committed 14028K, reserved 1048576K
}

Deoptimization events (20 events):
Event: 65.481 Thread 0x0000017e7cec6000 DEOPT PACKING pc=0x0000017e6d0bc080 sp=0x00000046166f90f0
Event: 65.481 Thread 0x0000017e7cec6000 DEOPT UNPACKING pc=0x0000017e64e378af sp=0x00000046166f90a8 mode 2
Event: 65.481 Thread 0x0000017e7cec6000 Uncommon trap: trap_request=0xffffffc6 fr.pc=0x0000017e6d0bc080 relative=0x00000000000009c0
Event: 65.481 Thread 0x0000017e7cec6000 Uncommon trap: reason=bimorphic_or_optimized_type_check action=maybe_recompile pc=0x0000017e6d0bc080 method=com.android.tools.r8.graph.G0.a(II[Ljava/lang/Object;I[Ljava/lang/Object;)V @ 66 c2
Event: 65.481 Thread 0x0000017e7cec6000 DEOPT PACKING pc=0x0000017e6d0bc080 sp=0x00000046166f90f0
Event: 65.481 Thread 0x0000017e7cec6000 DEOPT UNPACKING pc=0x0000017e64e378af sp=0x00000046166f90a8 mode 2
Event: 65.559 Thread 0x0000017e01a99000 DEOPT PACKING pc=0x0000017e66c3d9cd sp=0x0000004616cf5c70
Event: 65.559 Thread 0x0000017e01a99000 DEOPT UNPACKING pc=0x0000017e64e376ce sp=0x0000004616cf53f8 mode 0
Event: 65.568 Thread 0x0000017e01a99000 Uncommon trap: trap_request=0xffffffde fr.pc=0x0000017e6d2a17d8 relative=0x0000000000005238
Event: 65.568 Thread 0x0000017e01a99000 Uncommon trap: reason=class_check action=maybe_recompile pc=0x0000017e6d2a17d8 method=com.android.tools.r8.internal.Fg.b2()Lcom/android/tools/r8/internal/UG; @ 4 c2
Event: 65.568 Thread 0x0000017e01a99000 DEOPT PACKING pc=0x0000017e6d2a17d8 sp=0x0000004616cf62f0
Event: 65.568 Thread 0x0000017e01a99000 DEOPT UNPACKING pc=0x0000017e64e378af sp=0x0000004616cf6228 mode 2
Event: 65.602 Thread 0x0000017e7cec6000 Uncommon trap: trap_request=0xffffff4d fr.pc=0x0000017e6d1cf1b8 relative=0x0000000000005d78
Event: 65.602 Thread 0x0000017e7cec6000 Uncommon trap: reason=unstable_if action=reinterpret pc=0x0000017e6d1cf1b8 method=com.android.tools.r8.internal.NG.a(Lcom/android/tools/r8/graph/e;Lcom/android/tools/r8/internal/Me;Ljava/util/function/Predicate;Ljava/util/Set;)Z @ 184 c2
Event: 65.602 Thread 0x0000017e7cec6000 DEOPT PACKING pc=0x0000017e6d1cf1b8 sp=0x00000046166f9ab0
Event: 65.602 Thread 0x0000017e7cec6000 DEOPT UNPACKING pc=0x0000017e64e378af sp=0x00000046166f9970 mode 2
Event: 65.642 Thread 0x0000017e01a99000 DEOPT PACKING pc=0x0000017e66f1c6b7 sp=0x0000004616cf6250
Event: 65.642 Thread 0x0000017e01a99000 DEOPT UNPACKING pc=0x0000017e64e376ce sp=0x0000004616cf5af0 mode 0
Event: 65.678 Thread 0x0000017e7cec6000 DEOPT PACKING pc=0x0000017e66c3d9cd sp=0x00000046166f9180
Event: 65.678 Thread 0x0000017e7cec6000 DEOPT UNPACKING pc=0x0000017e64e376ce sp=0x00000046166f8908 mode 0

Classes redefined (0 events):
No events

Internal exceptions (20 events):
Event: 58.123 Thread 0x0000017e7cec6000 Exception <a 'java/lang/NoSuchMethodError'{0x0000000094295648}: 'java.lang.Object java.lang.invoke.Invokers$Holder.linkToTargetMethod(java.lang.Object, int, java.lang.Object, java.lang.Object, java.lang.Object, java.lang.Object)'> (0x0000000094295648) thrown at [./src/hotspot/share/interpreter/linkResolver.cpp, line 773]
Event: 58.125 Thread 0x0000017e7cec6000 Exception <a 'java/lang/NoSuchMethodError'{0x0000000094299af8}: 'void java.lang.invoke.DirectMethodHandle$Holder.invokeSpecial(java.lang.Object, java.lang.Object, java.lang.Object, java.lang.Object, java.lang.Object, java.lang.Object, java.lang.Object, java.lang.Object, java.lang.Object)'> (0x0000000094299af8) thrown at [./src/hotspot/share/interpreter/linkResolver.cpp, line 773]
Event: 58.128 Thread 0x0000017e7cec6000 Exception <a 'java/lang/NoSuchMethodError'{0x00000000942b4848}: 'void java.lang.invoke.DirectMethodHandle$Holder.invokeStatic(java.lang.Object, java.lang.Object, java.lang.Object, java.lang.Object, java.lang.Object, java.lang.Object, java.lang.Object, java.lang.Object)'> (0x00000000942b4848) thrown at [./src/hotspot/share/interpreter/linkResolver.cpp, line 773]
Event: 58.513 Thread 0x0000017e7cec6000 Exception <a 'java/lang/IncompatibleClassChangeError'{0x0000000090558d90}: Found class java.lang.Object, but interface was expected> (0x0000000090558d90) thrown at [./src/hotspot/share/interpreter/linkResolver.cpp, line 839]
Event: 59.271 Thread 0x0000017e7cec6000 Exception <a 'java/lang/NoSuchMethodError'{0x000000008a256c48}: 'void java.lang.invoke.DirectMethodHandle$Holder.invokeVirtual(java.lang.Object, java.lang.Object, int)'> (0x000000008a256c48) thrown at [./src/hotspot/share/interpreter/linkResolver.cpp, line 773]
Event: 59.572 Thread 0x0000017e7cec6000 Exception <a 'sun/nio/fs/WindowsException'{0x00000000924a70e0}> (0x00000000924a70e0) thrown at [./src/hotspot/share/prims/jni.cpp, line 615]
Event: 60.241 Thread 0x0000017e7cec6000 Exception <a 'sun/nio/fs/WindowsException'{0x00000000940c6af0}> (0x00000000940c6af0) thrown at [./src/hotspot/share/prims/jni.cpp, line 615]
Event: 60.396 Thread 0x0000017e7cec8000 Exception <a 'java/lang/NoSuchMethodError'{0x0000000092bd2d90}: 'java.lang.Object java.lang.invoke.DirectMethodHandle$Holder.invokeSpecial(java.lang.Object, java.lang.Object, java.lang.Object, java.lang.Object, java.lang.Object, java.lang.Object, java.lang.Object, java.lang.Object, java.lang.Object, java.lang.Object, java.lang.Object)'> (0x0000000092bd2d90) thrown at [./src/hotspot/share/interpreter/linkResolver.cpp, line 773]
Event: 60.397 Thread 0x0000017e7cec8000 Exception <a 'java/lang/NoSuchMethodError'{0x0000000092bde640}: 'java.lang.Object java.lang.invoke.Invokers$Holder.linkToTargetMethod(java.lang.Object, java.lang.Object, java.lang.Object, java.lang.Object, java.lang.Object, java.lang.Object, java.lang.Object, java.lang.Object, java.lang.Object, java.lang.Object)'> (0x0000000092bde640) thrown at [./src/hotspot/share/interpreter/linkResolver.cpp, line 773]
Event: 60.414 Thread 0x0000017e7cec8000 Exception <a 'java/lang/IncompatibleClassChangeError'{0x0000000091fdd660}: Found class java.lang.Object, but interface was expected> (0x0000000091fdd660) thrown at [./src/hotspot/share/interpreter/linkResolver.cpp, line 839]
Event: 61.214 Thread 0x0000017e7cec6000 Exception <a 'sun/nio/fs/WindowsException'{0x0000000096daf470}> (0x0000000096daf470) thrown at [./src/hotspot/share/prims/jni.cpp, line 615]
Event: 61.291 Thread 0x0000017e7cec6000 Exception <a 'sun/nio/fs/WindowsException'{0x00000000960ade50}> (0x00000000960ade50) thrown at [./src/hotspot/share/prims/jni.cpp, line 615]
Event: 61.475 Thread 0x0000017e7cec6000 Implicit null exception at 0x0000017e6d2327e7 to 0x0000017e6d2332c0
Event: 61.488 Thread 0x0000017e7cec6000 Exception <a 'sun/nio/fs/WindowsException'{0x00000000941a0c28}> (0x00000000941a0c28) thrown at [./src/hotspot/share/prims/jni.cpp, line 615]
Event: 61.680 Thread 0x0000017e7cec6000 Exception <a 'sun/nio/fs/WindowsException'{0x0000000091bc5020}> (0x0000000091bc5020) thrown at [./src/hotspot/share/prims/jni.cpp, line 615]
Event: 62.127 Thread 0x0000017e7cec6000 Exception <a 'sun/nio/fs/WindowsException'{0x00000000985051b8}> (0x00000000985051b8) thrown at [./src/hotspot/share/prims/jni.cpp, line 615]
Event: 62.307 Thread 0x0000017e7cec6000 Exception <a 'sun/nio/fs/WindowsException'{0x0000000095f18888}> (0x0000000095f18888) thrown at [./src/hotspot/share/prims/jni.cpp, line 615]
Event: 62.685 Thread 0x0000017e7cec8000 Implicit null exception at 0x0000017e6cf890ef to 0x0000017e6cf8922c
Event: 63.385 Thread 0x0000017e7cec8000 Exception <a 'sun/nio/fs/WindowsException'{0x0000000096e847b0}> (0x0000000096e847b0) thrown at [./src/hotspot/share/prims/jni.cpp, line 615]
Event: 63.830 Thread 0x0000017e7cecc800 Exception <a 'sun/nio/fs/WindowsException'{0x0000000093099890}> (0x0000000093099890) thrown at [./src/hotspot/share/prims/jni.cpp, line 615]

Events (20 events):
Event: 62.879 loading class com/android/tools/r8/graph/d0 done
Event: 62.879 loading class com/android/tools/r8/graph/S0
Event: 62.879 loading class com/android/tools/r8/graph/S0 done
Event: 63.028 loading class com/android/tools/r8/internal/X$i$a
Event: 63.028 loading class com/android/tools/r8/internal/X$i$a done
Event: 63.135 Executing VM operation: G1CollectForAllocation
Event: 63.178 Executing VM operation: G1CollectForAllocation done
Event: 63.786 loading class com/android/tools/r8/internal/Lv
Event: 63.786 loading class com/android/tools/r8/internal/Lv done
Event: 63.792 Executing VM operation: ICBufferFull
Event: 63.792 Executing VM operation: ICBufferFull done
Event: 64.002 loading class com/android/tools/r8/internal/NG
Event: 64.002 loading class com/android/tools/r8/internal/NG done
Event: 64.002 loading class com/android/tools/r8/internal/Fg
Event: 64.002 loading class com/android/tools/r8/internal/Fg done
Event: 64.002 loading class com/android/tools/r8/internal/NG
Event: 64.002 loading class com/android/tools/r8/internal/NG done
Event: 64.418 Executing VM operation: G1CollectForAllocation
Event: 64.468 Executing VM operation: G1CollectForAllocation done
Event: 65.687 Executing VM operation: G1CollectForAllocation


Dynamic libraries:
0x00007ff6e1660000 - 0x00007ff6e166a000 	C:\Program Files\Android\Android Studio1\jre\bin\java.exe
0x00007ffedf4b0000 - 0x00007ffedf6a5000 	C:\Windows\SYSTEM32\ntdll.dll
0x00007ffedec80000 - 0x00007ffeded3e000 	C:\Windows\System32\KERNEL32.DLL
0x00007ffedd230000 - 0x00007ffedd4f9000 	C:\Windows\System32\KERNELBASE.dll
0x00007ffedcd10000 - 0x00007ffedce10000 	C:\Windows\System32\ucrtbase.dll
0x00007ffed86a0000 - 0x00007ffed86b9000 	C:\Program Files\Android\Android Studio1\jre\bin\jli.dll
0x00007ffedf2c0000 - 0x00007ffedf461000 	C:\Windows\System32\USER32.dll
0x00007ffedcfb0000 - 0x00007ffedcfd2000 	C:\Windows\System32\win32u.dll
0x00007ffedd500000 - 0x00007ffedd52b000 	C:\Windows\System32\GDI32.dll
0x00007ffedcea0000 - 0x00007ffedcfab000 	C:\Windows\System32\gdi32full.dll
0x00007ffedcfe0000 - 0x00007ffedd07d000 	C:\Windows\System32\msvcp_win.dll
0x00007ffec7390000 - 0x00007ffec762a000 	C:\Windows\WinSxS\amd64_microsoft.windows.common-controls_6595b64144ccf1df_6.0.19041.1110_none_60b5254171f9507e\COMCTL32.dll
0x00007ffededa0000 - 0x00007ffedee3e000 	C:\Windows\System32\msvcrt.dll
0x00007ffed62c0000 - 0x00007ffed62d7000 	C:\Program Files\Android\Android Studio1\jre\bin\VCRUNTIME140.dll
0x00007ffedde00000 - 0x00007ffedde30000 	C:\Windows\System32\IMM32.DLL
0x00007ffebda50000 - 0x00007ffebdaed000 	C:\Program Files\Android\Android Studio1\jre\bin\msvcp140.dll
0x00007ffea4480000 - 0x00007ffea4f4f000 	C:\Program Files\Android\Android Studio1\jre\bin\server\jvm.dll
0x00007ffede710000 - 0x00007ffede7bc000 	C:\Windows\System32\ADVAPI32.dll
0x00007ffede670000 - 0x00007ffede70b000 	C:\Windows\System32\sechost.dll
0x00007ffeddcd0000 - 0x00007ffedddfa000 	C:\Windows\System32\RPCRT4.dll
0x00007ffedd530000 - 0x00007ffedd538000 	C:\Windows\System32\PSAPI.DLL
0x00007ffed5790000 - 0x00007ffed5799000 	C:\Windows\SYSTEM32\WSOCK32.dll
0x00007ffedd540000 - 0x00007ffedd5ab000 	C:\Windows\System32\WS2_32.dll
0x00007ffec93a0000 - 0x00007ffec93c7000 	C:\Windows\SYSTEM32\WINMM.dll
0x00007ffed7070000 - 0x00007ffed707a000 	C:\Windows\SYSTEM32\VERSION.dll
0x00007ffedaad0000 - 0x00007ffedaae2000 	C:\Windows\SYSTEM32\kernel.appcore.dll
0x00007ffed8640000 - 0x00007ffed8651000 	C:\Program Files\Android\Android Studio1\jre\bin\verify.dll
0x00007ffecb4c0000 - 0x00007ffecb6a4000 	C:\Windows\SYSTEM32\DBGHELP.DLL
0x00007ffecb360000 - 0x00007ffecb38c000 	C:\Windows\SYSTEM32\dbgcore.DLL
0x00007ffedcc80000 - 0x00007ffedcd03000 	C:\Windows\System32\bcryptPrimitives.dll
0x00007ffed67d0000 - 0x00007ffed67f9000 	C:\Program Files\Android\Android Studio1\jre\bin\java.dll
0x00007ffed86d0000 - 0x00007ffed86db000 	C:\Program Files\Android\Android Studio1\jre\bin\jimage.dll
0x00007ffed7f30000 - 0x00007ffed7f48000 	C:\Program Files\Android\Android Studio1\jre\bin\zip.dll
0x00007ffeddf20000 - 0x00007ffede65f000 	C:\Windows\System32\SHELL32.dll
0x00007ffedacd0000 - 0x00007ffedb460000 	C:\Windows\SYSTEM32\windows.storage.dll
0x00007ffedd900000 - 0x00007ffeddc55000 	C:\Windows\System32\combase.dll
0x00007ffedc550000 - 0x00007ffedc57c000 	C:\Windows\SYSTEM32\Wldp.dll
0x00007ffedebd0000 - 0x00007ffedec7d000 	C:\Windows\System32\SHCORE.dll
0x00007ffeded40000 - 0x00007ffeded95000 	C:\Windows\System32\shlwapi.dll
0x00007ffedcb10000 - 0x00007ffedcb2f000 	C:\Windows\SYSTEM32\profapi.dll
0x00007ffed6790000 - 0x00007ffed67aa000 	C:\Program Files\Android\Android Studio1\jre\bin\net.dll
0x00007ffed57f0000 - 0x00007ffed58f8000 	C:\Windows\SYSTEM32\WINHTTP.dll
0x00007ffedc2b0000 - 0x00007ffedc31a000 	C:\Windows\system32\mswsock.dll
0x00007ffed6590000 - 0x00007ffed65a4000 	C:\Program Files\Android\Android Studio1\jre\bin\nio.dll
0x00007ffed66e0000 - 0x00007ffed6707000 	C:\Users\qinsh\.gradle\native\8bec1ad78214c89d9ad589b4d07fe93259594b29d510b10fafb7a158f7737e5d\windows-amd64\native-platform.dll
0x00007ffec9ac0000 - 0x00007ffec9bfd000 	C:\Users\qinsh\.gradle\native\53dbd7edfb1c66fb8903c78663c9afc45aea4f116125fa6feffd364cf09443e8\windows-amd64\native-platform-file-events.dll
0x00007ffed8630000 - 0x00007ffed863a000 	C:\Program Files\Android\Android Studio1\jre\bin\management.dll
0x00007ffed82c0000 - 0x00007ffed82cc000 	C:\Program Files\Android\Android Studio1\jre\bin\management_ext.dll
0x00007ffedc4a0000 - 0x00007ffedc4b8000 	C:\Windows\SYSTEM32\CRYPTSP.dll
0x00007ffedbc30000 - 0x00007ffedbc64000 	C:\Windows\system32\rsaenh.dll
0x00007ffedce10000 - 0x00007ffedce37000 	C:\Windows\System32\bcrypt.dll
0x00007ffedcad0000 - 0x00007ffedcafe000 	C:\Windows\SYSTEM32\USERENV.dll
0x00007ffedc4c0000 - 0x00007ffedc4cc000 	C:\Windows\SYSTEM32\CRYPTBASE.dll
0x00007ffedbfa0000 - 0x00007ffedbfdb000 	C:\Windows\SYSTEM32\IPHLPAPI.DLL
0x00007ffede660000 - 0x00007ffede668000 	C:\Windows\System32\NSI.dll
0x00007ffed3b20000 - 0x00007ffed3b37000 	C:\Windows\SYSTEM32\dhcpcsvc6.DLL
0x00007ffed5240000 - 0x00007ffed525d000 	C:\Windows\SYSTEM32\dhcpcsvc.DLL
0x00007ffedbfe0000 - 0x00007ffedc0ac000 	C:\Windows\SYSTEM32\DNSAPI.dll

dbghelp: loaded successfully - version: 4.0.5 - missing functions: none
symbol engine: initialized successfully - sym options: 0x614 - pdb path: .;C:\Program Files\Android\Android Studio1\jre\bin;C:\Windows\SYSTEM32;C:\Windows\WinSxS\amd64_microsoft.windows.common-controls_6595b64144ccf1df_6.0.19041.1110_none_60b5254171f9507e;C:\Program Files\Android\Android Studio1\jre\bin\server;C:\Users\qinsh\.gradle\native\8bec1ad78214c89d9ad589b4d07fe93259594b29d510b10fafb7a158f7737e5d\windows-amd64;C:\Users\qinsh\.gradle\native\53dbd7edfb1c66fb8903c78663c9afc45aea4f116125fa6feffd364cf09443e8\windows-amd64

VM Arguments:
jvm_args: --add-opens=java.base/java.util=ALL-UNNAMED --add-opens=java.base/java.lang=ALL-UNNAMED --add-opens=java.base/java.lang.invoke=ALL-UNNAMED --add-opens=java.base/java.util=ALL-UNNAMED --add-opens=java.prefs/java.util.prefs=ALL-UNNAMED --add-opens=java.prefs/java.util.prefs=ALL-UNNAMED --add-opens=java.base/java.nio.charset=ALL-UNNAMED --add-opens=java.base/java.net=ALL-UNNAMED --add-opens=java.base/java.util.concurrent.atomic=ALL-UNNAMED -Xmx2048m -Dfile.encoding=UTF-8 -Duser.country=CN -Duser.language=zh -Duser.variant 
java_command: org.gradle.launcher.daemon.bootstrap.GradleDaemon 7.0.2
java_class_path (initial): C:\Users\qinsh\.gradle\wrapper\dists\gradle-7.0.2-bin\857tjihv64xamwrf0h14cai3r\gradle-7.0.2\lib\gradle-launcher-7.0.2.jar
Launcher Type: SUN_STANDARD

[Global flags]
     intx CICompilerCount                          = 3                                         {product} {ergonomic}
     uint ConcGCThreads                            = 1                                         {product} {ergonomic}
     uint G1ConcRefinementThreads                  = 4                                         {product} {ergonomic}
   size_t G1HeapRegionSize                         = 1048576                                   {product} {ergonomic}
    uintx GCDrainStackTargetSize                   = 64                                        {product} {ergonomic}
   size_t InitialHeapSize                          = 201326592                                 {product} {ergonomic}
   size_t MarkStackSize                            = 4194304                                   {product} {ergonomic}
   size_t MaxHeapSize                              = 2147483648                                {product} {command line}
   size_t MaxNewSize                               = 1287651328                                {product} {ergonomic}
   size_t MinHeapDeltaBytes                        = 1048576                                   {product} {ergonomic}
    uintx NonNMethodCodeHeapSize                   = 5830732                                {pd product} {ergonomic}
    uintx NonProfiledCodeHeapSize                  = 122913754                              {pd product} {ergonomic}
    uintx ProfiledCodeHeapSize                     = 122913754                              {pd product} {ergonomic}
    uintx ReservedCodeCacheSize                    = 251658240                              {pd product} {ergonomic}
     bool SegmentedCodeCache                       = true                                      {product} {ergonomic}
     bool UseCompressedClassPointers               = true                                 {lp64_product} {ergonomic}
     bool UseCompressedOops                        = true                                 {lp64_product} {ergonomic}
     bool UseG1GC                                  = true                                      {product} {ergonomic}
     bool UseLargePagesIndividualAllocation        = false                                  {pd product} {ergonomic}

Logging:
Log output configuration:
 #0: stdout all=warning uptime,level,tags
 #1: stderr all=off uptime,level,tags

Environment Variables:
JAVA_HOME=C:\Program Files\AdoptOpenJDK\jdk-11.0.11.9-hotspot\
PATH=C:\Python39\Scripts\;C:\Python39\;C:\Program Files\AdoptOpenJDK\jdk-11.0.11.9-hotspot\bin;C:\Windows\system32;C:\Windows;C:\Windows\System32\Wbem;C:\Windows\System32\WindowsPowerShell\v1.0\;C:\Windows\System32\OpenSSH\;C:\Program Files\nodejs\;C:\ProgramData\chocolatey\bin;C:\Program Files\Git\cmd;C:\Users\qinsh\AppData\Local\Microsoft\WindowsApps;C:\Users\qinsh\AppData\Local\Programs\Microsoft VS Code\bin;C:\Program Files\JetBrains\CLion 2021.2.2\bin;;C:\go-bin;C:\Program Files\AdoptOpenJDK\jdk-11.0.11.9-hotspot\\bin;C:\Users\qinsh\AppData\Roaming\npm;C:\Program Files\JetBrains\IntelliJ IDEA 2021.2.2\bin;;C:\Users\qinsh\AppData\Local\GitHubDesktop\bin
USERNAME=Lillian
OS=Windows_NT
PROCESSOR_IDENTIFIER=Intel64 Family 6 Model 142 Stepping 9, GenuineIntel



---------------  S Y S T E M  ---------------

OS: Windows 10 , 64 bit Build 19041 (10.0.19041.1202)
OS uptime: 1 days 14:42 hours

CPU:total 4 (initial active 4) (2 cores per cpu, 2 threads per core) family 6 model 142 stepping 9 microcode 0xb4, cmov, cx8, fxsr, mmx, sse, sse2, sse3, ssse3, sse4.1, sse4.2, popcnt, avx, avx2, aes, clmul, erms, 3dnowpref, lzcnt, ht, tsc, tscinvbit, bmi1, bmi2, adx, fma

Memory: 4k page, system-wide physical 12188M (1027M free)
TotalPageFile size 16284M (AvailPageFile size 13M)
current process WorkingSet (physical memory assigned to process): 761M, peak: 767M
current process commit charge ("private bytes"): 806M, peak: 875M

vm_info: OpenJDK 64-Bit Server VM (11.0.10+0-b96-7249189) for windows-amd64 JRE (11.0.10+0-b96-7249189), built on Mar 31 2021 21:44:00 by "builder" with MS VC++ 14.0 (VS2015)

END.
